Started by user [8mha:////4FHCZrbY86kmrO38llJbrl1wMls+PgNYdWOxp5kWtJotAAAAlx+LCAAAAAAAAP9b85aBtbiIQTGjNKU4P08vOT+vOD8nVc83PyU1x6OyILUoJzMv2y+/JJUBAhiZGBgqihhk0NSjKDWzXb3RdlLBUSYGJk8GtpzUvPSSDB8G5tKinBIGIZ+sxLJE/ZzEvHT94JKizLx0a6BxUmjGOUNodHsLgAzWEgZu/dLi1CL9xJTczDwAj6GcLcAAAAA=[0madmin
Obtained Jenkinsfile from git https://github.com/clecioantao/tasks-backend
Running in Durability level: MAX_SURVIVABILITY
[8mha:////4FIi0vARMWq4thxcAu7u+9V+di8l3irVaPtaPZNJ6oBQAAAAoh+LCAAAAAAAAP9tjTEOwjAQBM8BClpKHuFItIiK1krDC0x8GCfWnbEdkooX8TX+gCESFVvtrLSa5wtWKcKBo5UdUu8otU4GP9jS5Mixv3geZcdn2TIl9igbHBs2eJyx4YwwR1SwULBGaj0nRzbDRnX6rmuvydanHMu2V1A5c4MHCFXMWcf8hSnC9jqYxPTz/BXAFEIGsfuclm8zQVqFvQAAAA==[0m[Pipeline] Start of Pipeline
[8mha:////4Dp+Bq10PHNjom0B7Rbn83ULBpDSDE4kmt4JZAEowAgzAAAApR+LCAAAAAAAAP9tjTEOwjAUQ3+KOrAycohUghExsUZZOEFIQkgb/d8mKe3EibgadyBQiQlLlmxL1nu+oE4RjhQdby12HpP2vA+jK4lPFLtroIm3dOGaMFGwXNpJkrGnpUrKFhaxClYC1hZ1oOTRZdiIVt1VExS65pxj2Q4CKm8GeAAThZxVzN8yR9jeRpMIf5y/AJj7DGxXvP/86jduZBmjwAAAAA==[0m[Pipeline] node
Running on [8mha:////4J3a+c7s4AqI9c3lbFda1dGXC5z1DseVErO8HENUU1RwAAAAnh+LCAAAAAAAAP9b85aBtbiIQTGjNKU4P08vOT+vOD8nVc83PyU1x6OyILUoJzMv2y+/JJUBAhiZGBgqihhk0NSjKDWzXb3RdlLBUSYGJk8GtpzUvPSSDB8G5tKinBIGIZ+sxLJE/ZzEvHT94JKizLx0a6BxUmjGOUNodHsLgAz2EgZh/eT83ILSktQifY3cxGIgrakPAHib2iPIAAAA[0mJenkins in /var/lib/jenkins/workspace/TestandoPipeline@2
[8mha:////4ODTSXulxgxGEWZyaq0+UC0qFh2ccwNjnJT9rDCAui8NAAAApR+LCAAAAAAAAP9tjTEOwjAUQ3+KOrAycoh0gA0xsUZZOEFIQkgb/d8mKe3EibgadyBQiQlLlmxL1nu+oE4RjhQdby12HpP2vA+jK4lPFLtroIm3dOGaMFGwXNpJkrGnpUrKFhaxClYC1hZ1oOTRZdiIVt1VExS65pxj2Q4CKm8GeAAThZxVzN8yR9jeRpMIf5y/AJj7DGxXvP/86jfoP95RwAAAAA==[0m[Pipeline] {
[8mha:////4GAMZ0oivqpAduGVHZ8cIaLSJGmQPwVAjZitzuwarfBKAAAApR+LCAAAAAAAAP9tjTEOwjAUQ3+KOrAycoh0gQkxsUZZOEFIQkgb/d8mKe3EibgadyBQiQlLlmxL1nu+oE4RjhQdby12HpP2vA+jK4lPFLtroIm3dOGaMFGwXNpJkrGnpUrKFhaxClYC1hZ1oOTRZdiIVt1VExS65pxj2Q4CKm8GeAAThZxVzN8yR9jeRpMIf5y/AJj7DGxXvP/86jc09154wAAAAA==[0m[Pipeline] stage
[8mha:////4GtBUYrsmMPEC4v9MbyHlEMTUn15NgDW2XwRHURMraeyAAAApR+LCAAAAAAAAP9tjTEOwjAUQ3+KOrAycoh0ggUxsUZZOEFIQkgb/d8mKe3EibgadyBQiQlLlmxL1nu+oE4RjhQdby12HpP2vA+jK4lPFLtroIm3dOGaMFGwXNpJkrGnpUrKFhaxClYC1hZ1oOTRZdiIVt1VExS65pxj2Q4CKm8GeAAThZxVzN8yR9jeRpMIf5y/AJj7DGxXvP/86jek7ggRwAAAAA==[0m[Pipeline] { (Declarative: Checkout SCM)
[8mha:////4LUJrYACHwIlRHrsUt64irKaiQjoQJAAMb5Tl5GdWtkMAAAAoh+LCAAAAAAAAP9tjTEOAiEURD9rLGwtPQTbaWGsbAmNJ0AWEZb8zwLrbuWJvJp3kLiJlZNMMm+a93rDOic4UbLcG+wdZu14DKOti0+U+lugiXu6ck2YKRguzSSpM+cFJRUDS1gDKwEbgzpQdmgLbIVXD9UGhba9lFS/o4DGdQM8gYlqLiqVL8wJdvexy4Q/z18BzLEA29ce4gfg7KmOvAAAAA==[0m[Pipeline] checkout
No credentials specified
 > git rev-parse --is-inside-work-tree # timeout=10
Fetching changes from the remote Git repository
 > git config remote.origin.url https://github.com/clecioantao/tasks-backend # timeout=10
Fetching upstream changes from https://github.com/clecioantao/tasks-backend
 > git --version # timeout=10
 > git fetch --tags --progress -- https://github.com/clecioantao/tasks-backend +refs/heads/*:refs/remotes/origin/* # timeout=10
 > git rev-parse refs/remotes/origin/master^{commit} # timeout=10
 > git rev-parse refs/remotes/origin/origin/master^{commit} # timeout=10
Checking out Revision 0ff5f87b4be2d72c212f90988b817b28b0c23365 (refs/remotes/origin/master)
 > git config core.sparsecheckout # timeout=10
 > git checkout -f 0ff5f87b4be2d72c212f90988b817b28b0c23365 # timeout=10
Commit message: "Estrutura de ProduÃ§Ã£o"
 > git rev-list --no-walk 0ff5f87b4be2d72c212f90988b817b28b0c23365 # timeout=10
[8mha:////4DolxGB1swp+wVnmHtPzv6C7YCA7b/Acsy9FgdFWqKg6AAAAoh+LCAAAAAAAAP9tjTEOAiEURD9rLGwtPQTbGRNjZUtoPAGyiLDkfxZYdytP5NW8g8RNrJxkknnTvNcb1jnBiZLl3mDvMGvHYxhtXXyi1N8CTdzTlWvCTMFwaSZJnTkvKKkYWMIaWAnYGNSBskNbYCu8eqg2KLTtpaT6HQU0rhvgCUxUc1GpfGFOsLuPXSb8ef4KYI6xADvU7j9Dg2gqvAAAAA==[0m[Pipeline] }
[8mha:////4LYzVBMrdpX7c/gp1uH1LwVCkY/r878h77K8Gn/zLGQ2AAAAoh+LCAAAAAAAAP9tjTEOAiEURD9rLGwtPQRbWRhjZUtoPAGyiLDkfxZYdytP5NW8g8RNrJxkknnTvNcb1jnBiZLl3mDvMGvHYxhtXXyi1N8CTdzTlWvCTMFwaSZJnTkvKKkYWMIaWAnYGNSBskNbYCu8eqg2KLTtpaT6HQU0rhvgCUxUc1GpfGFOsLuPXSb8ef4KYI6xADvU7j9J+wGOvAAAAA==[0m[Pipeline] // stage
[8mha:////4Lt2F6hkff59lPIU4WwdYMZ25RSOSQUC+BnuO6fYVihpAAAAph+LCAAAAAAAAP9tjTEOwjAQBM9BKWgpeYQDEh2iorXc8AITG+PEugv2haTiRXyNPxCIRMVWOyut5vmCMic4UPKycdgGzHWQXez91ORAqb1EGmRDZ1kTZopOajdosu44oyZ2MEcUsFCwdFhHygE9w0o15m6qaNBXJ07TtldQBHuDBwg1mdkk/sKYYH3tbSb8ef4KYOwYxI6h2G4+x/INtuQqUcEAAAA=[0m[Pipeline] withEnv
[8mha:////4AUnTvm/kj92fCGdxUDGfQxHjPXUea6e2jwrA2fgGq+kAAAApR+LCAAAAAAAAP9tjTEOwjAUQ3+DOrAycoiUzoiJNerCCUITQtLo/zZJSSdOxNW4Ay2VmPBg2Zas93pDGQOcKBjuNHYWY2t570czJ54pdDdPmTu68pYwkte80bkhpc9rbShpWFUw2AjYamw9RYsmwU44+ZCVl2iqSwrzdhTArBrgCYWYyUmG9C1TgP19VJHwx/kLgKlPwOrDYvXyLD8BobDcwgAAAA==[0m[Pipeline] {
[8mha:////4MXBH1OWJwpYc+emQQzVdcP5nANPJ9+lyoXGHBtgcCwfAAAAph+LCAAAAAAAAP9tjTEOwjAUQ3+LOrAycohUZUVMrFEWThCaEJJG/7dJSjpxIq7GHWipxIQHy7ZkvdcbqhjgRMEwp7GzGFvLej+aObFMobt5yszRlbWEkbxmQmdBSp/XKihpWFWUsOGw1dh6ihZNgh138iFrL9HUlxTm7cihtGqAJxR8JicZ0rdMAfb3UUXCH+cvAKY+Qdk0ix2WZ/UBbwyqm8IAAAA=[0m[Pipeline] stage
[8mha:////4MyOI5fotGcho4M5QN8POJPpfSejtQlNNLAAczwVF+b3AAAAph+LCAAAAAAAAP9tjTEOwjAUQ3+LOrAycohUwIiYukZZOEFoQkgb/V9+UtqJE3E17kBLJSY8WLYl673eUESGE7ETjcXWY6y96ELvpiQG4vYaaBANXURNGClYoeygyNhqqYqShUVZDisJa4t1oOjRJdjIRj90GTS68px42o4Scm/u8IRMTuSkOX3LyLC99SYS/jh/ATB2CfLdfrbD/Cw+y7kUycIAAAA=[0m[Pipeline] { (Declarative: Tool Install)
[8mha:////4DxzQUEdHRPTpaFllEM6xxT7eyjj/ukR9vJwGpMrex60AAAApB+LCAAAAAAAAP9tjTEOwjAQBC9BFLSUPOIiBB2iSmu54QUmNsaJdWdsh6TiRXyNPxCIRMUWq51t5vmCZYpw5GixNdQ5So3D4Hs7LRw4dhfPA7Z8xoYpsTcozSBZm3pGydnAnKKEhYCVocZzcmQzrEWr7qryimx1ynH6DgJKp2/wgEJM5qxi/sIYYXPtdWL6ef4KYAwZyu3uU/vwBgq0rvS+AAAA[0m[Pipeline] tool
[8mha:////4MU7l2Quel4qXDDHKURdTOZdScLOzcgEcbAPCFCHbYtgAAAApB+LCAAAAAAAAP9tjTEOwjAQBC9BFLSUPOIihKgQVVrLDS8wsTFOrDtjOyQVL+Jr/IFAJCq2WO1sM88XLFOEI0eLraHOUWocBt/baeHAsbt4HrDlMzZMib1BaQbJ2tQzSs4G5hQlLASsDDWekyObYS1adVeVV2SrU47TdxBQOn2DBxRiMmcV8xfGCJtrrxPTz/NXAGPIUG53n9qHN0uFte2+AAAA[0m[Pipeline] envVarsForTool
[8mha:////4EKPeYVb+GjB7wxSkdfVT8NkGNGDD31FTRvoRr8ElJxPAAAApR+LCAAAAAAAAP9tjTEOwjAQBC9BFLSUPOIihESDqNJabniBiY1xYt0Z2yGpeBFf4w8EIlGxxWpnm3m+YJkiHDlabA11jlLjMPjeTgsHjt3F84Atn7FhSuwNSjNI1qaeUXI2MKcoYSFgZajxnBzZDGvRqruqvCJbnXKcvoOA0ukbPKAQkzmrmL8wRthce52Yfp6/AhhDyFBu95/avQEeFbpZvgAAAA==[0m[Pipeline] }
[8mha:////4BxMp0ZQ26HJyPUM5klYMXOGYzMnLfcfSuqRDf3xE4y2AAAApB+LCAAAAAAAAP9tjTEOwjAQBC9BFLSUPOIiaCgQVVrLDS8wsTFOrDtjOyQVL+Jr/IFAJCq2WO1sM88XLFOEI0eLraHOUWocBt/baeHAsbt4HrDlMzZMib1BaQbJ2tQzSs4G5hQlLASsDDWekyObYS1adVeVV2SrU47TdxBQOn2DBxRiMmcV8xfGCJtrrxPTz/NXAGMIGcrt/lO7Ny324eW+AAAA[0m[Pipeline] // stage
[8mha:////4Lq0eBEy6TB3x8lAX0/d4bI8uP4M/qUbFDti0Er043W5AAAApx+LCAAAAAAAAP9tjTEOwjAUQ3+LOrAycohU3ZAQE2uUhROEJoSk0f9tkpJOnIircQdaKjHhwbItWe/1hioGOFEwzGnsLMbWst6PZk4sU+hunjJzdGUtYSSvmdBZkNLntQpKGlYVJWw4bDW2nqJFk2DHnXzI2ks09SWFeTtyKK0a4AkFn8lJhvQtU4D9fVSR8Mf5C4CpT1A2zWKH5Vl9AAkvMTrCAAAA[0m[Pipeline] withEnv
[8mha:////4IjK4TWXWM0zCV6LpcfKhA43N6kVjNEHl8Cy0R0UJCXeAAAApx+LCAAAAAAAAP9tjTEOwjAUQ3+LOrAycohUbCDE1DXKwglCE0La6P/yk9JOnIircQdaKjHhwbItWe/1hiIynIidaCy2HmPtRRd6NyUxELfXQINo6CJqwkjBCmUHRcZWS1WULCzKclhJWFusA0WPLsFGNvqhy6DRlefE03aUkHtzhydkciInzelbRobtrTeR8Mf5C4CxS5Dv9rMd5mfxASnCIIrCAAAA[0m[Pipeline] {
[8mha:////4D5NdkwgKVXeq1t9wT/EkhXpWNvhn69e9+BUw8boTqUTAAAApx+LCAAAAAAAAP9tjTEOwjAUQ3+LOrAycogU2BDqxBp14QShCSFp9H9JUtKJE3E17kCgEhMeLNuS9Z4vqIKHhrxmVmFvMHSGDW7UObFEvr84SszSmXWEgZxirUotSXWca0tRwayihAWHpcLOUTCoI6y4FXdRO4G6PkWftwOH0sgbPKDgmRyFj98yeVhfRxkIf5y/AJiGCOV2n223+TyrN7xWSV3CAAAA[0m[Pipeline] stage
[8mha:////4AnIPukIXzQ3i8gR+LQkfhC5CXnz4PDt648R3NajglvIAAAAph+LCAAAAAAAAP9tjTEOwjAUQ3+LOrAycogUWBFT1ygLJwhNCGmj/8tPSjtxIq7GHWipxIQHy7ZkvdcbishwInaisdh6jLUXXejdlMRA3F4DDaKhi6gJIwUrlB0UGVstVVGysCjLYSVhbbEOFD26BBvZ6Icug0ZXnhNP21FC7s0dnpDJiZw0p28ZGba33kTCH+cvAMYuQX7Yzbafn8UHbGnGmsIAAAA=[0m[Pipeline] { (Build Backend)
[8mha:////4MyxVLqmdtscb3rklPxFJ2VsVz6vU096K5J8do5p3y3KAAAAox+LCAAAAAAAAP9tjTEOwjAQBC9BFLSUPOIi0iIqWisNLzCJMXasO8d2cCpexNf4A4FIVGyx2tlmni9YxwBHDhqtot5QbA16N+p5YebQXx1ntHzBlimyU9io3HCnTgs2nBQsKUpYCdgoah1HQzrBVlh5l5WTpKtzCvN3EFCaboAHFGI2JxnSF6YAu9vYRaaf568AJp+grPefqv0bH7uiub4AAAA=[0m[Pipeline] tool
[8mha:////4CPDPw3kMrkglOHeI+45bDu4/Nc00X0+iJoJhUK1wOLxAAAAox+LCAAAAAAAAP9tjTEOwjAQBC9BFLSUPOIioERUaS03vMDExjix7oztkFS8iK/xBwKRqNhitbPNPF+wTBGOHC22hjpHqXEYfG+nhQPH7uJ5wJbP2DAl9galGSRrU88oORuYU5SwELAy1HhOjmyGtWjVXVVeka1OOU7fQUDp9A0eUIjJnFXMXxgjbK69Tkw/z18BjCFDudt+ah/eXoq5oL4AAAA=[0m[Pipeline] envVarsForTool
[8mha:////4NrVh7HbfYMEROXGDNYLOMCrB84BTfXWbgzQC9d3qaiWAAAApx+LCAAAAAAAAP9tjTEOwjAUQ3+LOrAycohUIDbE1DXKwglCE0La6P/yk9JOnIircQdaKjHhwbItWe/1hiIynIidaCy2HmPtRRd6NyUxELfXQINo6CJqwkjBCmUHRcZWS1WULCzKclhJWFusA0WPLsFGNvqhy6DRlefE03aUkHtzhydkciInzelbRobtrTeR8Mf5C4CxS5Dvd7Md5mfxAR8nhQvCAAAA[0m[Pipeline] withEnv
[8mha:////4JQcrNOPSpY3rN7rVpyCCVQE9AhRrvIanMVC1FAXbX1OAAAApx+LCAAAAAAAAP9tjTEOwjAUQ3+LOrAycohUQjAhpq5RFk4QmhDSRv+Xn5R24kRcjTvQUokJD5ZtyXqvNxSR4UTsRGOx9RhrL7rQuymJgbi9BhpEQxdRE0YKVig7KDK2WqqiZGFRlsNKwtpiHSh6dAk2stEPXQaNrjwnnrajhNybOzwhkxM5aU7fMjJsb72JhD/OXwCMXYJ8t5/tMD+LD/hYjrHCAAAA[0m[Pipeline] {
[8mha:////4CAvd4wIMCbS75kYbYDNO4dipDqIbnt0rSJ33iN2ANjeAAAApR+LCAAAAAAAAP9tjTEOwjAQBC9BFLSUPOIiIUGDqNJabniBiY1xYt0Z2yGpeBFf4w8EIlGxxWpnm3m+YJkiHDlabA11jlLjMPjeTgsHjt3F84Atn7FhSuwNSjNI1qaeUXI2MKcoYSFgZajxnBzZDGvRqruqvCJbnXKcvoOA0ukbPKAQkzmrmL8wRthce52Yfp6/AhhDhnK7+9Q+vAEIWoEpvgAAAA==[0m[Pipeline] sh
+ mvn clean package -DskipTests=true
[INFO] Scanning for projects...
[INFO] 
[INFO] --------------------< br.ce.wcaquino:tasks-backend >--------------------
[INFO] Building tasks-backend 0.0.1-SNAPSHOT
[INFO] --------------------------------[ war ]---------------------------------
[INFO] 
[INFO] --- maven-clean-plugin:3.1.0:clean (default-clean) @ tasks-backend ---
[INFO] 
[INFO] --- jacoco-maven-plugin:0.8.3:prepare-agent (default) @ tasks-backend ---
[INFO] argLine set to -javaagent:/var/lib/jenkins/.m2/repository/org/jacoco/org.jacoco.agent/0.8.3/org.jacoco.agent-0.8.3-runtime.jar=destfile=/var/lib/jenkins/workspace/TestandoPipeline@2/target/jacoco.exec
[INFO] 
[INFO] --- maven-resources-plugin:3.1.0:resources (default-resources) @ tasks-backend ---
[INFO] Using 'UTF-8' encoding to copy filtered resources.
[INFO] Copying 1 resource
[INFO] Copying 0 resource
[INFO] 
[INFO] --- maven-compiler-plugin:3.8.1:compile (default-compile) @ tasks-backend ---
[INFO] Changes detected - recompiling the module!
[INFO] Compiling 7 source files to /var/lib/jenkins/workspace/TestandoPipeline@2/target/classes
[INFO] 
[INFO] --- maven-resources-plugin:3.1.0:testResources (default-testResources) @ tasks-backend ---
[INFO] Using 'UTF-8' encoding to copy filtered resources.
[INFO] skip non existing resourceDirectory /var/lib/jenkins/workspace/TestandoPipeline@2/src/test/resources
[INFO] 
[INFO] --- maven-compiler-plugin:3.8.1:testCompile (default-testCompile) @ tasks-backend ---
[INFO] Changes detected - recompiling the module!
[INFO] Compiling 2 source files to /var/lib/jenkins/workspace/TestandoPipeline@2/target/test-classes
[INFO] 
[INFO] --- maven-surefire-plugin:2.22.2:test (default-test) @ tasks-backend ---
[INFO] Tests are skipped.
[INFO] 
[INFO] --- maven-war-plugin:3.2.3:war (default-war) @ tasks-backend ---
[INFO] Packaging webapp
[INFO] Assembling webapp [tasks-backend] in [/var/lib/jenkins/workspace/TestandoPipeline@2/target/tasks-backend]
[INFO] Processing war project
[INFO] Webapp assembled in [110 msecs]
[INFO] Building war: /var/lib/jenkins/workspace/TestandoPipeline@2/target/tasks-backend.war
[INFO] 
[INFO] --- spring-boot-maven-plugin:2.2.4.RELEASE:repackage (repackage) @ tasks-backend ---
[INFO] Replacing main artifact with repackaged archive
[INFO] ------------------------------------------------------------------------
[INFO] BUILD SUCCESS
[INFO] ------------------------------------------------------------------------
[INFO] Total time:  4.585 s
[INFO] Finished at: 2020-05-02T19:28:22-03:00
[INFO] ------------------------------------------------------------------------
[8mha:////4A1rYNw+x3BwbV6OWCuNEreO/w4skTe3MgZyG/dch+FZAAAApR+LCAAAAAAAAP9tjTEOwjAQBC9BFLSUPOIiISEKRJXWcsMLTGyME+vO2A5JxYv4Gn8gEImKLVY728zzBcsU4cjRYmuoc5Qah8H3dlo4cOwungds+YwNU2JvUJpBsjb1jJKzgTlFCQsBK0ON5+TIZliLVt1V5RXZ6pTj9B0ElE7f4AGFmMxZxfyFMcLm2uvE9PP8FcAYQoZyu//U7g3QKkBhvgAAAA==[0m[Pipeline] }
[8mha:////4A6j9TBFcyxJciAB47YOFRvmVopm8Yew0HCAhTYRSaZOAAAApR+LCAAAAAAAAP9tjTEOwjAQBC9BFLSUPOIiIQokRJXWcsMLTGyME+vO2A5JxYv4Gn8gEImKLVY728zzBcsU4cjRYmuoc5Qah8H3dlo4cOwungds+YwNU2JvUJpBsjb1jJKzgTlFCQsBK0ON5+TIZliLVt1V5RXZ6pTj9B0ElE7f4AGFmMxZxfyFMcLm2uvE9PP8FcAYQoZyu//U7g2TqBHnvgAAAA==[0m[Pipeline] // withEnv
[8mha:////4N3KNAZr9JfeeqfCuHUitMhz3ZDjcMAtrfl19Om4maGSAAAApB+LCAAAAAAAAP9tjTEOwjAQBC9BFLSUPOIi6BCiSmu54QUmNsaJdWdsh6TiRXyNPxCIRMUWq51t5vmCZYpw5GixNdQ5So3D4Hs7LRw4dhfPA7Z8xoYpsTcozSBZm3pGydnAnKKEhYCVocZzcmQzrEWr7qryimx1ynH6DgJKp2/wgEJM5qxi/sIYYXPtdWL6ef4KYAwhQ7nbf2r7BrmPJ1y+AAAA[0m[Pipeline] }
[8mha:////4FvrIBB3Fg5Nh8gTo56KkqxTSccAihxq9iMjlfx8+58XAAAApB+LCAAAAAAAAP9tjTEOwjAQBC9BFLSUPOISQYmo0lppeIGJjXFi3RnbIal4EV/jD1hEomKL1c4283rDOgY4cTDYaxosxc6id6PJCycOw9XxhD1fsGOK7DS2empZ6WbBlpOGJUUJKwEbTZ3jaMkk2IpePmTlJJnqnEL+jgJKq+7whEJkc5IhfWEOsLuNKjL9PH8FMHufoDzUufb1B1PlWKq+AAAA[0m[Pipeline] // stage
[8mha:////4ONxDq+N3ViHavyrm7KUUYahoX8XA2eUyalNHbinVIhpAAAAqB+LCAAAAAAAAP9tjTEOwjAUQ3+LOrAycohUFRNCTF2jLpwgNCEkjf4vSUo6cSKuxh0IVGLCg2Vbst7zBVXwcCSvmVU4GAy9YaObdE4skR8ujhKzdGY9YSCnWKdSR1K1S+0oKlhUlLDisFbYOwoGdYQNt+IuaidQ16fo83bgUBp5gwcUPJOj8PFbZg/b6yQD4Y/zFwDzGKFs9tl2zedZvQGtjmIwwgAAAA==[0m[Pipeline] stage
[8mha:////4KjKjxky1j1otS8qBglDtJniCeArM/qnhmn7ddvFOx96AAAAph+LCAAAAAAAAP9tjTEOwjAUQ3+LOrAycohUwIiYukZZOEFoQkgb/V9+UtqJE3E17kBLJSY8WLYl673eUESGE7ETjcXWY6y96ELvpiQG4vYaaBANXURNGClYoeygyNhqqYqShUVZDisJa4t1oOjRJdjIRj90GTS68px42o4Scm/u8IRMTuSkOX3LyLC99SYS/jh/ATB2CfLDbrb9/Cw+2YMO4MIAAAA=[0m[Pipeline] { (Copiando...)
[8mha:////4J9yekab5BxhPG0c+JSSy3o2kqXBbzYrF3XRSUPnHXqjAAAAox+LCAAAAAAAAP9tjTEOwjAQBC9BFLSUPOIikRJR0VppeIFJjLFj3Tm2g1PxIr7GHwhEomKL1c4283zBOgY4ctBoFfWGYmvQu1HPCzOH/uo4o+ULtkyRncJG5YY7dVqw4aRgSVHCSsBGUes4GtIJtsLKu6ycJF2dU5i/g4DSdAM8oBCzOcmQvjAF2N3GLjL9PH8FMPkEZb3/VO3favo5XL4AAAA=[0m[Pipeline] tool
[8mha:////4PUKOIJSvq0L8LNYugLNZmQlfl37+89aIo3lGNDJs7owAAAApB+LCAAAAAAAAP9tjTEOwjAQBC9BFLSUPOIiAR2iSmu54QUmNsaJdWdsh6TiRXyNPxCIRMUWq51t5vmCZYpw5GixNdQ5So3D4Hs7LRw4dhfPA7Z8xoYpsTcozSBZm3pGydnAnKKEhYCVocZzcmQzrEWr7qryimx1ynH6DgJKp2/wgEJM5qxi/sIYYXPtdWL6ef4KYAwZyt32U/vwBq1seBO+AAAA[0m[Pipeline] envVarsForTool
[8mha:////4Ft3iTkwjyvTax/BMKi+3RhM5yHG36rRPIFiWYX4rVRiAAAApx+LCAAAAAAAAP9tjTEOwjAUQ3+LOrAycohUAjEhpq5RFk4QmhDSRv+Xn5R24kRcjTvQUokJD5ZtyXqvNxSR4UTsRGOx9RhrL7rQuymJgbi9BhpEQxdRE0YKVig7KDK2WqqiZGFRlsNKwtpiHSh6dAk2stEPXQaNrjwnnrajhNybOzwhkxM5aU7fMjJsb72JhD/OXwCMXYJ8v5vtMD+LD2DV6WTCAAAA[0m[Pipeline] withEnv
[8mha:////4Isv7B9JV9tkkTLD3t/1s7B9V4qJO/1hT82KxIdvKMBXAAAApx+LCAAAAAAAAP9tjTEOwjAUQ3+LOrAycoh0QLAgpq5RFk4QmhDSRv+Xn5R24kRcjTvQUokJD5ZtyXqvNxSR4UTsRGOx9RhrL7rQuymJgbi9BhpEQxdRE0YKVig7KDK2WqqiZGFRlsNKwtpiHSh6dAk2stEPXQaNrjwnnrajhNybOzwhkxM5aU7fMjJsb72JhD/OXwCMXYJ8t5/tMD+LD02yRsvCAAAA[0m[Pipeline] {
[8mha:////4NdsFyFIphQsEClh4y9mWIkyxgucz/i6cUqTCHZ4o1KjAAAApR+LCAAAAAAAAP9tjTEOwjAQBC9BFLSUPOJSIEGBqNJabniBiY1xYt0Z2yGpeBFf4w8EIlGxxWpnm3m+YJkiHDlabA11jlLjMPjeTgsHjt3F84Atn7FhSuwNSjNI1qaeUXI2MKcoYSFgZajxnBzZDGvRqruqvCJbnXKcvoOA0ukbPKAQkzmrmL8wRthce52Yfp6/AhhDhnK7+9Q+vAF9GxrMvgAAAA==[0m[Pipeline] sshPublisher
SSH: Connecting from host [localhost.localdomain]
SSH: Connecting with configuration [docker-host] ...
SSH: Disconnecting configuration [docker-host] ...
SSH: Transferred 0 file(s)
[8mha:////4LCCYFnHEvQJimUcPl6UJna3gLzM7puCkXgs+cvzsZw6AAAApR+LCAAAAAAAAP9tjTEOwjAQBC9BFLSUPOJSICEkRJXWcsMLTGyME+vO2A5JxYv4Gn8gEImKLVY728zzBcsU4cjRYmuoc5Qah8H3dlo4cOwungds+YwNU2JvUJpBsjb1jJKzgTlFCQsBK0ON5+TIZliLVt1V5RXZ6pTj9B0ElE7f4AGFmMxZxfyFMcLm2uvE9PP8FcAYQoZyu//U7g1K83O2vgAAAA==[0m[Pipeline] }
[8mha:////4LZrAb3B2Tk4I9yupobLWW4gCNHGaT1g7hjpg2xqxWejAAAApR+LCAAAAAAAAP9tjTEOwjAQBC9BFLSUPOJSIAqEqNJabniBiY1xYt0Z2yGpeBFf4w8EIlGxxWpnm3m+YJkiHDlabA11jlLjMPjeTgsHjt3F84Atn7FhSuwNSjNI1qaeUXI2MKcoYSFgZajxnBzZDGvRqruqvCJbnXKcvoOA0ukbPKAQkzmrmL8wRthce52Yfp6/AhhDyFBu95/avQFVcSbkvgAAAA==[0m[Pipeline] // withEnv
[8mha:////4O5Tj85Cv58sP6gBUdOQm2i873LHfUwtNyFjMZXB2cAiAAAApB+LCAAAAAAAAP9tjTEOwjAQBC9BFLSUPOKCgA6lorXc8AKTGOPEugu2g1PxIr7GH7CIRMUWq51t5vWGZfBQszfYaeothcbi4EaTFyb2/dVxwo4v2DAFdhqlTpJbfZpRctQwpyhhIWClqXEcLJkIa9Gph6qcIlOdo8/fUUBp2zs8oRDZHJWPX5g8bG5jG5h+nr8CmIYhQnnY5trvPrCL6pi+AAAA[0m[Pipeline] }
[8mha:////4CrADzCA64G8JBPl71i+0OdxgjgIx9G2GVOrhdVPOBWcAAAApB+LCAAAAAAAAP9tjTEOwjAQBC9BFLSUPOKiCDpEldZKwwtMbIwT687YDknFi/gaf8AiEhVbrHa2mdcb1jHAiYPBXtNgKXYWvRtNXjhxGK6OJ+z5gh1TZKex1VPLSjcLtpw0LClKWAnYaOocR0smwVb08iErJ8lU5xTydxRQWnWHJxQim5MM6QtzgN1tVJHp5/krgNn7BOWhzrWvP68Jv8q+AAAA[0m[Pipeline] // stage
[8mha:////4DUPGFiEdSWmyeOCrxSRkrLgJmxs451OtarvtvbJpuGBAAAAqB+LCAAAAAAAAP9tjTEOwjAUQ3+LOrAycohUIBaEOrFGXThBaEJIGv1fkpR04kRcjTsQqMSEB8u2ZL3nC6rgoSGvmVXYGwydYYMbdU4ske8vjhKzdGYdYSCnWKtSS1Id59pSVDCrKGHBYamwcxQM6ggrbsVd1E6grk/R5+3AoTTyBg8oeCZH4eO3TB7W11EGwh/nLwCmIUK52WfbbT/P6g2NwlFzwgAAAA==[0m[Pipeline] stage
[8mha:////4H1kua4pZKA4E+dCZ6wGAf6RLsyzyltfFhOUrcKR7WBUAAAApx+LCAAAAAAAAP9tjTEOwjAUQ3+LOrAycohUAjbE1DXKwglCE0La6P/yk9JOnIircQdaKjHhwbItWe/1hiIynIidaCy2HmPtRRd6NyUxELfXQINo6CJqwkjBCmUHRcZWS1WULCzKclhJWFusA0WPLsFGNvqhy6DRlefE03aUkHtzhydkciInzelbRobtrTeR8Mf5C4CxS5AfdrPt52fxAXzhjwPCAAAA[0m[Pipeline] { (Unit Tests)
[8mha:////4FdGrUmMrJgjwecjlu6//1o2mkM+ME/0niw9gX2pc6pJAAAAox+LCAAAAAAAAP9tjTEOwjAQBC9BFLSUPOJSkA5R0VppeIFJjLFj3Tm2g1PxIr7GHwhEomKL1c4283zBOgY4ctBoFfWGYmvQu1HPCzOH/uo4o+ULtkyRncJG5YY7dVqw4aRgSVHCSsBGUes4GtIJtsLKu6ycJF2dU5i/g4DSdAM8oBCzOcmQvjAF2N3GLjL9PH8FMPkEZb3/VO3fhXiFur4AAAA=[0m[Pipeline] tool
[8mha:////4EYRB6zqIznklR4ks5yKgYEjfF6WrjqJ2944DxBTvRs1AAAApB+LCAAAAAAAAP9tjTEOwjAQBC9BFLSUPOJSABWiSmu54QUmNsaJdWdsh6TiRXyNPxCIRMUWq51t5vmCZYpw5GixNdQ5So3D4Hs7LRw4dhfPA7Z8xoYpsTcozSBZm3pGydnAnKKEhYCVocZzcmQzrEWr7qryimx1ynH6DgJKp2/wgEJM5qxi/sIYYXPtdWL6ef4KYAwZyt32U/vwBsRJnqO+AAAA[0m[Pipeline] envVarsForTool
[8mha:////4O+C/z5t7CW6D4u0ZUURYPyFk3a6iUGr2wqb0E1M8kRtAAAApx+LCAAAAAAAAP9tjTEOwjAUQ3+LOrAycoh0ALEgpq5RFk4QmhDSRv+Xn5R24kRcjTvQUokJD5ZtyXqvNxSR4UTsRGOx9RhrL7rQuymJgbi9BhpEQxdRE0YKVig7KDK2WqqiZGFRlsNKwtpiHSh6dAk2stEPXQaNrjwnnrajhNybOzwhkxM5aU7fMjJsb72JhD/OXwCMXYJ8v5vtMD+LDw+vzJLCAAAA[0m[Pipeline] withEnv
[8mha:////4JNPBZvY9ZjzS43sJ6SfVJKAZnnE8tlFsbrrB2PxY/LJAAAApx+LCAAAAAAAAP9tjTEOwjAUQ3+LOrAycoh0QTAgpq5RFk4QmhDSRv+Xn5R24kRcjTvQUokJD5ZtyXqvNxSR4UTsRGOx9RhrL7rQuymJgbi9BhpEQxdRE0YKVig7KDK2WqqiZGFRlsNKwtpiHSh6dAk2stEPXQaNrjwnnrajhNybOzwhkxM5aU7fMjJsb72JhD/OXwCMXYJ8t5/tMD+LD+jQxyjCAAAA[0m[Pipeline] {
[8mha:////4FHHspzYJLfJCD/CLbegrGW/WD+9S5VW7uQLbtZvrLHgAAAApR+LCAAAAAAAAP9tjTEOwjAQBC9BFLSUPOLSIIGEqNJabniBiY1xYt0Z2yGpeBFf4w8EIlGxxWpnm3m+YJkiHDlabA11jlLjMPjeTgsHjt3F84Atn7FhSuwNSjNI1qaeUXI2MKcoYSFgZajxnBzZDGvRqruqvCJbnXKcvoOA0ukbPKAQkzmrmL8wRthce52Yfp6/AhhDhnK7+9Q+vAGaE3/ivgAAAA==[0m[Pipeline] sh
+ mvn test
[INFO] Scanning for projects...
[INFO] 
[INFO] --------------------< br.ce.wcaquino:tasks-backend >--------------------
[INFO] Building tasks-backend 0.0.1-SNAPSHOT
[INFO] --------------------------------[ war ]---------------------------------
[INFO] 
[INFO] --- jacoco-maven-plugin:0.8.3:prepare-agent (default) @ tasks-backend ---
[INFO] argLine set to -javaagent:/var/lib/jenkins/.m2/repository/org/jacoco/org.jacoco.agent/0.8.3/org.jacoco.agent-0.8.3-runtime.jar=destfile=/var/lib/jenkins/workspace/TestandoPipeline@2/target/jacoco.exec
[INFO] 
[INFO] --- maven-resources-plugin:3.1.0:resources (default-resources) @ tasks-backend ---
[INFO] Using 'UTF-8' encoding to copy filtered resources.
[INFO] Copying 1 resource
[INFO] Copying 0 resource
[INFO] 
[INFO] --- maven-compiler-plugin:3.8.1:compile (default-compile) @ tasks-backend ---
[INFO] Nothing to compile - all classes are up to date
[INFO] 
[INFO] --- maven-resources-plugin:3.1.0:testResources (default-testResources) @ tasks-backend ---
[INFO] Using 'UTF-8' encoding to copy filtered resources.
[INFO] skip non existing resourceDirectory /var/lib/jenkins/workspace/TestandoPipeline@2/src/test/resources
[INFO] 
[INFO] --- maven-compiler-plugin:3.8.1:testCompile (default-testCompile) @ tasks-backend ---
[INFO] Nothing to compile - all classes are up to date
[INFO] 
[INFO] --- maven-surefire-plugin:2.22.2:test (default-test) @ tasks-backend ---
[INFO] 
[INFO] -------------------------------------------------------
[INFO]  T E S T S
[INFO] -------------------------------------------------------
[INFO] Running br.ce.wcaquino.taskbackend.utils.DateUtilsTest
[INFO] Tests run: 3, Failures: 0, Errors: 0, Skipped: 0, Time elapsed: 0.118 s - in br.ce.wcaquino.taskbackend.utils.DateUtilsTest
[INFO] Running br.ce.wcaquino.taskbackend.controller.TaskControllerTest
[INFO] Tests run: 4, Failures: 0, Errors: 0, Skipped: 0, Time elapsed: 0.373 s - in br.ce.wcaquino.taskbackend.controller.TaskControllerTest
[INFO] 
[INFO] Results:
[INFO] 
[INFO] Tests run: 7, Failures: 0, Errors: 0, Skipped: 0
[INFO] 
[INFO] ------------------------------------------------------------------------
[INFO] BUILD SUCCESS
[INFO] ------------------------------------------------------------------------
[INFO] Total time:  3.338 s
[INFO] Finished at: 2020-05-02T19:28:27-03:00
[INFO] ------------------------------------------------------------------------
[8mha:////4Bd4c30aYl810jkc8WblJzq+ApF4+NRxrYlWwR+lJQXcAAAApR+LCAAAAAAAAP9tjTEOwjAQBC9BFLSUPOLSICGEqNJabniBiY1xYt0Z2yGpeBFf4w8EIlGxxWpnm3m+YJkiHDlabA11jlLjMPjeTgsHjt3F84Atn7FhSuwNSjNI1qaeUXI2MKcoYSFgZajxnBzZDGvRqruqvCJbnXKcvoOA0ukbPKAQkzmrmL8wRthce52Yfp6/AhhDyFBu95/avQEwuM6AvgAAAA==[0m[Pipeline] }
[8mha:////4H4xquS/4Laikqp2XLRIFSttpXLXmTtGtIyHk3PsfXg2AAAApR+LCAAAAAAAAP9tjTEOwjAQBC9BFLSUPOJCATQoFa3lhheYxBgn1l2wHZyKF/E1/oBFJCq2WO1sM683LIOHmr3BTlNvKTQWBzeavDCx76+OE3Z8wYYpsNModZLc6tOMkqOGOUUJCwErTY3jYMlEWItOPVTlFJnqHH3+jgJK297hCYXI5qh8/MLkYXMb28D08/wVwDQMEcr9Ntfu8AHa0rF2vgAAAA==[0m[Pipeline] // withEnv
[8mha:////4CNtQcZmPGdNJfaL9ztECZntLoAyNHjJo62ll9TCn+KhAAAApR+LCAAAAAAAAP9tjTEOwjAQBC9BFLSUPOIiBFQoFa3lhheYxBgn1l2wHZyKF/E1/oBFJCq2WO1sM683LIOHmr3BTlNvKTQWBzeavDCx76+OE3Z8wYYpsNModZLc6tOMkqOGOUUJCwErTY3jYMlEWItOPVTlFJnqHH3+jgJK297hCYXI5qh8/MLkYXMb28D08/wVwDQMEcrDNtd+9wHw9YfNvgAAAA==[0m[Pipeline] }
[8mha:////4DJ9fBfCdMkPDgVv7y82LUvueoINs8wHoilNFtOWJrtiAAAApR+LCAAAAAAAAP9tjTEOwjAQBC9BFLSUPOIiRVAhqrRWGl5gYmOcWHfGdkgqXsTX+AMWkajYYrWzzbzesI4BThwM9poGS7Gz6N1o8sKJw3B1PGHPF+yYIjuNrZ5aVrpZsOWkYUlRwkrARlPnOFoyCbailw9ZOUmmOqeQv6OA0qo7PKEQ2ZxkSF+YA+xuo4pMP89fAczeJygPda59/QHItxQ8vgAAAA==[0m[Pipeline] // stage
[8mha:////4IuDLlTma7t8i0sQ6dT7x2uOK3QWs78MVoH0EjwyYaVVAAAAqB+LCAAAAAAAAP9tjTEOwjAUQ3+LOrAycohUCDEg1Ik16sIJQhNC0uj/kqSkEyfiatyBQCUmPFi2Jes9X1AFDw15zazC3mDoDBvcqHNiiXx/cZSYpTPrCAM5xVqVWpLqONeWooJZRQkLDkuFnaNgUEdYcSvuonYCdX2KPm8HDqWRN3hAwTM5Ch+/ZfKwvo4yEP44fwEwDRHKzT7bbvt5Vm+cGnoewgAAAA==[0m[Pipeline] stage
[8mha:////4LQLMPwzfDqaGfsUDXD0XYq24+pqB2w06lTdlJCsv2ppAAAApx+LCAAAAAAAAP9tjTEOwjAUQ3+LOrAycoh0ACbE1DXKwglCE0La6P/yk9JOnIircQdaKjHhwbItWe/1hiIynIidaCy2HmPtRRd6NyUxELfXQINo6CJqwkjBCmUHRcZWS1WULCzKclhJWFusA0WPLsFGNvqhy6DRlefE03aUkHtzhydkciInzelbRobtrTeR8Mf5C4CxS5AfdrPt52fxAd9J1uLCAAAA[0m[Pipeline] { (Sonar Analysis)
[8mha:////4MV/b4swiznKXrJ9r8TYXRGTMNCi5uP0cOR74zRDUJ0eAAAAox+LCAAAAAAAAP9tjTEOwjAQBC9BFLSUPOLSkApR0VppeIFJjLFj3Tm2g1PxIr7GHwhEomKL1c4283zBOgY4ctBoFfWGYmvQu1HPCzOH/uo4o+ULtkyRncJG5YY7dVqw4aRgSVHCSsBGUes4GtIJtsLKu6ycJF2dU5i/g4DSdAM8oBCzOcmQvjAF2N3GLjL9PH8FMPkEZb3/VO3f4x1Rq74AAAA=[0m[Pipeline] tool
[8mha:////4ApbQyIfZoJ2eaj8MNGOQZjQ0FFV9J6ndhy0um+X7Z+1AAAApx+LCAAAAAAAAP9tjTEOwjAUQ3+LOrAycoh0ARbE1DXKwglCE0La6P/yk9JOnIircQdaKjHhwbItWe/1hiIynIidaCy2HmPtRRd6NyUxELfXQINo6CJqwkjBCmUHRcZWS1WULCzKclhJWFusA0WPLsFGNvqhy6DRlefE03aUkHtzhydkciInzelbRobtrTeR8Mf5C4CxS5Dvd7Md5mfxAVf9JYbCAAAA[0m[Pipeline] withEnv
[8mha:////4LIzx1ZzeMleOCZfurUAMSu5DuB4AqSGcS8/v2aMrrd7AAAApx+LCAAAAAAAAP9tjTEOwjAUQ3+LOrAycoh0AgbE1DXKwglCE0La6P/yk9JOnIircQdaKjHhwbItWe/1hiIynIidaCy2HmPtRRd6NyUxELfXQINo6CJqwkjBCmUHRcZWS1WULCzKclhJWFusA0WPLsFGNvqhy6DRlefE03aUkHtzhydkciInzelbRobtrTeR8Mf5C4CxS5Dv9rMd5mfxATOXFRXCAAAA[0m[Pipeline] {
[8mha:////4NoZTRt3q2uiKO9M3eqHVRY06Rh0Rjo3uN3b760HO/NMAAAApB+LCAAAAAAAAP9tjTEOwjAQBC9BFLSUPOJSIZAQVVrLDS8wsTFOrDtjOyQVL+Jr/IFAJCq2WO1sM88XLFOEI0eLraHOUWocBt/baeHAsbt4HrDlMzZMib1BaQbJ2tQzSs4G5hQlLASsDDWekyObYS1adVeVV2SrU47TdxBQOn2DBxRiMmcV8xfGCJtrrxPTz/NXAGPIUG53n9qHNzN5Fy++AAAA[0m[Pipeline] tool
[8mha:////4BmVV1eutVuZRTdkqp1JoYP01s/fMmYB8sE+uBb7KKIWAAAApB+LCAAAAAAAAP9tjTEOwjAQBC9BFLSUPOJSIYQQVVrLDS8wsTFOrDtjOyQVL+Jr/IFAJCq2WO1sM88XLFOEI0eLraHOUWocBt/baeHAsbt4HrDlMzZMib1BaQbJ2tQzSs4G5hQlLASsDDWekyObYS1adVeVV2SrU47TdxBQOn2DBxRiMmcV8xfGCJtrrxPTz/NXAGPIUG53n9qHN3JIDDa+AAAA[0m[Pipeline] envVarsForTool
[8mha:////4LTkRZ4ep7lXCT01JW2Kh8/lMlDqMJHkSLe98cxTiGKIAAAAqB+LCAAAAAAAAP9tjTEOwjAUQ3+LOrAycoiUBRhQJ9aoCycITQhJo/9LkpJOnIircQcClZjwYNmWrPd8QRU8NOQ1swp7g6EzbHCjzokl8v3FUWKWzqwjDOQUa1VqSarjXFuKCmYVJSw4LBV2joJBHWHFrbiL2gnU9Sn6vB04lEbe4AEFz+QofPyWycP6OspA+OP8BcA0RCi3+2y7zedZvQHWYnb4wgAAAA==[0m[Pipeline] withEnv
[8mha:////4AJJERT3c0IrK6qDdVpbHvpu0cMTM6dVCswR3vBbR+RlAAAApx+LCAAAAAAAAP9tjTEOwjAUQ3+LOrAycogUFhbE1DXKwglCE0La6P/yk9JOnIircQdaKjHhwbItWe/1hiIynIidaCy2HmPtRRd6NyUxELfXQINo6CJqwkjBCmUHRcZWS1WULCzKclhJWFusA0WPLsFGNvqhy6DRlefE03aUkHtzhydkciInzelbRobtrTeR8Mf5C4CxS5AfdrPt52fxAQB2j23CAAAA[0m[Pipeline] {
[8mha:////4HNlBuCAjZzOosacN+iVkVdUH1JlOQPCqmMFDktSCZuCAAAApx+LCAAAAAAAAP9tjTEOwjAUQ3+LOrAycohUMLAgpq5RFk4QmhDSRv+Xn5R24kRcjTvQUokJD5ZtyXqvNxSR4UTsRGOx9RhrL7rQuymJgbi9BhpEQxdRE0YKVig7KDK2WqqiZGFRlsNKwtpiHSh6dAk2stEPXQaNrjwnnrajhNybOzwhkxM5aU7fMjJsb72JhD/OXwCMXYL8sJttPz+LD27blSrCAAAA[0m[Pipeline] withSonarQubeEnv
Injecting SonarQube environment variables using the configuration: SONAR_LOCAL
[8mha:////4N48y+W26OhBZrqxOyQg7ReRZ4YqBZTxCNYi2BrPAonTAAAAqB+LCAAAAAAAAP9tjTEOwjAUQ3+LOrAycohUAokFMXWNsnCC0ISQNvq//KS0EyfiatyBlkpMeLBsS9Z7vaGIDCdiJxqLrcdYe9GF3k1JDMTtNdAgGrqImjBSsELZQZGx1VIVJQuLshxWEtYW60DRo0uwkY1+6DJodOU58bQdJeTe3OEJmZzISXP6lpFhe+tNJPxx/gJg7BLkh91s+/lZfADKbit4wgAAAA==[0m[Pipeline] {
[8mha:////4ElSoZO20bl70o+DnE1DETvkBP0e9bkPcP1hIk1TafwvAAAApB+LCAAAAAAAAP9tjTEOwjAQBC9BFLSUPOJSgGgQVVrLDS8wsTFOrDtjOyQVL+Jr/IFAJCq2WO1sM88XLFOEI0eLraHOUWocBt/baeHAsbt4HrDlMzZMib1BaQbJ2tQzSs4G5hQlLASsDDWekyObYS1adVeVV2SrU47TdxBQOn2DBxRiMmcV8xfGCJtrrxPTz/NXAGPIUO63n9qFN5arJPu+AAAA[0m[Pipeline] sh
+ /var/lib/jenkins/tools/hudson.plugins.sonar.SonarRunnerInstallation/sonar_scanner/bin/sonar-scanner -e -Dsonar.projectKey=DeployBack -Dsonar.host.url=http://192.168.0.32:9000 -Dsonar.login=4c5f2a81177d460fff32d649595d3a8206ff88ba -Dsonar.java.binaries=target '-Dsonar.coverage.exclusions=**/.mvn/**,**/src/test/**,**/model/**,**Application.java'
INFO: Option -e/--errors is no longer supported and will be ignored
INFO: Scanner configuration file: /var/lib/jenkins/tools/hudson.plugins.sonar.SonarRunnerInstallation/sonar_scanner/conf/sonar-scanner.properties
INFO: Project root configuration file: NONE
INFO: SonarScanner 4.3.0.2102
INFO: Java 1.8.0_252 Oracle Corporation (64-bit)
INFO: Linux 4.18.0-147.8.1.el8_1.x86_64 amd64
INFO: User cache: /var/lib/jenkins/.sonar/cache
INFO: Scanner configuration file: /var/lib/jenkins/tools/hudson.plugins.sonar.SonarRunnerInstallation/sonar_scanner/conf/sonar-scanner.properties
INFO: Project root configuration file: NONE
INFO: Analyzing on SonarQube server 7.9.2
INFO: Default locale: "pt_BR", source code encoding: "UTF-8" (analysis is platform dependent)
WARN: SonarScanner will require Java 11 to run starting in SonarQube 8.x
INFO: Load global settings
INFO: Load global settings (done) | time=77ms
INFO: Server id: BF41A1F2-AXHATMjt4jZn9HeIy82Q
INFO: User cache: /var/lib/jenkins/.sonar/cache
INFO: Load/download plugins
INFO: Load plugins index
INFO: Load plugins index (done) | time=53ms
INFO: Load/download plugins (done) | time=83ms
INFO: Process project properties
INFO: Execute project builders
INFO: Execute project builders (done) | time=5ms
INFO: Project key: DeployBack
INFO: Base dir: /var/lib/jenkins/workspace/TestandoPipeline@2
INFO: Working dir: /var/lib/jenkins/workspace/TestandoPipeline@2/.scannerwork
INFO: Load project settings for component key: 'DeployBack'
INFO: Load project settings for component key: 'DeployBack' (done) | time=17ms
INFO: Load quality profiles
INFO: Load quality profiles (done) | time=57ms
INFO: Detected Jenkins
INFO: Load active rules
INFO: Load active rules (done) | time=3221ms
INFO: Indexing files...
INFO: Project configuration:
INFO:   Excluded sources for coverage: **/.mvn/**, **/src/test/**, **/model/**, **Application.java
INFO: 16 files indexed
INFO: 0 files ignored because of scm ignore settings
INFO: Quality profile for java: Sonar way
INFO: Quality profile for xml: Sonar way
INFO: ------------- Run sensors on module DeployBack
INFO: Load metrics repository
INFO: Load metrics repository (done) | time=65ms
INFO: Sensor JavaSquidSensor [java]
INFO: Configured Java source version (sonar.java.source): none
INFO: JavaClasspath initialization
WARN: Bytecode of dependencies was not provided for analysis of source files, you might end up with less precise results. Bytecode can be provided using sonar.java.libraries property.
INFO: JavaClasspath initialization (done) | time=17ms
INFO: JavaTestClasspath initialization
INFO: JavaTestClasspath initialization (done) | time=0ms
INFO: Java Main Files AST scan
INFO: 9 source files to be analyzed
INFO: Load project repositories
INFO: Load project repositories (done) | time=19ms
INFO: Java Main Files AST scan (done) | time=1197ms
INFO: Java Test Files AST scan
INFO: 0 source files to be analyzed
INFO: Java Test Files AST scan (done) | time=1ms
INFO: Sensor JavaSquidSensor [java] (done) | time=2118ms
INFO: Sensor JaCoCo XML Report Importer [jacoco]
INFO: Sensor JaCoCo XML Report Importer [jacoco] (done) | time=19ms
INFO: Sensor SurefireSensor [java]
INFO: parsing [/var/lib/jenkins/workspace/TestandoPipeline@2/target/surefire-reports]
INFO: 9/9 source files have been analyzed
INFO: 0/0 source files have been analyzed
INFO: Sensor SurefireSensor [java] (done) | time=77ms
INFO: Sensor JaCoCoSensor [java]
WARN: Property 'sonar.jacoco.reportPaths' is deprecated (JaCoCo binary format). 'sonar.coverage.jacoco.xmlReportPaths' should be used instead (JaCoCo XML format).
INFO: Analysing /var/lib/jenkins/workspace/TestandoPipeline@2/target/jacoco.exec
INFO: Sensor JaCoCoSensor [java] (done) | time=139ms
INFO: Sensor JavaXmlSensor [java]
INFO: 1 source files to be analyzed
INFO: Sensor JavaXmlSensor [java] (done) | time=375ms
INFO: Sensor HTML [web]
INFO: 1/1 source files have been analyzed
INFO: Sensor HTML [web] (done) | time=23ms
INFO: Sensor XML Sensor [xml]
INFO: 1 source files to be analyzed
INFO: Sensor XML Sensor [xml] (done) | time=141ms
INFO: 1/1 source files have been analyzed
INFO: ------------- Run sensors on project
INFO: Sensor Zero Coverage Sensor
INFO: Sensor Zero Coverage Sensor (done) | time=0ms
INFO: Sensor Java CPD Block Indexer
INFO: Sensor Java CPD Block Indexer (done) | time=156ms
INFO: 5 files had no CPD blocks
INFO: Calculating CPD for 4 files
INFO: CPD calculation finished
INFO: Analysis report generated in 82ms, dir size=93 KB
INFO: Analysis report compressed in 33ms, zip size=28 KB
INFO: Analysis report uploaded in 70ms
INFO: ANALYSIS SUCCESSFUL, you can browse http://192.168.0.32:9000/dashboard?id=DeployBack
INFO: Note that you will be able to access the updated dashboard once the server has processed the submitted analysis report
INFO: More about the report processing at http://192.168.0.32:9000/api/ce/task?id=AXHXgXtls4ntJGU0xelo
INFO: Analysis total time: 10.127 s
INFO: ------------------------------------------------------------------------
INFO: EXECUTION SUCCESS
INFO: ------------------------------------------------------------------------
INFO: Total time: 11.242s
INFO: Final Memory: 18M/217M
INFO: ------------------------------------------------------------------------
[8mha:////4HK6ZUlNK3rNZP1QNMoJ9B06y6ig8mYcKwDi4tTmoSjMAAAApB+LCAAAAAAAAP9tjTEOwjAQBC9BFLSUPOJSIGgQVVrLDS8wsTFOrDtjOyQVL+Jr/IFAJCq2WO1sM88XLFOEI0eLraHOUWocBt/baeHAsbt4HrDlMzZMib1BaQbJ2tQzSs4G5hQlLASsDDWekyObYS1adVeVV2SrU47TdxBQOn2DBxRiMmcV8xfGCJtrrxPTz/NXAGMIGcr97lPbN/nPyFW+AAAA[0m[Pipeline] }
[8mha:////4Ddc5tH5oitJSHycJ5njdlKI+Z6WclnurXUgm8Q70V99AAAApB+LCAAAAAAAAP9tjTEOwjAQBC9BFLSUPOIiUaRBVLRWGl5gEmPsWHeO7eBUvIiv8QcCkajYYrWzzTxfsI4Bjhw0WkW9odga9G7U88LMob86zmj5gi1TZKewUbnhTp0WbDgpWFKUsBKwUdQ6joZ0gq2w8i4rJ0lX5xTm7yCgNN0ADyjEbE4ypC9MAXa3sYtMP89fAUzeJyjr+lP7N8GNW6S+AAAA[0m[Pipeline] // withSonarQubeEnv
[8mha:////4AKVpwNGiPTwz7bZBKiz5m7YbQLxRNsCzq0JcnpBe2y3AAAApB+LCAAAAAAAAP9tjTEOwjAQBC9BFLSUPOIiGigQVVrLDS8wsTFOrDtjOyQVL+Jr/IFAJCq2WO1sM88XLFOEI0eLraHOUWocBt/baeHAsbt4HrDlMzZMib1BaQbJ2tQzSs4G5hQlLASsDDWekyObYS1adVeVV2SrU47TdxBQOn2DBxRiMmcV8xfGCJtrrxPTz/NXAGMIGcrd/lPbN94PDva+AAAA[0m[Pipeline] }
[8mha:////4FBhmtJciR9jvbej4Pe/8YsKw3iRUug1LJ/ShUc9wL+SAAAApB+LCAAAAAAAAP9tjTEOwjAQBC9BFLSUPOJChZAQVVrLDS8wsTFOrDtjOyQVL+Jr/IFAJCq2WO1sM88XLFOEI0eLraHOUWocBt/baeHAsbt4HrDlMzZMib1BaQbJ2tQzSs4G5hQlLASsDDWekyObYS1adVeVV2SrU47TdxBQOn2DBxRiMmcV8xfGCJtrrxPTz/NXAGMIGcrd/lPbN52NX3C+AAAA[0m[Pipeline] // withEnv
[8mha:////4DBFtDscA+9OBNMVCZVEavrqAiEwnr3BWB7S/6tstvAiAAAApR+LCAAAAAAAAP9tjTEOwjAQBC9BFLSUPOJSAUIoFa3lhheYxBgn1l2wHZyKF/E1/oBFJCq2WO1sM683LIOHmr3BTlNvKTQWBzeavDCx76+OE3Z8wYYpsNModZLc6tOMkqOGOUUJCwErTY3jYMlEWItOPVTlFJnqHH3+jgJK297hCYXI5qh8/MLkYXMb28D08/wVwDQMEcrdIdd2/wFYmEoOvgAAAA==[0m[Pipeline] }
[8mha:////4P1ZgsaOp93rnuClhnRUj36lluYckNGzpbFKHKl1hgu5AAAApR+LCAAAAAAAAP9tjTEOwjAQBC9BFLSUPOJCAxQoFa3lhheYxBgn1l2wHZyKF/E1/oBFJCq2WO1sM683LIOHmr3BTlNvKTQWBzeavDCx76+OE3Z8wYYpsNModZLc6tOMkqOGOUUJCwErTY3jYMlEWItOPVTlFJnqHH3+jgJK297hCYXI5qh8/MLkYXMb28D08/wVwDQMEcrDNtdu/wGy8jX4vgAAAA==[0m[Pipeline] // withEnv
[8mha:////4Pw4OPXeQ5ORpU46n32gDv0KyBx27tNSe/ijE4stn8WzAAAAph+LCAAAAAAAAP9tjTEOwjAQBC9BFLSUPOIiJBAFSkVrueEFJjHGiXUXbAen4kV8jT9gEYmKLVY728zrDcvgoWZvsNPUWwqNxcGNJi9M7Pur44QdX7BhCuw0Sp0kt/o0o+SoYU5RwkLASlPjOFgyEdaiUw9VOUWmOkefv6OA0rZ3eEIhsjkqH78wedjcxjYw/Tx/BTANQ4TysM21330AO0Bn3b4AAAA=[0m[Pipeline] }
[8mha:////4BqR5EbQ9xis019Yiy7ZVWFgcKt5wONTm+nsmU7rlDLBAAAAph+LCAAAAAAAAP9tjTEOwjAQBC9BFLSUPOIigRAFSkVrueEFJjHGiXUXbAen4kV8jT9gEYmKLVY728zrDcvgoWZvsNPUWwqNxcGNJi9M7Pur44QdX7BhCuw0Sp0kt/o0o+SoYU5RwkLASlPjOFgyEdaiUw9VOUWmOkefv6OA0rZ3eEIhsjkqH78wedjcxjYw/Tx/BTANQ4TysM21330ANqeXxb4AAAA=[0m[Pipeline] // stage
[8mha:////4P5mu3SwPu88dr0WFBrzGhQgdFrPgkWChHnL7Ju26DrUAAAAqB+LCAAAAAAAAP9tjTEOwjAUQ3+LOrAycohUiAEh1Ik16sIJQhNC0uj/kqSkEyfiatyBQCUmPFi2Jes9X1AFDw15zazC3mDoDBvcqHNiiXx/cZSYpTPrCAM5xVqVWpLqONeWooJZRQkLDkuFnaNgUEdYcSvuonYCdX2KPm8HDqWRN3hAwTM5Ch+/ZfKwvo4yEP44fwEwDRHKzT7bbvt5Vm+1C+WJwgAAAA==[0m[Pipeline] stage
[8mha:////4N6mA4nZ3NY08Yaq6dFyYJcDhoiHlJ0auZ3Xv7TTZ1KcAAAAqB+LCAAAAAAAAP9tjTEOwjAUQ3+LOrAycoh0AIkBMXWNsnCC0ISQNvq//KS0EyfiatyBlkpMeLBsS9Z7vaGIDCdiJxqLrcdYe9GF3k1JDMTtNdAgGrqImjBSsELZQZGx1VIVJQuLshxWEtYW60DRo0uwkY1+6DJodOU58bQdJeTe3OEJmZzISXP6lpFhe+tNJPxx/gJg7BLkh91s+/lZfABpxnKZwgAAAA==[0m[Pipeline] { (Quality Gate)
[8mha:////4LpTBCFeQT8fQrFXztD0D6wZo+u8AOn5W6E1vWOXQcNoAAAApB+LCAAAAAAAAP9tjTEOwjAQBC9BFLSUPOLSgCgQVVrLDS8wsTFOrDtjOyQVL+Jr/IFAJCq2WO1sM88XLFOEI0eLraHOUWocBt/baeHAsbt4HrDlMzZMib1BaQbJ2tQzSs4G5hQlLASsDDWekyObYS1adVeVV2SrU47TdxBQOn2DBxRiMmcV8xfGCJtrrxPTz/NXAGPIUO63n9qFN/DO8Oq+AAAA[0m[Pipeline] tool
[8mha:////4O1KhBesH/hsV69OGoBSSCBm6BRvwvVVKgTniLCEfVGlAAAApB+LCAAAAAAAAP9tjTEOwjAQBC9BFLSUPOLSICgQVVrLDS8wsTFOrDtjOyQVL+Jr/IFAJCq2WO1sM88XLFOEI0eLraHOUWocBt/baeHAsbt4HrDlMzZMib1BaQbJ2tQzSs4G5hQlLASsDDWekyObYS1adVeVV2SrU47TdxBQOn2DBxRiMmcV8xfGCJtrrxPTz/NXAGPIUO63n9qFNzOd3cG+AAAA[0m[Pipeline] envVarsForTool
[8mha:////4LkW6ek+mZFAePvLCPQLjuFFuckoDJeHLXGfgslCo5NbAAAApx+LCAAAAAAAAP9tjTEOwjAUQ3+DOrAycoh0QeqAmFijLpwgNCEkjf5vk5R04kRcjTvQUokJD5ZtyXqvN5QxwImC4U5jZzG2lvd+NHPimUJ385S5oytvCSN5zRudG1L6vNaGkoZVBYONgK3G1lO0aBLshJMPWXmJprqkMG9HAcyqAZ5QiJmcZEjfMgXY30cVCX+cvwCY+gSsPixWL8/yA0Sh3TbCAAAA[0m[Pipeline] withEnv
[8mha:////4Oh/eSzgUc/zzdYETguCj9uUrbFdPZioNizxe2RA4Ts/AAAAph+LCAAAAAAAAP9tjTEOwjAUQ3+LOrAycoh0LBJiYo2ycILQhJA0+r9NUtKJE3E17kBLJSY8WLYl673eUMUAJwqGOY2dxdha1vvRzIllCt3NU2aOrqwljOQ1EzoLUvq8VkFJw6qihA2HrcbWU7RoEuy4kw9Ze4mmvqQwb0cOpVUDPKHgMznJkL5lCrC/jyoS/jh/ATD1CcqmWeywPKsPkHVpXsIAAAA=[0m[Pipeline] {
[8mha:////4HUjfep5Ht1sSL8TCyGBqahkTKmtWAWuMDZnLZa3bbfJAAAAox+LCAAAAAAAAP9tjTEOwjAQBC9BFLSUPOJSAkJUaS03vMDExjix7oztkFS8iK/xBwKRqNhitbPNPF+wTBGOHC22hjpHqXEYfG+nhQPH7uJ5wJbP2DAl9galGSRrU88oORuYU5SwELAy1HhOjmyGtWjVXVVeka1OOU7fQUDp9A0eUIjJnFXMXxgjbK69Tkw/z18BjCFDud19ah/eiOvlgb4AAAA=[0m[Pipeline] sleep
Sleeping for 5 sec
[8mha:////4Ds+ECC+sqnccho2xxR1lHMm+eEBieBElVPdEI8KB5PBAAAApx+LCAAAAAAAAP9tjTEOwjAUQ3+LOrAycoiUjUqIqWuUhROEJIS00f8lSWknTsTVuAOBSkx4sGxL1nu+oIoBjhQs6wz2DqNybPCjzYlNFPqLp4l1dGaKMJI3TJhJkDbtUgUlA4uKElYc1gaVp+jQJtjwTt5l7SXa+pRC3g4cSqdv8ICCZ3KSIX3LHGB7HXUk/HH+AmAeEpT7Jluz+zyrN9JzitfCAAAA[0m[Pipeline] timeout
Timeout set to expire in 1 min 0 sec
[8mha:////4GHPJpCMdA+XI4upYul835e0Uf6hc7yKUgHHSEZFlpvhAAAApx+LCAAAAAAAAP9tjTEOwjAUQ3+LOrAycogUNiTE1DXKwglCE0La6P/yk9JOnIircQdaKjHhwbItWe/1hiIynIidaCy2HmPtRRd6NyUxELfXQINo6CJqwkjBCmUHRcZWS1WULCzKclhJWFusA0WPLsFGNvqhy6DRlefE03aUkHtzhydkciInzelbRobtrTeR8Mf5C4CxS5AfdrPt52fxAUPegdTCAAAA[0m[Pipeline] {
[8mha:////4Gnq/bKYF2rVwzjIB6LnAjV3qPXwebmV6cKquqNbv4h0AAAApB+LCAAAAAAAAP9tjTEOwjAQBC9BFLSUPOIiqJAQVVrLDS8wsTFOrDtjOyQVL+Jr/IFAJCq2WO1sM88XLFOEI0eLraHOUWocBt/baeHAsbt4HrDlMzZMib1BaQbJ2tQzSs4G5hQlLASsDDWekyObYS1adVeVV2SrU47TdxBQOn2DBxRiMmcV8xfGCJtrrxPTz/NXAGPIUO63n9qFNwEi9SW+AAAA[0m[Pipeline] waitForQualityGate
Checking status of SonarQube task 'AXHXgXtls4ntJGU0xelo' on server 'SONAR_LOCAL'
SonarQube task 'AXHXgXtls4ntJGU0xelo' status is 'SUCCESS'
SonarQube task 'AXHXgXtls4ntJGU0xelo' completed. Quality gate is 'OK'
[8mha:////4NvppCkZTVuAozC/SxPX44+wEvKZiCrV72upsqiKKaKDAAAApR+LCAAAAAAAAP9tjTEOwjAQBC9BFLSUPOIiRIOEqNJabniBiY1xYt0Z2yGpeBFf4w8EIlGxxWpnm3m+YJkiHDlabA11jlLjMPjeTgsHjt3F84Atn7FhSuwNSjNI1qaeUXI2MKcoYSFgZajxnBzZDGvRqruqvCJbnXKcvoOA0ukbPKAQkzmrmL8wRthce52Yfp6/AhhDyFDud5/avgEbGyOjvgAAAA==[0m[Pipeline] }
[8mha:////4B3Bw2aGritKk3OROhfPL2Z6Gpgb35uZEFlA827+fe/FAAAApR+LCAAAAAAAAP9tjTEOwjAQBC9BFLSUPOJCQYGEqNJabniBiY1xYt0Z2yGpeBFf4w8EIlGxxWpnm3m+YJkiHDlabA11jlLjMPjeTgsHjt3F84Atn7FhSuwNSjNI1qaeUXI2MKcoYSFgZajxnBzZDGvRqruqvCJbnXKcvoOA0ukbPKAQkzmrmL8wRthce52Yfp6/AhhDyFDud5/avgE1GyHJvgAAAA==[0m[Pipeline] // timeout
[8mha:////4P/hCyUcI/XHdet7TilWmoPJclV3y1ER+8FNoWscMQmYAAAApR+LCAAAAAAAAP9tjTEOwjAQBC9BFLSUPOJSISIhqrRWGl5gYmOcWHfGdkgqXsTX+AMWkajYYrWzzbzesI4BThwM9poGS7Gz6N1o8sKJw3B1PGHPF+yYIjuNrZ5aVrpZsOWkYUlRwkrARlPnOFoyCbailw9ZOUmmOqeQv6OA0qo7PKEQ2ZxkSF+YA+xuo4pMP89fAczeJyjrfa5D/QFtXD6LvgAAAA==[0m[Pipeline] }
[8mha:////4Fgt6upiDj2c134Ko29eyMW7gmpZbwHvTflCd/7+uDW9AAAApB+LCAAAAAAAAP9tjTEOwjAQBC9BFLSUPMLpCBKiSmul4QUmPowT687YDknFi/gaf8AiEhVbrHa2mdcb1jHAiYMRPdJgKXZWeDeavMTEYbg6nkTPF9ExRXYoWpxa1tgs2HJCWFKUsJKwQeocR0smwVb26qEqp8hU5xTyd5RQWn2HJxQym5MK6QtzgN1t1JHp5/krgNn7BOVhn6uuP1IzFZ2+AAAA[0m[Pipeline] // withEnv
[8mha:////4GP6mrG9q/Gqdojnf426wFEx45PmjUr6I62sqg9ok3LDAAAApR+LCAAAAAAAAP9tjTEOwjAQBC9BFLSUPMJpkIKEqNJaaXiBiQ/jxLoztkNS8SK+xh+wiETFFqudbeb1hnUMcOJgRI80WIqdFd6NJi8xcRiujifR80V0TJEdihanljU2C7acEJYUJawkbJA6x9GSSbCVvXqoyiky1TmF/B0llFbf4QmFzOakQvrCHGB3G3Vk+nn+CmD2PkF5qHPV+w9NsUDPvgAAAA==[0m[Pipeline] }
[8mha:////4NMYDEnai7oKirUU0IRaUY6iYSzpBTUAO/Etu40WJ65PAAAApR+LCAAAAAAAAP9tjTEOwjAQBC9BFLSUPOJSUBAJUaW10vACExvjxLoztkNS8SK+xh+wiETFFqudbeb1hnUMcOJgsNc0WIqdRe9GkxdOHIar4wl7vmDHFNlpbPXUstLNgi0nDUuKElYCNpo6x9GSSbAVvXzIykky1TmF/B0FlFbd4QmFyOYkQ/rCHGB3G1Vk+nn+CmD2PkFZ17kO+w87lnKgvgAAAA==[0m[Pipeline] // stage
[8mha:////4FzFnhUWMdockJhIquIAz9V+EOMwK58RJJJAQrCCPbLTAAAApx+LCAAAAAAAAP9tjTEOwjAUQ3+LOrAycohUbFSIqWuUhROEJIS00f8lSWknTsTVuAOBSkx4sGxL1nu+oIoBjhQs6wz2DqNybPCjzYlNFPqLp4l1dGaKMJI3TJhJkDbtUgUlA4uKElYc1gaVp+jQJtjwTt5l7SXa+pRC3g4cSqdv8ICCZ3KSIX3LHGB7HXUk/HH+AmAeEpS7Jtu++TyrNzpYNt7CAAAA[0m[Pipeline] stage
[8mha:////4N341yiTIHLa0plhBTwA3PKyLXbHgoheRB/aGiduL3WxAAAApx+LCAAAAAAAAP9tjTEOwjAUQ3+LOrAycoiUkQoxdY2ycIKQhJA2+r8kKe3EibgadyBQiQkPlm3Jes8XVDHAkYJlncHeYVSODX60ObGJQn/xNLGOzkwRRvKGCTMJ0qZdqqBkYFFRworD2qDyFB3aBBveybusvURbn1LI24FD6fQNHlDwTE4ypG+ZA2yvo46EP85fAMxDgnLfZGt2n2f1Btc458LCAAAA[0m[Pipeline] { (Deploy Backend)
[8mha:////4BpOoQyr9wLfm5fFl3MZ58N4WJI9ONtkHMPjZWULooyQAAAAox+LCAAAAAAAAP9tjTEOwjAQBC9BFLSUPOICJUJUaS03vMDExjix7oztkFS8iK/xBwKRqNhitbPNPF+wTBGOHC22hjpHqXEYfG+nhQPH7uJ5wJbP2DAl9galGSRrU88oORuYU5SwELAy1HhOjmyGtWjVXVVeka1OOU7fQUDp9A0eUIjJnFXMXxgjbK69Tkw/z18BjCFDud9+ahfe3xDHZb4AAAA=[0m[Pipeline] tool
[8mha:////4MWVbZFBvXXcz8ppTdfkdV189bS8ZPDLaRMLVjHNNFJtAAAApB+LCAAAAAAAAP9tjTEOwjAQBC9BFLSUPOKC6BCiSmu54QUmNsaJdWdsh6TiRXyNPxCIRMUWq51t5vmCZYpw5GixNdQ5So3D4Hs7LRw4dhfPA7Z8xoYpsTcozSBZm3pGydnAnKKEhYCVocZzcmQzrEWr7qryimx1ynH6DgJKp2/wgEJM5qxi/sIYYXPtdWL6ef4KYAwZyv32U7vwBhxD6k6+AAAA[0m[Pipeline] envVarsForTool
[8mha:////4LimrQT8AMuVZQhGGWpNZIQAxAQHncOqX1Pd7HTYXoY/AAAApx+LCAAAAAAAAP9tjTEOwjAUQ3+LOrAycogUiQkhpq5RFk4QmhDSRv+Xn5R24kRcjTvQUokJD5ZtyXqvNxSR4UTsRGOx9RhrL7rQuymJgbi9BhpEQxdRE0YKVig7KDK2WqqiZGFRlsNKwtpiHSh6dAk2stEPXQaNrjwnnrajhNybOzwhkxM5aU7fMjJsb72JhD/OXwCMXYL8sJttPz+LD5M4m6TCAAAA[0m[Pipeline] withEnv
[8mha:////4IVNovRacbT3Ib2hstuD9pka48BLiWaYKMa+BGViArIFAAAApx+LCAAAAAAAAP9tjTEOwjAUQ3+LOrAycoh0gAUhpq5RFk4QmhDSRv+Xn5R24kRcjTvQUokJD5ZtyXqvNxSR4UTsRGOx9RhrL7rQuymJgbi9BhpEQxdRE0YKVig7KDK2WqqiZGFRlsNKwtpiHSh6dAk2stEPXQaNrjwnnrajhNybOzwhkxM5aU7fMjJsb72JhD/OXwCMXYL8sJttPz+LDypufCDCAAAA[0m[Pipeline] {
[8mha:////4GiTEKgbmvCoPDNLXZORaD5SVYJLI+aywP0C6xJSRjtZAAAApB+LCAAAAAAAAP9tjTEOwjAQBC9BFLSUPOLSQIEQVVrLDS8wsTFOrDtjOyQVL+Jr/IFAJCq2WO1sM88XLFOEI0eLraHOUWocBt/baeHAsbt4HrDlMzZMib1BaQbJ2tQzSs4G5hQlLASsDDWekyObYS1adVeVV2SrU47TdxBQOn2DBxRiMmcV8xfGCJtrrxPTz/NXAGPIUO63n9qFN8jx5PW+AAAA[0m[Pipeline] deploy
[DeployPublisher][INFO] Attempting to deploy 1 war file(s)
[DeployPublisher][INFO] Deploying /var/lib/jenkins/workspace/TestandoPipeline@2/target/tasks-backend.war to container Tomcat 8.x Remote with context tasks-backend
  Redeploying [/var/lib/jenkins/workspace/TestandoPipeline@2/target/tasks-backend.war]
  Undeploying [/var/lib/jenkins/workspace/TestandoPipeline@2/target/tasks-backend.war]
  Deploying [/var/lib/jenkins/workspace/TestandoPipeline@2/target/tasks-backend.war]
[8mha:////4LjuRItn4Kygi/cVHyr9y51vYViiEyEayUyFHlVYlJMtAAAApR+LCAAAAAAAAP9tjTEOwjAQBC9BFLSUPOLSICSEqNJabniBiY1xYt0Z2yGpeBFf4w8EIlGxxWpnm3m+YJkiHDlabA11jlLjMPjeTgsHjt3F84Atn7FhSuwNSjNI1qaeUXI2MKcoYSFgZajxnBzZDGvRqruqvCJbnXKcvoOA0ukbPKAQkzmrmL8wRthce52Yfp6/AhhDyFDud5/avgHSROg8vgAAAA==[0m[Pipeline] }
[8mha:////4BdraleSxLqF9a3pBSkVmHGANx/c50a3qFjE33874GcxAAAApR+LCAAAAAAAAP9tjTEOwjAQBC9BFLSUPOJSUCCEqNJabniBiY1xYt0Z2yGpeBFf4w8EIlGxxWpnm3m+YJkiHDlabA11jlLjMPjeTgsHjt3F84Atn7FhSuwNSjNI1qaeUXI2MKcoYSFgZajxnBzZDGvRqruqvCJbnXKcvoOA0ukbPKAQkzmrmL8wRthce52Yfp6/AhhDyFDud5/avgHUAtBpvgAAAA==[0m[Pipeline] // withEnv
[8mha:////4Ero6Ra2UF2xIWuRGDULda7yTTLJdwQA+JlpMZ1tKRNxAAAAox+LCAAAAAAAAP9tjTEOwjAQBC9BFLSUPOJCCUJUaS03vMDExjix7oztkFS8iK/xBwKRqNhitbPNPF+wTBGOHC22hjpHqXEYfG+nhQPH7uJ5wJbP2DAl9galGSRrU88oORuYU5SwELAy1HhOjmyGtWjVXVVeka1OOU7fQUDp9A0eUIjJnFXMXxgjbK69Tkw/z18BjCFkKPe7T23fu+GPAb4AAAA=[0m[Pipeline] }
[8mha:////4Ce5g4cqikj+HpCQCfCu3wQBa67nEsXJTgipuVUGu/ImAAAAox+LCAAAAAAAAP9tjTEOwjAQBC9BFLSUPMJpiRAVreWGF5jkME6sO2M7OBUv4mv8AYtIVGyx2tlmXm9YxwBHDkYMSKOl2Fnh3WTKEpnDeHWcxcAX0TFFdigUZsU9nhZUnBCWVDWsJGyQOsfRkkmwlYN+6MZpMs05hfIdJNS2v8MTKlnMSYf0hTnA7jb1kenn+SuA2fsEdduW2rcf+7sUqr4AAAA=[0m[Pipeline] // stage
[8mha:////4DHtlCPYvOeL+5E2ERwdi8yZ0AnBw4zvewrlFMNinKasAAAApx+LCAAAAAAAAP9tjbEOgjAURR8QBldHP6LAaIwTa8PiF9RSa6F5D9uHMPlF/pr/IEri5J3uucnNeb4gjwGOFKzoDPYOo3Zi8KNdmpgo9BdPk+joLDRhJG9EY6aGWlOv2BAbWJOkkEnYGNSeokPLsJWduqvCK7TFicOyHSSkrr3BAxK5mFkF/sIcYHcd20j48/wVwDwwpNWeIavK8nPN31XIWFHDAAAA[0m[Pipeline] stage
[8mha:////4LHvVV99gfnsNYGaHP0KGFiDnqC+up1taOM44rlzpI/TAAAAph+LCAAAAAAAAP9tjbEOgjAYhH8gDK6OPkSB2Ti5Nl18gkprbWn+H9oiTD6Rr+Y7iJA4ecPl7pLL93pDGQOcKBjmNHYWY2tZ70ezJDZR6G6eJuboylrCSF4zoSdBSp+3Kihp2JTlUHDYaWw9RYsmwZ47+ZCVl2iqSwrLduSQWzXAEzK+kJMMaS1zgMN9VJHwx/kLgLlPUDR1vXrz/ZYfJWyAvsQAAAA=[0m[Pipeline] { (API Test)
[8mha:////4JIoEj3/vTCMb3KAscj+ukssMdPk/7LIqaad24uOrhSfAAAApB+LCAAAAAAAAP9tjTESgjAQRRcYC1tLD7GIrWNFm0njCWKIMZDZxSQIlSfyat5BBmas/MWf/37z3h/YxABnDhZbQ52jqB32frDzwpFDd/M8YstX1EyRvUFpRsmNqVeUnAysyXIoBGwNac/RkU2wE616qtIrsuUlhfk7Cchd84AXZGI2JxXSAlOA/X1oItPP81cAU5+gqA7V0sf+C6iwe5rAAAAA[0m[Pipeline] tool
[8mha:////4Ee5rNPRDR/rzjpErKWWt9HAn8OSKKkTB9yJ5CUODdGpAAAApB+LCAAAAAAAAP9tjTESgjAQRRcYC1tLD7HIWDpWtJk0niCGGAOZXUyCUHkir+YdZGDGyl/8+e837/2BTQxw5mCxNdQ5itph7wc7Lxw5dDfPI7Z8Rc0U2RuUZpTcmHpFycnAmiyHQsDWkPYcHdkEO9Gqpyq9IlteUpi/k4DcNQ94QSZmc1IhLTAF2N+HJjL9PH8FMPUJiupQLX3sv+mBYIPAAAAA[0m[Pipeline] envVarsForTool
[8mha:////4NzdgbZyBWE7UG43gh6XF16kdh6FnTyxEbrfiTyneAM4AAAAqB+LCAAAAAAAAP9tjbEOgjAYhH8gDK6OPkSRxM04sTYsPkEttRaa/8e2WCafyFfzHayQOHnD5e6Sy/d6Q+kdnMhp1iscDHpp2GgnnRKL5Iarpch6ujBJ6Mkq1qrYUqeatbYUFKzKcig4bBRKS96gDrDlvXiIygrU1Tm4tB055Ka7wxMynshBuLCU2cHuNnWe8Mf5C4B5DFDU+3rxw/dbfgD5seh1xAAAAA==[0m[Pipeline] withEnv
[8mha:////4Aof6M5DiAgjbxoz4yJN/g5XkvvAPgz406SkyD0nv2zLAAAAqB+LCAAAAAAAAP9tjTEOwjAUQ39bdWBl5BApSDChTqxRF04QkhCSRv+XJKWdOBFX4w6UVmLCg2Vbst7rDWUMUFMwzGlsLUZpWed7MyU2UGivngbm6MIkYSSvWaOHhpQ+LbWhpGFRlkPBYaVReooWTYI1d+IhKi/QVOcUpu3IIbfqDk/I+EROIqS5jAE2t15Fwh/nLwDGLkGx2+5nP3y/5QdMFRcmxAAAAA==[0m[Pipeline] {
[8mha:////4EddDEsj5h91kMThdwCftDul/BkBoYigeWx9+iqfKt3kAAAAqB+LCAAAAAAAAP9tjTEOwjAUQ39bdWBl5BApDLCgTqxRF04QkhCSRv+XJKWdOBFX4w6UVmLCg2Vbst7rDWUMUFMwzGlsLUZpWed7MyU2UGivngbm6MIkYSSvWaOHhpQ+LbWhpGFRlkPBYaVReooWTYI1d+IhKi/QVOcUpu3IIbfqDk/I+EROIqS5jAE2t15Fwh/nLwDGLkGx2+5nP3y/5QeNKyY7xAAAAA==[0m[Pipeline] dir
Running in /var/lib/jenkins/workspace/TestandoPipeline@2/api-test
[8mha:////4INkvsM8BXsHxl97WKmfjlqhBTlqVnqi+0Y3szmpc6MAAAAAqB+LCAAAAAAAAP9tjTEOwjAUQ39bdWBl5BApLDCgTqxRF04QkhCSRv+XJKWdOBFX4w6UVmLCg2Vbst7rDWUMUFMwzGlsLUZpWed7MyU2UGivngbm6MIkYSSvWaOHhpQ+LbWhpGFRlkPBYaVReooWTYI1d+IhKi/QVOcUpu3IIbfqDk/I+EROIqS5jAE2t15Fwh/nLwDGLkGx2+5nP3y/5QfYKuSHxAAAAA==[0m[Pipeline] {
[8mha:////4N2NitVOPPZ0NuMDZyswVGAsc/icgCTfku2E3sHcsi6mAAAApR+LCAAAAAAAAP9tjTEOwjAQBC+JKGgpeYQDFUgoFa2VhhcY2xg71l2wHZyKF/E1/kCUSFRssdrZZt4fWMUADQXDnMbOYpSW9X4w02KZQnfzlJmjK5OEkbxmrc4tKX1esKWkYUlRQsVhrVF6ihZNgg134ilqL9DUlxSm78ShtOoBLyj4ZE4ipBnGANv7oCLhz/NXAGOfoNrvDnMf+y+lUfumwAAAAA==[0m[Pipeline] git
using credential github_login
Cloning the remote Git repository
Cloning repository https://github.com/clecioantao/tasks-api-test
 > git init /var/lib/jenkins/workspace/TestandoPipeline@2/api-test # timeout=10
Fetching upstream changes from https://github.com/clecioantao/tasks-api-test
 > git --version # timeout=10
using GIT_ASKPASS to set credentials Login Github
 > git fetch --tags --progress -- https://github.com/clecioantao/tasks-api-test +refs/heads/*:refs/remotes/origin/* # timeout=10
 > git config remote.origin.url https://github.com/clecioantao/tasks-api-test # timeout=10
 > git config --add remote.origin.fetch +refs/heads/*:refs/remotes/origin/* # timeout=10
 > git config remote.origin.url https://github.com/clecioantao/tasks-api-test # timeout=10
Fetching upstream changes from https://github.com/clecioantao/tasks-api-test
using GIT_ASKPASS to set credentials Login Github
 > git fetch --tags --progress -- https://github.com/clecioantao/tasks-api-test +refs/heads/*:refs/remotes/origin/* # timeout=10
 > git rev-parse refs/remotes/origin/master^{commit} # timeout=10
 > git rev-parse refs/remotes/origin/origin/master^{commit} # timeout=10
Checking out Revision 972cb7ee4fe40ea9c278e251c8507c30b0b80d62 (refs/remotes/origin/master)
 > git config core.sparsecheckout # timeout=10
 > git checkout -f 972cb7ee4fe40ea9c278e251c8507c30b0b80d62 # timeout=10
 > git branch -a -v --no-abbrev # timeout=10
 > git checkout -b master 972cb7ee4fe40ea9c278e251c8507c30b0b80d62 # timeout=10
Commit message: "first commit"
 > git rev-list --no-walk 972cb7ee4fe40ea9c278e251c8507c30b0b80d62 # timeout=10
[8mha:////4OAwuvzg1HFefX/YgMXZi4VSzM10V8V03583xzt7abaTAAAApR+LCAAAAAAAAP9tjTEOwjAQBC+JKGgpeYQDFUIoFa2VhhcY2xg71l2wHZyKF/E1/kCUSFRssdrZZt4fWMUADQXDnMbOYpSW9X4w02KZQnfzlJmjK5OEkbxmrc4tKX1esKWkYUlRQsVhrVF6ihZNgg134ilqL9DUlxSm78ShtOoBLyj4ZE4ipBnGANv7oCLhz/NXAGOfoNrvDnMf+y/kYOC/wAAAAA==[0m[Pipeline] sh
+ mvn test
[INFO] Scanning for projects...
[INFO] 
[INFO] ---------------------< br.testes.clecio:api-test >----------------------
[INFO] Building api-test 0.0.1-SNAPSHOT
[INFO] --------------------------------[ jar ]---------------------------------
[INFO] 
[INFO] --- maven-resources-plugin:2.6:resources (default-resources) @ api-test ---
[WARNING] Using platform encoding (UTF-8 actually) to copy filtered resources, i.e. build is platform dependent!
[INFO] skip non existing resourceDirectory /var/lib/jenkins/workspace/TestandoPipeline@2/api-test/src/main/resources
[INFO] 
[INFO] --- maven-compiler-plugin:3.1:compile (default-compile) @ api-test ---
[INFO] No sources to compile
[INFO] 
[INFO] --- maven-resources-plugin:2.6:testResources (default-testResources) @ api-test ---
[WARNING] Using platform encoding (UTF-8 actually) to copy filtered resources, i.e. build is platform dependent!
[INFO] skip non existing resourceDirectory /var/lib/jenkins/workspace/TestandoPipeline@2/api-test/src/test/resources
[INFO] 
[INFO] --- maven-compiler-plugin:3.1:testCompile (default-testCompile) @ api-test ---
[INFO] Changes detected - recompiling the module!
[WARNING] File encoding has not been set, using platform encoding UTF-8, i.e. build is platform dependent!
[INFO] Compiling 1 source file to /var/lib/jenkins/workspace/TestandoPipeline@2/api-test/target/test-classes
[INFO] 
[INFO] --- maven-surefire-plugin:2.12.4:test (default-test) @ api-test ---
[INFO] Surefire report directory: /var/lib/jenkins/workspace/TestandoPipeline@2/api-test/target/surefire-reports

-------------------------------------------------------
 T E S T S
-------------------------------------------------------
Running apitest.apiTest
HTTP/1.1 400 
Content-Type: application/json
Transfer-Encoding: chunked
Date: Sat, 02 May 2020 22:29:08 GMT
Connection: close

{
    "timestamp": "2020-05-02T22:29:08.754+0000",
    "status": 400,
    "error": "Bad Request",
    "message": "Due date must not be in past",
    "path": "/tasks-backend/todo"
}
Tests run: 3, Failures: 0, Errors: 0, Skipped: 0, Time elapsed: 4.212 sec

Results :

Tests run: 3, Failures: 0, Errors: 0, Skipped: 0

[INFO] ------------------------------------------------------------------------
[INFO] BUILD SUCCESS
[INFO] ------------------------------------------------------------------------
[INFO] Total time:  6.479 s
[INFO] Finished at: 2020-05-02T19:29:09-03:00
[INFO] ------------------------------------------------------------------------
[8mha:////4MraNwwYY9myTadLf84YHFxYm9X4KOi4nqt/aJHRJRprAAAApR+LCAAAAAAAAP9tjTESgjAQRRcYC1tLDxGgsnCsbDM0niCSGAOZXUwWofJEXs07GGXGyl/8+e837/mCVQxwoGBFZ7B3GFsnBj/atMREob94mkRHZ9ESRvJGNGZqSJvjgg2xgSVZDoWEtcHWU3RoGTayU3dVeoW2PHFI315C7vQNHpDJZGYV+AtzgO111JHw5/krgHkYGIq6rj5d7d4zyCh5wAAAAA==[0m[Pipeline] }
[8mha:////4LwwHKlwYE/An3QL6jtI2MmGgzp9KnBDAR1ySIcWwQrkAAAApR+LCAAAAAAAAP9tjTESwiAURH+SsbC19BBEGhvHKi2TxhMgIJIw/0cgJpUn8mreQTQzVm6xs2+b93zBKgY4UrCsM9g7jMqxwY82LzZR6C+eJtbRmSnCSN6w1kwtadMs2FIysKQooRKwNqg8RYc2wUZ08i5rL9HWpxTydxBQOn2DBxQim5MM6QtzgO111JHw5/krgHkYElSc80/v9m8R81iowAAAAA==[0m[Pipeline] // dir
[8mha:////4H1xm3P5sSQmxvETyvdQjL85CzPm55aiaBhhpqcc+812AAAAph+LCAAAAAAAAP9tjTEOwjAQBC+JKGgpeYRDkKgQFa2VhheYxBg71p2xLyQVL+Jr/IFAJCq2WO1sM88XLFKEA0UjnMbOYmqsCL430xIDxe7iaRCOzqIhTOS1qPVQU6uPM9bEGuZkORQSlhobT8miYVhJp+6q9ApNeeI4fXsJuW1v8IBMTmZWkb8wRlhf+zYR/jx/BTCGwFBU1fbTm90bNri5AMAAAAA=[0m[Pipeline] }
[8mha:////4OAy/Kp447LLXiXUZUatiKOagb9OZYdylrXbNXFNKWj0AAAAph+LCAAAAAAAAP9tjTEOwjAQBC+JKGgpeYRDBB2iorXS8AKTGGPHujP2haTiRXyNPxCIRMUWq51t5vmCRYpwoGiE09hZTI0VwfdmWmKg2F08DcLRWTSEibwWtR5qavVxxppYw5wsh0LCUmPjKVk0DCvp1F2VXqEpTxynby8ht+0NHpDJycwq8hfGCOtr3ybCn+evAMYQGIqq2n56s3sDFIPJ0cAAAAA=[0m[Pipeline] // withEnv
[8mha:////4N5BC4FZ6GtZb6zt4Qwx5fdPlBedGR4RvgiszeyI8XJuAAAAph+LCAAAAAAAAP9tjTEOwjAQBC+JKGgpeYSDJTpEldZKwwuMbYwT6y7YDknFi/gaf8AQiYotVjvbzPMFqxjgSMGyzmDvMCrHBj/avNhEob94mlhHZ6YII3nDWjO1pE2zYEvJwJKihErA2qDyFB3aBBvRybusvURbn1LI30FA6fQNHlCIbE4ypC/MAbbXUUfCn+evAOZhSFBxvv/0jr8BFUkEZMAAAAA=[0m[Pipeline] }
[8mha:////4KZ3oGMzN3wKrqz1DoPrYTusBYxkyHy20hgoz2XvAUiFAAAApR+LCAAAAAAAAP9tjTESgjAQRRcYC1tLDxGgsHKsbDM0niCSGAOZXUwWofJEXs07GGXGyl/8+e837/mCVQxwoGBFZ7B3GFsnBj/atMREob94mkRHZ9ESRvJGNGZqSJvjgg2xgSVZDoWEtcHWU3RoGTayU3dVeoW2PHFI315C7vQNHpDJZGYV+AtzgO111JHw5/krgHkYGIq63n26qt43cnS1wAAAAA==[0m[Pipeline] // stage
[8mha:////4AyAD+dG0jfnFZDSoVCORudKi3z5aA89fr+9frHwuBOpAAAAqR+LCAAAAAAAAP9tjTEOwjAQBC+JUtBS8ghHbpAQoqK10vAC4xjjxLoL9oWk4kV8jT8QiETFVjsrreb5gjJFOFB0orXYeUzGiz4Mbm5ipNhdAo2ipbMwhImCFbUda2rsccGa2MKSLIdCwcqiCZQ8Ooa1avVdV0Gjq04c522vIPfNDR6QqdnMOvIXpgib69Akwp/nrwCmniGXO4ZCyu3nWr4B/CB2IcMAAAA=[0m[Pipeline] stage
[8mha:////4PTeWYJt9GBgiudZLTPKztxKIT5E69oMu9KzDPaZDrFIAAAAqB+LCAAAAAAAAP9tjbEOgjAYhH8gDK6OPkQJiw7GibVh8QlqqbXQ/D+2xTL5RL6a72CFxMkbLneXXL7XG0rv4EROs17hYNBLw0Y76ZRYJDdcLUXW04VJQk9WsVbFljrVrLWloGBVlkPBYaNQWvIGdYAt78VDVFagrs7Bpe3IITfdHZ6Q8UQOwoWlzA52t6nzhD/OXwDMY4CirveLH77f8gPp+AX8xAAAAA==[0m[Pipeline] { (Deploy Frontend)
[8mha:////4MhOEwnwTnaRpa7sdVdnl7rGuf5+YUG8pJ35VcKpEzqVAAAApR+LCAAAAAAAAP9tjTEOwjAQBC+JKGgpeYSjVCAhqrRWGl5gYmPsWHfGdkgqXsTX+ANWIlGxxWpnm3l/YBMDnCloZhUOBmNvmHejzotNFIabo4lZurKeMJJTrFNTR1K1K3aUFKwpSqg4bBX2jqJBnWDHrXiK2gnU9SWF/J04lEY+4AUFz+YkQlpgDrC/jzIS/jx/BTD7BFXTHJY++i/RL0KwwAAAAA==[0m[Pipeline] tool
[8mha:////4Pzce/vYsbih5rgsXp081rPsnUpYww4raBgtG3URWNlvAAAApR+LCAAAAAAAAP9tjTEOwjAQBC+JKGgpeYSjVAghqrRWGl5gYmPsWHfGdkgqXsTX+ANWIlGxxWpnm3l/YBMDnCloZhUOBmNvmHejzotNFIabo4lZurKeMJJTrFNTR1K1K3aUFKwpSqg4bBX2jqJBnWDHrXiK2gnU9SWF/J04lEY+4AUFz+YkQlpgDrC/jzIS/jx/BTD7BFXTHJY++i+QHlmpwAAAAA==[0m[Pipeline] envVarsForTool
[8mha:////4IklhSB1sKNU1Z1McQ6aMdjGnCHaSihgQKsBHrTZFdkNAAAAqR+LCAAAAAAAAP9tjTEOwjAUQ39bdWBl5BApZWFATKxRF04Q2hCSRv+XJCWdOBFX4w6kVGLCg2Vbst7rDaV3cCSnmJHYa/StZoMdVUoskuuvliIzdGEtoScrWSNjQ508LbWhIGFRlkPBYSWxteQ1qgBrbsRDVFagqs7Bpe3AIdfdHZ6Q8UQOwoVvmRxsbmPnCX+cvwCYhgBFXe9n323nb/kBo55NS8QAAAA=[0m[Pipeline] withEnv
[8mha:////4NY443NbM0IpfVnDbF/ZICRVY8JjCDAMYa3GvklE76EcAAAApx+LCAAAAAAAAP9tjbEOgjAYhH8gDK6OPkQRV+PE2rD4BLXUWmj+H9timXwiX813sELi5A2Xu0su3+sNpXdwIqdZr3Aw6KVho510SiySG66WIuvpwiShJ6tYq2JLnWrW2lJQsCrLoeCwUSgteYM6wJb34iEqK1BX5+DSduSQm+4OT8h4IgfhwlJmB7vb1HnCH+cvAOYxQFEf9ovX32/5AUfIQ0nEAAAA[0m[Pipeline] {
[8mha:////4AI4dEroxa7zY/u5eocBCvP67b10rpJJyH0oLzyFDfJaAAAApx+LCAAAAAAAAP9tjbEOgjAYhH8gDK6OPkQJrMbJteniE1Raa0vz/9AWYfKJfDXfQYTEyRsud5dcvtcbyhjgRMEwp7GzGFvLej+aJbGJQnfzNDFHV9YSRvKaCT0JUvq8VUFJw6Ysh4LDTmPrKVo0CfbcyYesvERTXVJYtiOH3KoBnpDxhZxkSGuZAxzuo4qEP85fAMx9gqJu6tWb77f8AIb2clTEAAAA[0m[Pipeline] dir
Running in /var/lib/jenkins/workspace/TestandoPipeline@2/frontend
[8mha:////4KPlbVRamKNapSIL+zFohzNvQH6ImSNxwJMZXR2PgsFkAAAApx+LCAAAAAAAAP9tjbEOgjAYhH8gDK6OPkSJOBon1obFJ6il1kLz/9gWy+QT+Wq+gxUSJ2+43F1y+V5vKL2DEznNeoWDQS8NG+2kU2KR3HC1FFlPFyYJPVnFWhVb6lSz1paCglVZDgWHjUJpyRvUAba8Fw9RWYG6OgeXtiOH3HR3eELGEzkIF5YyO9jdps4T/jh/ATCPAYp9XS9++H7LD9P3sOjEAAAA[0m[Pipeline] {
[8mha:////4G+qScK3iklZSLGssXXLIINSSXKxMi8BD/taSWqtNrJUAAAApR+LCAAAAAAAAP9tjTsOwjAQRDeJKGgpOYQjPh1KRWul4QTGNsaOtRtsB6fiRFyNOxAlEhVTjOZN894fWMUADQXDnMbOYpSW9X4w02KZQnfzlJmjK5OEkbxmrc4tKX1esKWkYUlRQsVhrVF6ihZNgg134ilqL9DUlxSm78ShtOoBLyj4ZE4ipBnGANv7oCLhz/NXAGOfoNrtD3Mf+y+77HajwAAAAA==[0m[Pipeline] git
using credential github_login
Cloning the remote Git repository
Cloning repository https://github.com/clecioantao/tasks-frontend
 > git init /var/lib/jenkins/workspace/TestandoPipeline@2/frontend # timeout=10
Fetching upstream changes from https://github.com/clecioantao/tasks-frontend
 > git --version # timeout=10
using GIT_ASKPASS to set credentials Login Github
 > git fetch --tags --progress -- https://github.com/clecioantao/tasks-frontend +refs/heads/*:refs/remotes/origin/* # timeout=10
 > git config remote.origin.url https://github.com/clecioantao/tasks-frontend # timeout=10
 > git config --add remote.origin.fetch +refs/heads/*:refs/remotes/origin/* # timeout=10
 > git config remote.origin.url https://github.com/clecioantao/tasks-frontend # timeout=10
Fetching upstream changes from https://github.com/clecioantao/tasks-frontend
using GIT_ASKPASS to set credentials Login Github
 > git fetch --tags --progress -- https://github.com/clecioantao/tasks-frontend +refs/heads/*:refs/remotes/origin/* # timeout=10
 > git rev-parse refs/remotes/origin/master^{commit} # timeout=10
 > git rev-parse refs/remotes/origin/origin/master^{commit} # timeout=10
Checking out Revision e8dab6a1344e278805def048a48100d194a3ceec (refs/remotes/origin/master)
 > git config core.sparsecheckout # timeout=10
 > git checkout -f e8dab6a1344e278805def048a48100d194a3ceec # timeout=10
 > git branch -a -v --no-abbrev # timeout=10
 > git checkout -b master e8dab6a1344e278805def048a48100d194a3ceec # timeout=10
Commit message: "Update TasksController.java"
 > git rev-list --no-walk e8dab6a1344e278805def048a48100d194a3ceec # timeout=10
[8mha:////4PFwb5IojtxWng2v6mtsMyRMpysJs+1DnjLWTVjp9S0LAAAApR+LCAAAAAAAAP9tjTEOwjAQBC+JKGgpeYQjQFQoFa2VhhcY2xg71l2wHZyKF/E1/kCUSFRssdrZZt4fWMUADQXDnMbOYpSW9X4w02KZQnfzlJmjK5OEkbxmrc4tKX1esKWkYUlRQsVhrVF6ihZNgg134ilqL9DUlxSm78ShtOoBLyj4ZE4ipBnGANv7oCLhz/NXAGOfoNrtD3Mf+y/63W26wAAAAA==[0m[Pipeline] sh
+ mvn clean package
[INFO] Scanning for projects...
[INFO] 
[INFO] -------------------< br.ce.wcaquino:tasks-frontend >--------------------
[INFO] Building tasks-frontend 0.0.1-SNAPSHOT
[INFO] --------------------------------[ war ]---------------------------------
[INFO] 
[INFO] --- maven-clean-plugin:3.1.0:clean (default-clean) @ tasks-frontend ---
[INFO] 
[INFO] --- maven-resources-plugin:3.1.0:resources (default-resources) @ tasks-frontend ---
[INFO] Using 'UTF-8' encoding to copy filtered resources.
[INFO] Copying 1 resource
[INFO] Copying 22 resources
[INFO] 
[INFO] --- maven-compiler-plugin:3.8.1:compile (default-compile) @ tasks-frontend ---
[INFO] Changes detected - recompiling the module!
[INFO] Compiling 4 source files to /var/lib/jenkins/workspace/TestandoPipeline@2/frontend/target/classes
[INFO] 
[INFO] --- maven-resources-plugin:3.1.0:testResources (default-testResources) @ tasks-frontend ---
[INFO] Using 'UTF-8' encoding to copy filtered resources.
[INFO] skip non existing resourceDirectory /var/lib/jenkins/workspace/TestandoPipeline@2/frontend/src/test/resources
[INFO] 
[INFO] --- maven-compiler-plugin:3.8.1:testCompile (default-testCompile) @ tasks-frontend ---
[INFO] No sources to compile
[INFO] 
[INFO] --- maven-surefire-plugin:2.22.2:test (default-test) @ tasks-frontend ---
[INFO] No tests to run.
[INFO] 
[INFO] --- maven-war-plugin:3.2.3:war (default-war) @ tasks-frontend ---
[INFO] Packaging webapp
[INFO] Assembling webapp [tasks-frontend] in [/var/lib/jenkins/workspace/TestandoPipeline@2/frontend/target/tasks]
[INFO] Processing war project
[INFO] Webapp assembled in [97 msecs]
[INFO] Building war: /var/lib/jenkins/workspace/TestandoPipeline@2/frontend/target/tasks.war
[INFO] 
[INFO] --- spring-boot-maven-plugin:2.2.4.RELEASE:repackage (repackage) @ tasks-frontend ---
[INFO] Replacing main artifact with repackaged archive
[INFO] ------------------------------------------------------------------------
[INFO] BUILD SUCCESS
[INFO] ------------------------------------------------------------------------
[INFO] Total time:  3.860 s
[INFO] Finished at: 2020-05-02T19:29:22-03:00
[INFO] ------------------------------------------------------------------------
[8mha:////4KCgp0dJjCIHD7+B8mR/pKV/7+sGaQxdsajl24MTuay4AAAAph+LCAAAAAAAAP9tjTEOwjAQBC+JKGgpeYQjQKJBqWitNLzA2MbYse6C7eBUvIiv8QeiRKJii9XONvP+wCoGaCgY5jR2FqO0rPeDmRbLFLqbp8wcXZkkjOQ1a3VuSenzgi0lDUuKEioOa43SU7RoEmy4E09Re4GmvqQwfScOpVUPeEHBJ3MSIc0wBtjeBxUJf56/Ahj7BNVuf5j72H8BOY5AkcAAAAA=[0m[Pipeline] deploy
[DeployPublisher][INFO] Attempting to deploy 1 war file(s)
[DeployPublisher][INFO] Deploying /var/lib/jenkins/workspace/TestandoPipeline@2/frontend/target/tasks.war to container Tomcat 8.x Remote with context tasks
  Redeploying [/var/lib/jenkins/workspace/TestandoPipeline@2/frontend/target/tasks.war]
  Undeploying [/var/lib/jenkins/workspace/TestandoPipeline@2/frontend/target/tasks.war]
  Deploying [/var/lib/jenkins/workspace/TestandoPipeline@2/frontend/target/tasks.war]
[8mha:////4M6M1biw4qXxvJoVcd0Fpu3tbbVwaRIzB8qzyzb4++SGAAAAph+LCAAAAAAAAP9tjTEOwjAQBC+JKGgpeYQjoKBAqWitNLzA2MbYse6C7eBUvIiv8QeiRKJii9XONvP+wCoGaCgY5jR2FqO0rPeDmRbLFLqbp8wcXZkkjOQ1a3VuSenzgi0lDUuKEioOa43SU7RoEmy4E09Re4GmvqQwfScOpVUPeEHBJ3MSIc0wBtjeBxUJf56/Ahj7PkG12x/nPnwBxVdbB8AAAAA=[0m[Pipeline] }
[8mha:////4OizcJFYOPFfdhqszl1uC9UJHFif5yX9kyFzoBGJLE1tAAAApR+LCAAAAAAAAP9tjbEOgjAURR8QB1dHP+IRmUyME2vTxS+opdZC8x62RZj8In/Nf5BA4uQdbu65y3l/YBMDnDlYbA11jqJ22PvBzgtHDt3N84gtX1EzRfYGpRklN6ZeUXIysCbLoRCwNaQ9R0c2wU606qlKr8iWlxTm7yQgd80DXpCJ2ZxUSAtMAfb3oYlMP89fAUx9n6A4VMelqy+6FxSGwAAAAA==[0m[Pipeline] // dir
[8mha:////4L4ORjW0QXoKZJKOc3gcSPnMbIHGQainYyf0JlaceQUuAAAApR+LCAAAAAAAAP9tjTEOwjAQBC+JKGgpeYSj0CFEldZKwwtMbIwd687YDknFi/gaf8BKJCq2WO1sM+8PbGKAMwXNrMLBYOwN827UebGJwnBzNDFLV9YTRnKKdWrqSKp2xY6SgjVFCRWHrcLeUTSoE+y4FU9RO4G6vqSQvxOH0sgHvKDg2ZxESAvMAfb3UUbCn+evAGbvE1TN4bh08wW0TWq5wAAAAA==[0m[Pipeline] }
[8mha:////4EzOFNaJqu5E+P2Ag/W/1btXRSbT6ELjCBedkqECrt33AAAApR+LCAAAAAAAAP9tjTESwiAURH+SsbC19BAkaulY2TI0ngABkYT5PwKRVJ7Iq3kHo5mxcoudfdu85wsWMcCBgmWtwc5hVI71frDTYplCd/GUWUtnpggjecOEyYK0Oc4oKBmYU5RQcVgaVJ6iQ5tgxVt5l7WXaOtTCtO351A6fYMHFHwyJxnSF8YA6+ugI+HP81cAY98nqDa75tPb5g1vOF+XwAAAAA==[0m[Pipeline] // withEnv
[8mha:////4IqsO1PXlNKs/xsnwGWcFUA3sKr9tIrbOLWTNBZTzBFjAAAAph+LCAAAAAAAAP9tjTEOwjAQBC+JKGgpeYQji4ICUaW10vACYxtjx7oLtkNS8SK+xh8IRKJii9XONvN8wSpFOFK0zBvsHCblWB8GOy82UuwugUbm6cwUYaJgWGvGlrRpFmwpG1hSlFAJWBtUgZJDm2EjvLzLOki09SnH+TsIKJ2+wQMKMZuzjPkLU4TtddCJ8Of5K4Cp7zNUfMc/zfdvu/VhhMAAAAA=[0m[Pipeline] }
[8mha:////4Pyk4ojV4QnYyP9fPeo0xRCjmJ3ac7F2XIfyV7RVFOg1AAAAph+LCAAAAAAAAP9tjTEOwjAQBC+JKGgpeYSjgESDqGgtN7zA2MY4se6C7eBUvIiv8QcCkajYYrWzzTxfsIgBDhQsaw12DqNyrPeDnRbLFLqLp8xaOjNFGMkbJkwWpM1xRkHJwJyihIrD0qDyFB3aBCveyrusvURbn1KYvj2H0ukbPKDgkznJkL4wBlhfBx0Jf56/Ahj7PkHVbDefbnZvsN+OwsAAAAA=[0m[Pipeline] // stage
[8mha:////4CTZHCEY7R+byFDqezyZ3PN9vc2gFQzE1DSkB+kMprPWAAAAqB+LCAAAAAAAAP9tjbEOgjAURR8QBldHP6KEMBnjxNqw+AW11Fpo3sP2IUx+kb/mP4iSOHmne25yc54vyGOAIwUrOoO9w6idGPxolyYmCv3F0yQ6OgtNGMkb0ZipodbUKzbEBtYkKWQSNga1p+jQMmxlp+6q8AptceKwbAcJqWtv8IBELmZWgb8wB9hdxzYS/jx/BTAPDGm5Z8jKqvpc8zdmoCTmwwAAAA==[0m[Pipeline] stage
[8mha:////4Ox7g1q3xzu2QBDxS7SeRP3ulbkxS2IyFNWTh+iMRHqxAAAAqB+LCAAAAAAAAP9tjbEOgjAYhH8gDK6OPkSJwc04sTYsPkEttRaa/8e2WCafyFfzHayQOHnD5e6Sy/d6Q+kdnMhp1iscDHpp2GgnnRKL5Iarpch6ujBJ6Mkq1qrYUqeatbYUFKzKcig4bBRKS96gDrDlvXiIygrU1Tm4tB055Ka7wxMynshBuLCU2cHuNnWe8Mf5C4B5DFDs63rxw/dbfgA1WfEVxAAAAA==[0m[Pipeline] { (Functional Test)
[8mha:////4BqRD4BKZNJGjpIgojs+GykPUvrmpKgf25f2cSaUkzgiAAAApR+LCAAAAAAAAP9tjTEOwjAQBC+JKGgpeYQjBFQoFa2VhhcY2xg71l2wHZyKF/E1/kCUSFRssdrZZt4fWMUADQXDnMbOYpSW9X4w02KZQnfzlJmjK5OEkbxmrc4tKX1esKWkYUlRQsVhrVF6ihZNgg134ilqL9DUlxSm78ShtOoBLyj4ZE4ipBnGANv7oCLhz/NXAGOfoNrtD3Mf+y+XqhGmwAAAAA==[0m[Pipeline] tool
[8mha:////4NE3S2zanf6SR7N/c4uRJr90KxS6XpxT48rnsandMH42AAAAph+LCAAAAAAAAP9tjTEOwjAQBC+JKGgpeYQjBKJBqWitNLzA2MbYse6C7eBUvIiv8QeiRKJii9XONvP+wCoGaCgY5jR2FqO0rPeDmRbLFLqbp8wcXZkkjOQ1a3VuSenzgi0lDUuKEioOa43SU7RoEmy4E09Re4GmvqQwfScOpVUPeEHBJ3MSIc0wBtjeBxUJf56/Ahj7BNVuf5j72H8BVPk8jcAAAAA=[0m[Pipeline] envVarsForTool
[8mha:////4AeTlq6hGJNLSMi9EtOwFigrwfcsxnscoVpzDbVFwvD0AAAAqR+LCAAAAAAAAP9tjTEOwjAUQ39bdWBl5BCpEEgMqBNr1IUThCSEpNH/JUlpJ07E1bgDpZWY8GDZlqz3ekMZA9QUDHMaW4tRWtb53kyJDRTaq6eBObowSRjJa9booSGlT0ttKGlYlOVQcFhplJ6iRZNgzZ14iMoLNNU5hWk7csitusMTMj6RkwhpLmOAza1XkfDH+QuAsUtQbHf72Q/fb/kBFML958QAAAA=[0m[Pipeline] withEnv
[8mha:////4EXG0J/EBo9IsUh+8Ysjn4pPBykHjpcnUrHtKDriIAUSAAAAqR+LCAAAAAAAAP9tjTEOwjAUQ39bdWBl5BCpEANIqBNr1IUThCSEpNH/JUlpJ07E1bgDpZWY8GDZlqz3ekMZA9QUDHMaW4tRWtb53kyJDRTaq6eBObowSRjJa9booSGlT0ttKGlYlOVQcFhplJ6iRZNgzZ14iMoLNNU5hWk7csitusMTMj6RkwhpLmOAza1XkfDH+QuAsUtQbHf72Q/fb/kBMaI1YcQAAAA=[0m[Pipeline] {
[8mha:////4G18rCetunlom2B3d04/6W33ZxkK1CTckcq43LLvpidAAAAAqB+LCAAAAAAAAP9tjTEOwjAUQ39bdWBl5BCpEAsIdWKNunCCkISQNPq/JCntxIm4GnegtBITHizbkvVebyhjgJqCYU5jazFKyzrfmymxgUJ79TQwRxcmCSN5zRo9NKT0aakNJQ2LshwKDiuN0lO0aBKsuRMPUXmBpjqnMG1HDrlVd3hCxidyEiHNZQywufUqEv44fwEwdgmK7W4/++H7LT/l7v3YxAAAAA==[0m[Pipeline] dir
Running in /var/lib/jenkins/workspace/TestandoPipeline@2/functional-test
[8mha:////4Cx4YjLVucfG7HT9iUQXDz4gq3N03hVT9RSZ2JSOuOAFAAAAqR+LCAAAAAAAAP9tjTEOwjAUQ39bdWBl5BApCBaEmFijLJwgpCGkjf4vSUo6cSKuxh1oqcSEB8u2ZL3XG8rg4UjesEZjazEoyzrXmzGxRL69OkqsoQtThIGcZkInQbU+zVVQ1DAry6HgsNCoHAWLJsKSN/IhKyfRVOfox+3AIbf1HZ6Q8ZEcpY/fMnhY3fo6EP44fwEwdBGKzXY/+W49fcsPzM3wocQAAAA=[0m[Pipeline] {
[8mha:////4BIjsJHNegxkcutHNmjN7Jo3U3HWjtalW6bop7YK8fJTAAAApR+LCAAAAAAAAP9tjbEOgjAURR8QB1dHP+IhiZtxYm26+AW11Fpo3sO2CJNf5K/5DxJInLzDzT13Oe8PbGKAMweLraHOUdQOez/YeeHIobt5HrHlK2qmyN6gNKPkxtQrSk4G1mQ5FAK2hrTn6Mgm2IlWPVXpFdnyksL8nQTkrnnACzIxm5MKaYEpwP4+NJHp5/krgKlPUFTHw9JV/wUlGhknwAAAAA==[0m[Pipeline] git
using credential github
Cloning the remote Git repository
Cloning repository https://github.com/clecioantao/tasks-functional-test
 > git init /var/lib/jenkins/workspace/TestandoPipeline@2/functional-test # timeout=10
Fetching upstream changes from https://github.com/clecioantao/tasks-functional-test
 > git --version # timeout=10
using GIT_ASKPASS to set credentials github
 > git fetch --tags --progress -- https://github.com/clecioantao/tasks-functional-test +refs/heads/*:refs/remotes/origin/* # timeout=10
 > git config remote.origin.url https://github.com/clecioantao/tasks-functional-test # timeout=10
 > git config --add remote.origin.fetch +refs/heads/*:refs/remotes/origin/* # timeout=10
 > git config remote.origin.url https://github.com/clecioantao/tasks-functional-test # timeout=10
Fetching upstream changes from https://github.com/clecioantao/tasks-functional-test
using GIT_ASKPASS to set credentials github
 > git fetch --tags --progress -- https://github.com/clecioantao/tasks-functional-test +refs/heads/*:refs/remotes/origin/* # timeout=10
 > git rev-parse refs/remotes/origin/master^{commit} # timeout=10
 > git rev-parse refs/remotes/origin/origin/master^{commit} # timeout=10
Checking out Revision 46695f001c779ca8dfb3a48817c1ae0cff1c3527 (refs/remotes/origin/master)
 > git config core.sparsecheckout # timeout=10
 > git checkout -f 46695f001c779ca8dfb3a48817c1ae0cff1c3527 # timeout=10
 > git branch -a -v --no-abbrev # timeout=10
 > git checkout -b master 46695f001c779ca8dfb3a48817c1ae0cff1c3527 # timeout=10
Commit message: "removido mensagem do erro"
 > git rev-list --no-walk 46695f001c779ca8dfb3a48817c1ae0cff1c3527 # timeout=10
[8mha:////4NEVR0S5NZdwv/iljNdAg0qOb67nMsg2NtEvMQUiSfieAAAApR+LCAAAAAAAAP9tjTEOwjAQBC+JKGgpeYQDiA6lorXS8AJjG2PHugu2g1PxIr7GH4gSiYotVjvbzPsDqxigoWCY09hZjNKy3g9mWixT6G6eMnN0ZZIwktes1bklpc8LtpQ0LClKqDisNUpP0aJJsOFOPEXtBZr6ksL0nTiUVj3gBQWfzEmENMMYYHsfVCT8ef4KYOwTVPvjbu5D/wXmSTQMwAAAAA==[0m[Pipeline] sh
+ mvn test
[INFO] Scanning for projects...
[INFO] 
[INFO] ----------------< br.ce.wcaquino.tasks:functional-test >----------------
[INFO] Building functional-test 0.0.1-SNAPSHOT
[INFO] --------------------------------[ jar ]---------------------------------
[INFO] 
[INFO] --- maven-resources-plugin:2.6:resources (default-resources) @ functional-test ---
[WARNING] Using platform encoding (UTF-8 actually) to copy filtered resources, i.e. build is platform dependent!
[INFO] skip non existing resourceDirectory /var/lib/jenkins/workspace/TestandoPipeline@2/functional-test/src/main/resources
[INFO] 
[INFO] --- maven-compiler-plugin:3.1:compile (default-compile) @ functional-test ---
[INFO] No sources to compile
[INFO] 
[INFO] --- maven-resources-plugin:2.6:testResources (default-testResources) @ functional-test ---
[WARNING] Using platform encoding (UTF-8 actually) to copy filtered resources, i.e. build is platform dependent!
[INFO] skip non existing resourceDirectory /var/lib/jenkins/workspace/TestandoPipeline@2/functional-test/src/test/resources
[INFO] 
[INFO] --- maven-compiler-plugin:3.1:testCompile (default-testCompile) @ functional-test ---
[INFO] Changes detected - recompiling the module!
[WARNING] File encoding has not been set, using platform encoding UTF-8, i.e. build is platform dependent!
[INFO] Compiling 2 source files to /var/lib/jenkins/workspace/TestandoPipeline@2/functional-test/target/test-classes
[WARNING] /var/lib/jenkins/workspace/TestandoPipeline@2/functional-test/src/test/java/br/ce/wcaquino/tasks/functional/TasksTest.java:[33,42] unmappable character for encoding UTF8
[WARNING] /var/lib/jenkins/workspace/TestandoPipeline@2/functional-test/src/test/java/br/ce/wcaquino/tasks/functional/TasksTest.java:[33,43] unmappable character for encoding UTF8
[WARNING] /var/lib/jenkins/workspace/TestandoPipeline@2/functional-test/src/test/java/br/ce/wcaquino/tasks/functional/TasksTest.java:[82,42] unmappable character for encoding UTF8
[WARNING] /var/lib/jenkins/workspace/TestandoPipeline@2/functional-test/src/test/java/br/ce/wcaquino/tasks/functional/TasksTest.java:[82,43] unmappable character for encoding UTF8
[WARNING] /var/lib/jenkins/workspace/TestandoPipeline@2/functional-test/src/test/java/br/ce/wcaquino/tasks/functional/TasksTest.java:[105,42] unmappable character for encoding UTF8
[WARNING] /var/lib/jenkins/workspace/TestandoPipeline@2/functional-test/src/test/java/br/ce/wcaquino/tasks/functional/TasksTest.java:[105,43] unmappable character for encoding UTF8
[INFO] 
[INFO] --- maven-surefire-plugin:2.20:test (default-test) @ functional-test ---
[INFO] 
[INFO] -------------------------------------------------------
[INFO]  T E S T S
[INFO] -------------------------------------------------------
[INFO] Running br.ce.wcaquino.tasks.functional.TasksTest
mai 02, 2020 7:29:38 PM org.openqa.selenium.remote.DesiredCapabilities chrome
INFORMAÃÃES: Using `new ChromeOptions()` is preferred to `DesiredCapabilities.chrome()`
mai 02, 2020 7:29:43 PM org.openqa.selenium.remote.ProtocolHandshake createSession
INFORMAÃÃES: Detected dialect: W3C
mai 02, 2020 7:29:38 PM org.openqa.selenium.remote.DesiredCapabilities chrome
INFORMAÃÃES: Using `new ChromeOptions()` is preferred to `DesiredCapabilities.chrome()`
mai 02, 2020 7:29:39 PM org.openqa.selenium.remote.ProtocolHandshake createSession
INFORMAÃÃES: Detected dialect: W3C
mai 02, 2020 7:29:38 PM org.openqa.selenium.remote.DesiredCapabilities chrome
INFORMAÃÃES: Using `new ChromeOptions()` is preferred to `DesiredCapabilities.chrome()`
mai 02, 2020 7:29:42 PM org.openqa.selenium.remote.ProtocolHandshake createSession
INFORMAÃÃES: Detected dialect: W3C
mai 02, 2020 7:29:38 PM org.openqa.selenium.remote.DesiredCapabilities chrome
INFORMAÃÃES: Using `new ChromeOptions()` is preferred to `DesiredCapabilities.chrome()`
mai 02, 2020 7:29:42 PM org.openqa.selenium.remote.ProtocolHandshake createSession
INFORMAÃÃES: Detected dialect: W3C
mai 02, 2020 7:29:38 PM org.openqa.selenium.remote.DesiredCapabilities chrome
INFORMAÃÃES: Using `new ChromeOptions()` is preferred to `DesiredCapabilities.chrome()`
mai 02, 2020 7:29:39 PM org.openqa.selenium.remote.ProtocolHandshake createSession
INFORMAÃÃES: Detected dialect: W3C
[INFO] Tests run: 5, Failures: 0, Errors: 0, Skipped: 0, Time elapsed: 5.605 s - in br.ce.wcaquino.tasks.functional.TasksTest
[INFO] 
[INFO] Results:
[INFO] 
[INFO] Tests run: 5, Failures: 0, Errors: 0, Skipped: 0
[INFO] 
[INFO] ------------------------------------------------------------------------
[INFO] BUILD SUCCESS
[INFO] ------------------------------------------------------------------------
[INFO] Total time:  8.161 s
[INFO] Finished at: 2020-05-02T19:29:44-03:00
[INFO] ------------------------------------------------------------------------
[8mha:////4O8Vo1kKDExNTANrkb3kCq7YFSGJ3P88XgbsAG/VxOwzAAAApR+LCAAAAAAAAP9tjTEOwjAQBC+JKGgpeYQDgg6lorXS8AJjG2PHugu2g1PxIr7GH4gSiYotVjvbzPsDqxigoWCY09hZjNKy3g9mWixT6G6eMnN0ZZIwktes1bklpc8LtpQ0LClKqDisNUpP0aJJsOFOPEXtBZr6ksL0nTiUVj3gBQWfzEmENMMYYHsfVCT8ef4KYOz7BNX+eJh79wVtjCj6wAAAAA==[0m[Pipeline] }
[8mha:////4C1oXPas2K8nT9GpGyk/8ew01tXER1PRNzqkSBPnCBnOAAAAph+LCAAAAAAAAP9tjTEOwjAQBC+JKGgpeYQjRBqEqGitNLzAJMbYse6MfSGpeBFf4w8EIlGxxWpnm3m+YJEiHCga4TR2FlNjRfC9mZYYKHYXT4NwdBYNYSKvRa2Hmlp9nLEm1jAny6GQsNTYeEoWDcNKOnVXpVdoyhPH6dtLyG17gwdkcjKzivyFMcL62reJ8Of5K4AxBIZiU1Wf3u7egJwSCcAAAAA=[0m[Pipeline] // dir
[8mha:////4OudLO2gwix628YR1jXSzMFi6eLLjdj4cKkZTX7igZL4AAAApx+LCAAAAAAAAP9tjTEOwjAQBC+JKGgpeYQjBEhIiIrWcsMLjG2ME+su2A5JxYv4Gn/AEImKLVY728zzBbMY4EDBssZg6zAqxzrf27zYQKG9eBpYQ2emCCN5w4QZBGlznFBQMjClKKHiMDeoPEWHNsGCN/Iuay/R1qcU8rfnUDp9gwcUPJuTDOkLY4DltdeR8Of5K4Cx6xJUq8320+vdG6KnYtjAAAAA[0m[Pipeline] }
[8mha:////4ITt3/vQHsCuaFaWKytJraj0p+vct13Wv7x4ouxsoTb7AAAApx+LCAAAAAAAAP9tjTEOwjAQBC+JKGgpeYQjBIICUdFabniBsY1xYt0F2yGpeBFf4w8YIlGxxWpnm3m+YBYDHChY1hhsHUblWOd7mxcbKLQXTwNr6MwUYSRvmDCDIG2OEwpKBqYUJVQc5gaVp+jQJljwRt5l7SXa+pRC/vYcSqdv8ICCZ3OSIX1hDLC89joS/jx/BTB2XYJqtdl+er17A66gNXnAAAAA[0m[Pipeline] // withEnv
[8mha:////4LTRfaQbFiuvSEz/jJY88mSVvUWLx6wW8DaNUF14nFcPAAAApx+LCAAAAAAAAP9tjTEOwjAQBC+JKGgpeYQjRCQKREVrpeEFJjHGjnVn7AtJxYv4Gn8gEImKLVY728zzBYsU4UDRCKexs5gaK4LvzbTEQLG7eBqEo7NoCBN5LWo91NTq44w1sYY5WQ6FhKXGxlOyaBhW0qm7Kr1CU544Tt9eQm7bGzwgk5OZVeQvjBHW175NhD/PXwGMITAUm2r36W31BqD6S0bAAAAA[0m[Pipeline] }
[8mha:////4AFxjq/u2C3P+bq5q9PKvHI2JGSReUhxAnA8PSh2R5IUAAAApx+LCAAAAAAAAP9tjTEOwjAQBC+JKGgpeYQjFAokREVrpeEFJjHGjnVn7AtJxYv4Gn8gEImKLVY728zzBYsU4UDRCKexs5gaK4LvzbTEQLG7eBqEo7NoCBN5LWo91NTq44w1sYY5WQ6FhKXGxlOyaBhW0qm7Kr1CU544Tt9eQm7bGzwgk5OZVeQvjBHW175NhD/PXwGMITAUm+3u01X1BuofZy7AAAAA[0m[Pipeline] // stage
[8mha:////4DOyHhzeQiF6xqysohoSJ4e2uuydBQe+CAvIe62nJMuLAAAAqR+LCAAAAAAAAP9tjbEOgjAURR8QBldHP6KExIUYJ9aGxS+opdZC8x62D2Hyi/w1/0GUxMk73XOTm/N8QR4DHClY0RnsHUbtxOBHuzQxUegvnibR0VlowkjeiMZMDbWmXrEhNrAmSSGTsDGoPUWHlmErO3VXhVdoixOHZTtISF17gwckcjGzCvyFOcDuOraR8Of5K4B5YEjLiiEr99Xnmr8Bjr0YgsMAAAA=[0m[Pipeline] stage
[8mha:////4HYBDKs96GDVenE7jeZ9XkXBetV9r6QmyJwxdJYxN/WgAAAAqh+LCAAAAAAAAP9tjTEOwjAUQ39bdWBl5BApSDAgxMQaZeEEIQ0hbfR/SVLSiRNxNe5ASyUmPFi2Jeu93lAGD0fyhjUaW4tBWda53oyJJfLt1VFiDV2YIgzkNBM6Car1aa6CooZZWQ4Fh4VG5ShYNBGWvJEPWTmJpjpHP24HDrmt7/CEjI/kKH38lsHD6tbXgfDH+QuAoYtQbLb7yXfr6Vt+ACDA9HrEAAAA[0m[Pipeline] { (Deploy Prod Compose Build)
[8mha:////4MvqhKSVdyyLpq+m1Pb8lTDeJysxcmrVb9FwEic6rHqQAAAApR+LCAAAAAAAAP9tjTESgjAQRRcYC1tLD7FIYeVY0WbSeIIYYgxkdjEJQuWJvJp3kIEZK3/x57/fvPcHNjHAmYPF1lDnKGqHvR/svHDk0N08j9jyFTVTZG9QmlFyY+oVJScDa7IcCgFbQ9pzdGQT7ESrnqr0imx5SWH+TgJy1zzgBZmYzUmFtMAUYH8fmsj08/wVwNQnKKrjYemq/wJRZKAxwAAAAA==[0m[Pipeline] tool
[8mha:////4BhavYFZoGuJI+6lIzwqWNHl4aKSWMEaW220U1M4k8nNAAAApR+LCAAAAAAAAP9tjTEOwjAQBC+JKGgpeYQDSFQoFa2VhhcY2xg71l2wHZyKF/E1/kCUSFRssdrZZt4fWMUADQXDnMbOYpSW9X4w02KZQnfzlJmjK5OEkbxmrc4tKX1esKWkYUlRQsVhrVF6ihZNgg134ilqL9DUlxSm78ShtOoBLyj4ZE4ipBnGANv7oCLhz/NXAGOfoNofd3Mf+i+SN40awAAAAA==[0m[Pipeline] envVarsForTool
[8mha:////4GhBvkZFbxE7vgqKmbtzBpGwFjsDTT76bn/KOFZn2ijEAAAAqB+LCAAAAAAAAP9tjTEOwjAUQ39bdWBl5BApCDGhTqxRF04QkhCSRv+XJKWdOBFX4w6UVmLCg2Vbst7rDWUMUFMwzGlsLUZpWed7MyU2UGivngbm6MIkYSSvWaOHhpQ+LbWhpGFRlkPBYaVReooWTYI1d+IhKi/QVOcUpu3IIbfqDk/I+EROIqS5jAE2t15Fwh/nLwDGLkGxO2xn33+/5QeaUV+8xAAAAA==[0m[Pipeline] withEnv
[8mha:////4CH6qT2dMEGPxo16wn2/GW2MxLIVfdbBH9kf00rd/02xAAAAqB+LCAAAAAAAAP9tjTEOwjAUQ39bdWBl5BCpEDChTqxRF04QkhCSRv+XJKWdOBFX4w6UVmLCg2Vbst7rDWUMUFMwzGlsLUZpWed7MyU2UGivngbm6MIkYSSvWaOHhpQ+LbWhpGFRlkPBYaVReooWTYI1d+IhKi/QVOcUpu3IIbfqDk/I+EROIqS5jAE2t15Fwh/nLwDGLkGxPexm33+/5QfSs8TWxAAAAA==[0m[Pipeline] {
[8mha:////4N/xjWfqnDC3fEKBQWHeu/t8GtAt6bM0WounmsNVDS5TAAAApR+LCAAAAAAAAP9tjbEOgjAURR8QB1dHP6LERCbjxNp08QtqqbXQvIevRZj8In/Nf5BA4uQdbu65y3l/YBMZzsROtBY7j9F40YfBzUuMxN0t0ChaugpDGClYoeyoqLH1ioqShTVZDoWErUUTKHp0CXay1U9dBo2uvCSev5OE3DcPeEEmZ3PSnBaYGPb3oYmEP89fAUx9guJQHZeu+i+vr4bRwAAAAA==[0m[Pipeline] sh
+ docker-compose build
db uses an image, skipping
Building backend
Couldn't connect to Docker daemon at http+docker://localhost - is it running?

If it's at a non-standard location, specify the URL with the DOCKER_HOST environment variable.
[8mha:////4IQJcpgZX2/knzoB4h6NmGwOyIlsuB69bozRJ5Wn5X+8AAAAph+LCAAAAAAAAP9tjTEOwjAQBC+JKGgpeYQjJKBBqWitNLzA2MbYse6C7eBUvIiv8QeiRKJii9XONvP+wCoGaCgY5jR2FqO0rPeDmRbLFLqbp8wcXZkkjOQ1a3VuSenzgi0lDUuKEioOa43SU7RoEmy4E09Re4GmvqQwfScOpVUPeEHBJ3MSIc0wBtjeBxUJf56/Ahj7PkG1Oxzn3n8BDFbMesAAAAA=[0m[Pipeline] }
[8mha:////4FqvfuRAZEwkbU7Mf4GZO/iSBFyAFJ5nK3EHMDzJIWjOAAAAph+LCAAAAAAAAP9tjTEOwjAQBC+JKGgpeYQjhBAFSkVrpeEFxjbGjnUXbAen4kV8jT8QJRIVW6x2tpn3B1YxQEPBMKexsxilZb0fzLRYptDdPGXm6MokYSSvWatzS0qfF2wpaVhSlFBxWGuUnqJFk2DDnXiK2gs09SWF6TtxKK16wAsKPpmTCGmGMcD2PqhI+PP8FcDY9wmq3eE49/4LG8jfQsAAAAA=[0m[Pipeline] // withEnv
[8mha:////4NZBF+iExxLZe0Alo2pXtYGEt6rTY8gMD8GcMG7Yi5oBAAAAph+LCAAAAAAAAP9tjTEOwjAQBC+JKGgpeYQDBRISSkVrpeEFxjbGjnUXbAen4kV8jT8QJRIVW6x2tpn3B1YxQEPBMKexsxilZb0fzLRYptDdPGXm6MokYSSvWatzS0qfF2wpaVhSlFBxWGuUnqJFk2DDnXiK2gs09SWF6TtxKK16wAsKPpmTCGmGMcD2PqhI+PP8FcDY9wmq/eE49+4LSOmeLcAAAAA=[0m[Pipeline] }
[8mha:////4GyQOwX9AQQQdeVgpji9h4Xz/aL1QvRy3v6dQVG3n+UyAAAApx+LCAAAAAAAAP9tjTEOwjAQBC+JKGgpeYQjJCgiREVrpeEFJjHGjnVn7AtJxYv4Gn8gEImKLVY728zzBYsU4UDRCKexs5gaK4LvzbTEQLG7eBqEo7NoCBN5LWo91NTq44w1sYY5WQ6FhKXGxlOyaBhW0qm7Kr1CU544Tt9eQm7bGzwgk5OZVeQvjBHW175NhD/PXwGMITAUm1316W31BhlrLuvAAAAA[0m[Pipeline] // stage
[8mha:////4E8Ul6CLuRvrGiQYOPw+NkyxHOx4OaDuuOoYLpzNks9aAAAAqR+LCAAAAAAAAP9tjbEOgjAURR8QBldHP6LIYmIMk2vD4hfUUmuheQ/bhzD5Rf6a/yBK4uSd7rnJzXm+II8BKgpWtAY7h1E70fvBzk2MFLqLp1G0dBaaMJI3ojZjTY05LlgTG1iSpJBJWBnUnqJDy7CWrbqrwiu0xYnDvB0kpK65wQMSOZtZBf7CFGBzHZpI+PP8FcDUM6TlniErd9vPNX8Db/2IMsMAAAA=[0m[Pipeline] stage
[8mha:////4JKtao3CrsH1xxTdP5oGWIQTDxfzRjGJq/OI62cVO3aHAAAAqB+LCAAAAAAAAP9tjbEOgjAYhH8gDK6OPkSRxcU4sTYsPkEttRaa/8e2WCafyFfzHayQOHnD5e6Sy/d6Q+kdnMhp1iscDHpp2GgnnRKL5Iarpch6ujBJ6Mkq1qrYUqeatbYUFKzKcig4bBRKS96gDrDlvXiIygrU1Tm4tB055Ka7wxMynshBuLCU2cHuNnWe8Mf5C4B5DFDUh/3i9fdbfgDChrV9xAAAAA==[0m[Pipeline] { (Deploy Prod Compose Up)
Stage "Deploy Prod Compose Up" skipped due to earlier failure(s)
[8mha:////4DUSEM4Idur7i42YlumRtTW3SomtYjqh/E6blfZ12rG4AAAApR+LCAAAAAAAAP9tjTEOwjAQBC+JKGgpeYSjUNAgqrRWGl5gYmPsWHfGdkgqXsTX+ANWIlGxxWpnm3l/YBMDnCloZhUOBmNvmHejzotNFIabo4lZurKeMJJTrFNTR1K1K3aUFKwpSqg4bBX2jqJBnWDHrXiK2gnU9SWF/J04lEY+4AUFz+YkQlpgDrC/jzIS/jx/BTB7n6Bqjoelmy+w0ktbwAAAAA==[0m[Pipeline] }
[8mha:////4OD3/aOnI1LTravm30lzzuGFrxoaALLOZv2ZMdIrBzgoAAAAph+LCAAAAAAAAP9tjTEOwjAQBC+JKGgpeYQDQqJBqWitNLzA2MbYse6C7eBUvIiv8QeiRKJii9XONvP+wCoGaCgY5jR2FqO0rPeDmRbLFLqbp8wcXZkkjOQ1a3VuSenzgi0lDUuKEioOa43SU7RoEmy4E09Re4GmvqQwfScOpVUPeEHBJ3MSIc0wBtjeBxUJf56/Ahj7PkG1Px7m3n0Bkuk7isAAAAA=[0m[Pipeline] // stage
[8mha:////4LFCLEP7dNTjFqebjOEdc4Fj4qgWesm0dayxMHUVx8HTAAAAqR+LCAAAAAAAAP9tjUEOgjAQRQcIC7cuPUQJiTExhpXbphtPUKHWQjOD7SCsPJFX8w6iJK78q/9+8vOeL8hjgIqCFa3BzmGsnej9YOcmRgrdxdMoWjqLmjCSN0KZUVFjjgsqYgNLkhQyCSuDtafo0DKsZavvuvAabXHiMG8HCalrbvCARM5m1oG/MAXYXIcmEv48fwUw9QxpuWfIyt32c83feb8ZqcMAAAA=[0m[Pipeline] stage
[8mha:////4BRc2teE2hf0YTDfNCqqgiN+WerjRkGiHNoR0O7u6Z4SAAAAqB+LCAAAAAAAAP9tjTEOwjAUQ39bdWBl5BCpkIAFdWKNunCCkISQNPq/JCntxIm4GnegtBITHizbkvVebyhjgJqCYU5jazFKyzrfmymxgUJ79TQwRxcmCSN5zRo9NKT0aakNJQ2LshwKDiuN0lO0aBKsuRMPUXmBpjqnMG1HDrlVd3hCxidyEiHNZQywufUqEv44fwEwdgmK7WE3+/77LT+r/yLlxAAAAA==[0m[Pipeline] { (Health Check)
Stage "Health Check" skipped due to earlier failure(s)
[8mha:////4KvSVT+lmAYBrdPEVwiiwy1xo+u0RPVrfqIN/qtkndYNAAAApR+LCAAAAAAAAP9tjTESgjAQRRcYC1tLDxHGQhrHijaTxhPEEGMgs4ubIFSeyKt5BxmYsfIXf/77zXt/YBMZzsROtBY7j9F40YfBzUuMxN0t0ChaugpDGClYoeyoqLH1ioqShTVZDoWErUUTKHp0CXay1U9dBo2uvCSev5OE3DcPeEEmZ3PSnBaYGPb3oYmEP89fAUx9n6A4VNXSxy+6MmmowAAAAA==[0m[Pipeline] }
[8mha:////4Iv5dIflj101MCN2zEzLpFP11DtAsmu0tQi5kItSeBbDAAAAph+LCAAAAAAAAP9tjTEOwjAQBC+JKGgpeYQjJAQFSkVrpeEFxjbGjnUXbAen4kV8jT8QJRIVW6x2tpn3B1YxQEPBMKexsxilZb0fzLRYptDdPGXm6MokYSSvWatzS0qfF2wpaVhSlFBxWGuUnqJFk2DDnXiK2gs09SWF6TtxKK16wAsKPpmTCGmGMcD2PqhI+PP8FcDY9wmq3eE49/4LmAkZecAAAAA=[0m[Pipeline] // stage
[8mha:////4M3U0yA/nQSaVvvnuACy4uwQDXMwFzB6PM0FU4L7aN6dAAAAqR+LCAAAAAAAAP9tjbEOgjAURR8QBldHP6KExWgMk2vTxS+oUGuheQ/bhzD5Rf6a/yBK4uSd7rnJzXm+II8BKgpWtAY7h7F2oveDnZsYKXQXT6No6SxqwkjeCGVGRY05LqiIDSxJUsgkrAzWnqJDy7CWrb7rwmu0xYnDvB0kpK65wQMSOZtZB/7CFGBzHZpI+PP8FcDUM6TlniErt7vPNX8DAn/b3sMAAAA=[0m[Pipeline] stage
[8mha:////4AHacGw46vttNwry97MTU7sxE97ny7sVGW4wwI7OOstWAAAAqB+LCAAAAAAAAP9tjTEOwjAUQ39bdWBl5BCpWBAIdWKNunCCkISQNPq/JCntxIm4GnegtBITHizbkvVebyhjgJqCYU5jazFKyzrfmymxgUJ79TQwRxcmCSN5zRo9NKT0aakNJQ2LshwKDiuN0lO0aBKsuRMPUXmBpjqnMG1HDrlVd3hCxidyEiHNZQywufUqEv44fwEwdgmK7W4/++H7LT9RcuqXxAAAAA==[0m[Pipeline] { (Declarative: Post Actions)
[8mha:////4NoDgDNKcCX9oV8+2GGjewX4mnfNHBOY4UrgJ2WowXG1AAAAph+LCAAAAAAAAP9tjTEOwjAQBC+JKGgpeYQDDQghKlrLDS8wtjFOrLtgOyQVL+Jr/AFDJCq2WO1sM88XzGKAAwXLGoOtw6gc63xv82IDhfbiaWANnZkijOQNE2YQpM1xQkHJwJSihIrD3KDyFB3aBAveyLusvURbn1LI355D6fQNHlDwbE4ypC+MAZbXXkfCn+evAMYuQbXe7D69XXVvkKb9DcAAAAA=[0m[Pipeline] junit
Recording test results
[8mha:////4Kn/UlCoyLZnz5xwQvfgT5qmgQRYAX64ykRmxx12iLnQAAAAph+LCAAAAAAAAP9tjTEOwjAQBC+JKGgpeYSjNCCEqGgtN7zA2MY4se6C7eBUvIiv8QcCkajYYrWzzTxfsIgBDhQsaw12DqNyrPeDnRbLFLqLp8xaOjNFGMkbJkwWpM1xRkHJwJyihIrD0qDyFB3aBCveyrusvURbn1KYvj2H0ukbPKDgkznJkL4wBlhfBx0Jf56/Ahj7BFWz2X162/Rv0ZfmFMAAAAA=[0m[Pipeline] archiveArtifacts
Skipped archiving because build is not successful
[8mha:////4CBQk+Wv/70t8CSZHxIXVZDTKPPuniqEzdm7vMXn4JAwAAAApx+LCAAAAAAAAP9tjTEOwjAQBC+JKGgpeYQjKEAIUdFabniBsY1xYt0F2yGpeBFf4w8YIlGxxWpnm3m+YBYDHChY1hhsHUblWOd7mxcbKLQXTwNr6MwUYSRvmDCDIG2OEwpKBqYUJVQc5gaVp+jQJljwRt5l7SXa+pRC/vYcSqdv8ICCZ3OSIX1hDLC89joS/jx/BTB2CarVZvfp7bp7AxLEyz/AAAAA[0m[Pipeline] emailext
Sending email to: wcaquino+jenkins@gmail.com
Connection error sending email, retrying once more in 10 seconds...
Connection error sending email, retrying once more in 10 seconds...
Failed after second try sending email
[8mha:////4NpPUjDo+bJzbxzNv7FTBAxOfGU7/FAxPMn+RoUXXjvbAAAApx+LCAAAAAAAAP9tjTEOwjAQBC+JKGgpeYQjhARCiIrWcsMLjG2ME+su2A5JxYv4Gn/AEImKLVY728zzBbMY4EDBssZg6zAqxzrf27zYQKG9eBpYQ2emCCN5w4QZBGlznFBQMjClKKHiMDeoPEWHNsGCN/Iuay/R1qcU8rfnUDp9gwcUPJuTDOkLY4DltdeR8Of5K4Cx6xJUq+3605vdG6hRTT/AAAAA[0m[Pipeline] }
[8mha:////4M9CaxYR58PtdjvuRGlaIMwRXAgJZjpMbbxv+jNCVbywAAAApx+LCAAAAAAAAP9tjTEOwjAQBC+JKGgpeYQjJARIiIrWcsMLjG2ME+su2A5JxYv4Gn/AEImKLVY728zzBbMY4EDBssZg6zAqxzrf27zYQKG9eBpYQ2emCCN5w4QZBGlznFBQMjClKKHiMDeoPEWHNsGCN/Iuay/R1qcU8rfnUDp9gwcUPJuTDOkLY4DltdeR8Of5K4Cx6xJUq+3605vdG7Bf7Y3AAAAA[0m[Pipeline] // stage
[8mha:////4AQ557Odo0BTZ6hlarqFLYZR1flQrqk9aqnfebAOulhhAAAAph+LCAAAAAAAAP9tjbEOgjAURR8QB1dHP6KEwRhjmFwbFr+glloLzXvYPoTJL/LX/AcbSZy80z1nOa83rGKAmoIVncHeYdRODH606YmJQn/1NImOLkITRvJGNGZqqDWnBRtiA8uyHAoJa4PaU3RoGTayUw9VeoW2PHNI7ighd+0dnpDJVGYV+AtzgO1tbCPhr/M3APMwMBTVfseQV4cPApEZsL8AAAA=[0m[Pipeline] }
[8mha:////4JIY67NH6QG5dYF9O/uv7F5TPxujtPyAofkoHCM+IJTnAAAAph+LCAAAAAAAAP9tjbEOgjAURR8QB1dHP6KERU0Mk2vD4hfUUmuheQ/bhzD5Rf6a/2AjiZN3uucs5/WGVQxQU7CiM9g7jNqJwY82PTFR6K+eJtHRRWjCSN6IxkwNtea0YENsYFmWQyFhbVB7ig4tw0Z26qFKr9CWZw7JHSXkrr3DEzKZyqwCf2EOsL2NbST8df4GYB4GhqLa7xjy6vABOtOKQb8AAAA=[0m[Pipeline] // withEnv
[8mha:////4AV7ijShyeCCT0FurqcfPEQmeEX1mjzfD0AWzHY0rk2GAAAApR+LCAAAAAAAAP9tjTESgjAQRRcYC1tLDxGGisKxss2k8QQRYgxkdmOyCJUn8mrewYzMWPmr/17zXm/YpAhHilYMBkeHqXMi+MnmJ2aK49XTLAa6iI4wkTdCmVlRb04rKmID64oSKglbg52n5NAy7OSgH7r2Gm195pjdQULp+js8oZC5zDryF5YI+9vUJ8Jf528AlhAYqqZtGcqm+QA7uArzvwAAAA==[0m[Pipeline] }
[8mha:////4HsCb6MiVBCov+XcZv0SlCH9Ronll5TpSY4+OM9kiaM3AAAApR+LCAAAAAAAAP9tjTESgjAQRRcYC1tLDxGk0hmHyjZD4wkiiTGQ2cVkESpP5NW8gxmZsfJX/73mvd6wigFqClZ0BnuHsXVi8KNNT0wU+qunSXR0ES1hJG9EY6aGtDkt2BAbWJblUEhYG2w9RYeWYSM79VClV2jLM4fkjhJyp+/whEymMqvAX5gDbG+jjoS/zt8AzMPAUFT7A0Ne7T54Olt1vwAAAA==[0m[Pipeline] // withEnv
[8mha:////4H57F//81bn+RLbt0w40gFQKV0Znla5FAOFYlUREkNcIAAAAph+LCAAAAAAAAP9tjTEOwjAQBM+JKGgpeYQjJCSEEBWtlYYXGMcYJ9ZdsC84FS/ia/yBiEhUbLUzzbzesEgRjhSdbC12HpPxsg+Dm57MFLtroCxbukhDmChYWdtcU2NPM9bEFuaJAkoFS4smUPLoGFaq1Q9dBY2uOnOc3EFB4Zs7PEGoqcw68hfGCOvb0CTCX+dvAMa+Zyg3uz2D2H4AKBrUWL4AAAA=[0m[Pipeline] }
[8mha:////4P5MZfxr8nl9q3wywEpgctUAfI8NDMrTupADNZ765S98AAAApR+LCAAAAAAAAP9tjTEOwjAQBM+JKGgpeYQDokFCVLRWGl5gHGOcWHfBvuBUvIiv8QciIlGx1c4083rDIkU4UnSytdh5TMbLPgxuejJT7K6BsmzpIg1homBlbXNNjT3NWBNbmCcKKBUsLZpAyaNjWKlWP3QVNLrqzHFyBwWFb+7wBKGmMuvIXxgjrG9Dkwh/nb8BGPueodzuNwxi9wEvX/Y6vgAAAA==[0m[Pipeline] // node
[8mha:////4H+60fy+bW1xlNujn9Fco3T6btp0cJ738X7fXpgkrSr3AAAApB+LCAAAAAAAAP9tjTEOwjAQBM+JKGgpeYSjUCEhKlorDS8wsTFOrLtgX3AqXsTX+AMRkajYameaeb1hlSIcKTrZWew9ptbLIYxufjJT7K+BsuzoIlvCRMHKxuaGjD0t2BBbWCYKKBWsLbaBkkfHsFGdfugqaHTVmePsDgoKb+7wBKHmMuvIX5gibG+jSYS/zt8ATMPAUNb7mkHsPglGkXC+AAAA[0m[Pipeline] End of Pipeline
ERROR: script returned exit code 1
Finished: FAILURE
