Started by user [8mha:////4FHCZrbY86kmrO38llJbrl1wMls+PgNYdWOxp5kWtJotAAAAlx+LCAAAAAAAAP9b85aBtbiIQTGjNKU4P08vOT+vOD8nVc83PyU1x6OyILUoJzMv2y+/JJUBAhiZGBgqihhk0NSjKDWzXb3RdlLBUSYGJk8GtpzUvPSSDB8G5tKinBIGIZ+sxLJE/ZzEvHT94JKizLx0a6BxUmjGOUNodHsLgAzWEgZu/dLi1CL9xJTczDwAj6GcLcAAAAA=[0madmin
Obtained Jenkinsfile from git https://github.com/clecioantao/tasks-backend
Running in Durability level: MAX_SURVIVABILITY
[8mha:////4FIi0vARMWq4thxcAu7u+9V+di8l3irVaPtaPZNJ6oBQAAAAoh+LCAAAAAAAAP9tjTEOwjAQBM8BClpKHuFItIiK1krDC0x8GCfWnbEdkooX8TX+gCESFVvtrLSa5wtWKcKBo5UdUu8otU4GP9jS5Mixv3geZcdn2TIl9igbHBs2eJyx4YwwR1SwULBGaj0nRzbDRnX6rmuvydanHMu2V1A5c4MHCFXMWcf8hSnC9jqYxPTz/BXAFEIGsfuclm8zQVqFvQAAAA==[0m[Pipeline] Start of Pipeline
[8mha:////4Dp+Bq10PHNjom0B7Rbn83ULBpDSDE4kmt4JZAEowAgzAAAApR+LCAAAAAAAAP9tjTEOwjAUQ3+KOrAycohUghExsUZZOEFIQkgb/d8mKe3EibgadyBQiQlLlmxL1nu+oE4RjhQdby12HpP2vA+jK4lPFLtroIm3dOGaMFGwXNpJkrGnpUrKFhaxClYC1hZ1oOTRZdiIVt1VExS65pxj2Q4CKm8GeAAThZxVzN8yR9jeRpMIf5y/AJj7DGxXvP/86jduZBmjwAAAAA==[0m[Pipeline] node
Running on [8mha:////4J3a+c7s4AqI9c3lbFda1dGXC5z1DseVErO8HENUU1RwAAAAnh+LCAAAAAAAAP9b85aBtbiIQTGjNKU4P08vOT+vOD8nVc83PyU1x6OyILUoJzMv2y+/JJUBAhiZGBgqihhk0NSjKDWzXb3RdlLBUSYGJk8GtpzUvPSSDB8G5tKinBIGIZ+sxLJE/ZzEvHT94JKizLx0a6BxUmjGOUNodHsLgAz2EgZh/eT83ILSktQifY3cxGIgrakPAHib2iPIAAAA[0mJenkins in /var/lib/jenkins/workspace/TestandoPipeline
[8mha:////4ODTSXulxgxGEWZyaq0+UC0qFh2ccwNjnJT9rDCAui8NAAAApR+LCAAAAAAAAP9tjTEOwjAUQ3+KOrAycoh0gA0xsUZZOEFIQkgb/d8mKe3EibgadyBQiQlLlmxL1nu+oE4RjhQdby12HpP2vA+jK4lPFLtroIm3dOGaMFGwXNpJkrGnpUrKFhaxClYC1hZ1oOTRZdiIVt1VExS65pxj2Q4CKm8GeAAThZxVzN8yR9jeRpMIf5y/AJj7DGxXvP/86jfoP95RwAAAAA==[0m[Pipeline] {
[8mha:////4GAMZ0oivqpAduGVHZ8cIaLSJGmQPwVAjZitzuwarfBKAAAApR+LCAAAAAAAAP9tjTEOwjAUQ3+KOrAycoh0gQkxsUZZOEFIQkgb/d8mKe3EibgadyBQiQlLlmxL1nu+oE4RjhQdby12HpP2vA+jK4lPFLtroIm3dOGaMFGwXNpJkrGnpUrKFhaxClYC1hZ1oOTRZdiIVt1VExS65pxj2Q4CKm8GeAAThZxVzN8yR9jeRpMIf5y/AJj7DGxXvP/86jc09154wAAAAA==[0m[Pipeline] stage
[8mha:////4GtBUYrsmMPEC4v9MbyHlEMTUn15NgDW2XwRHURMraeyAAAApR+LCAAAAAAAAP9tjTEOwjAUQ3+KOrAycoh0ggUxsUZZOEFIQkgb/d8mKe3EibgadyBQiQlLlmxL1nu+oE4RjhQdby12HpP2vA+jK4lPFLtroIm3dOGaMFGwXNpJkrGnpUrKFhaxClYC1hZ1oOTRZdiIVt1VExS65pxj2Q4CKm8GeAAThZxVzN8yR9jeRpMIf5y/AJj7DGxXvP/86jek7ggRwAAAAA==[0m[Pipeline] { (Declarative: Checkout SCM)
[8mha:////4LUJrYACHwIlRHrsUt64irKaiQjoQJAAMb5Tl5GdWtkMAAAAoh+LCAAAAAAAAP9tjTEOAiEURD9rLGwtPQTbaWGsbAmNJ0AWEZb8zwLrbuWJvJp3kLiJlZNMMm+a93rDOic4UbLcG+wdZu14DKOti0+U+lugiXu6ck2YKRguzSSpM+cFJRUDS1gDKwEbgzpQdmgLbIVXD9UGhba9lFS/o4DGdQM8gYlqLiqVL8wJdvexy4Q/z18BzLEA29ce4gfg7KmOvAAAAA==[0m[Pipeline] checkout
No credentials specified
 > git rev-parse --is-inside-work-tree # timeout=10
Fetching changes from the remote Git repository
 > git config remote.origin.url https://github.com/clecioantao/tasks-backend # timeout=10
Fetching upstream changes from https://github.com/clecioantao/tasks-backend
 > git --version # timeout=10
 > git fetch --tags --progress -- https://github.com/clecioantao/tasks-backend +refs/heads/*:refs/remotes/origin/* # timeout=10
 > git rev-parse refs/remotes/origin/master^{commit} # timeout=10
 > git rev-parse refs/remotes/origin/origin/master^{commit} # timeout=10
Checking out Revision 71164a35e544de26e83cea184bb94b1ecb979ce9 (refs/remotes/origin/master)
 > git config core.sparsecheckout # timeout=10
 > git checkout -f 71164a35e544de26e83cea184bb94b1ecb979ce9 # timeout=10
Commit message: "Estrutura de ProduÃ§Ã£o"
 > git rev-list --no-walk 71164a35e544de26e83cea184bb94b1ecb979ce9 # timeout=10
[8mha:////4DolxGB1swp+wVnmHtPzv6C7YCA7b/Acsy9FgdFWqKg6AAAAoh+LCAAAAAAAAP9tjTEOAiEURD9rLGwtPQTbGRNjZUtoPAGyiLDkfxZYdytP5NW8g8RNrJxkknnTvNcb1jnBiZLl3mDvMGvHYxhtXXyi1N8CTdzTlWvCTMFwaSZJnTkvKKkYWMIaWAnYGNSBskNbYCu8eqg2KLTtpaT6HQU0rhvgCUxUc1GpfGFOsLuPXSb8ef4KYI6xADvU7j9Dg2gqvAAAAA==[0m[Pipeline] }
[8mha:////4LYzVBMrdpX7c/gp1uH1LwVCkY/r878h77K8Gn/zLGQ2AAAAoh+LCAAAAAAAAP9tjTEOAiEURD9rLGwtPQRbWRhjZUtoPAGyiLDkfxZYdytP5NW8g8RNrJxkknnTvNcb1jnBiZLl3mDvMGvHYxhtXXyi1N8CTdzTlWvCTMFwaSZJnTkvKKkYWMIaWAnYGNSBskNbYCu8eqg2KLTtpaT6HQU0rhvgCUxUc1GpfGFOsLuPXSb8ef4KYI6xADvU7j9J+wGOvAAAAA==[0m[Pipeline] // stage
[8mha:////4Lt2F6hkff59lPIU4WwdYMZ25RSOSQUC+BnuO6fYVihpAAAAph+LCAAAAAAAAP9tjTEOwjAQBM9BKWgpeYQDEh2iorXc8AITG+PEugv2haTiRXyNPxCIRMVWOyut5vmCMic4UPKycdgGzHWQXez91ORAqb1EGmRDZ1kTZopOajdosu44oyZ2MEcUsFCwdFhHygE9w0o15m6qaNBXJ07TtldQBHuDBwg1mdkk/sKYYH3tbSb8ef4KYOwYxI6h2G4+x/INtuQqUcEAAAA=[0m[Pipeline] withEnv
[8mha:////4AUnTvm/kj92fCGdxUDGfQxHjPXUea6e2jwrA2fgGq+kAAAApR+LCAAAAAAAAP9tjTEOwjAUQ3+DOrAycoiUzoiJNerCCUITQtLo/zZJSSdOxNW4Ay2VmPBg2Zas93pDGQOcKBjuNHYWY2t570czJ54pdDdPmTu68pYwkte80bkhpc9rbShpWFUw2AjYamw9RYsmwU44+ZCVl2iqSwrzdhTArBrgCYWYyUmG9C1TgP19VJHwx/kLgKlPwOrDYvXyLD8BobDcwgAAAA==[0m[Pipeline] {
[8mha:////4MXBH1OWJwpYc+emQQzVdcP5nANPJ9+lyoXGHBtgcCwfAAAAph+LCAAAAAAAAP9tjTEOwjAUQ3+LOrAycohUZUVMrFEWThCaEJJG/7dJSjpxIq7GHWipxIQHy7ZkvdcbqhjgRMEwp7GzGFvLej+aObFMobt5yszRlbWEkbxmQmdBSp/XKihpWFWUsOGw1dh6ihZNgh138iFrL9HUlxTm7cihtGqAJxR8JicZ0rdMAfb3UUXCH+cvAKY+Qdk0ix2WZ/UBbwyqm8IAAAA=[0m[Pipeline] stage
[8mha:////4MyOI5fotGcho4M5QN8POJPpfSejtQlNNLAAczwVF+b3AAAAph+LCAAAAAAAAP9tjTEOwjAUQ3+LOrAycohUwIiYukZZOEFoQkgb/V9+UtqJE3E17kBLJSY8WLYl673eUESGE7ETjcXWY6y96ELvpiQG4vYaaBANXURNGClYoeygyNhqqYqShUVZDisJa4t1oOjRJdjIRj90GTS68px42o4Scm/u8IRMTuSkOX3LyLC99SYS/jh/ATB2CfLdfrbD/Cw+y7kUycIAAAA=[0m[Pipeline] { (Declarative: Tool Install)
[8mha:////4DxzQUEdHRPTpaFllEM6xxT7eyjj/ukR9vJwGpMrex60AAAApB+LCAAAAAAAAP9tjTEOwjAQBC9BFLSUPOIiBB2iSmu54QUmNsaJdWdsh6TiRXyNPxCIRMUWq51t5vmCZYpw5GixNdQ5So3D4Hs7LRw4dhfPA7Z8xoYpsTcozSBZm3pGydnAnKKEhYCVocZzcmQzrEWr7qryimx1ynH6DgJKp2/wgEJM5qxi/sIYYXPtdWL6ef4KYAwZyu3uU/vwBgq0rvS+AAAA[0m[Pipeline] tool
[8mha:////4MU7l2Quel4qXDDHKURdTOZdScLOzcgEcbAPCFCHbYtgAAAApB+LCAAAAAAAAP9tjTEOwjAQBC9BFLSUPOIihKgQVVrLDS8wsTFOrDtjOyQVL+Jr/IFAJCq2WO1sM88XLFOEI0eLraHOUWocBt/baeHAsbt4HrDlMzZMib1BaQbJ2tQzSs4G5hQlLASsDDWekyObYS1adVeVV2SrU47TdxBQOn2DBxRiMmcV8xfGCJtrrxPTz/NXAGPIUG53n9qHN0uFte2+AAAA[0m[Pipeline] envVarsForTool
[8mha:////4EKPeYVb+GjB7wxSkdfVT8NkGNGDD31FTRvoRr8ElJxPAAAApR+LCAAAAAAAAP9tjTEOwjAQBC9BFLSUPOIihESDqNJabniBiY1xYt0Z2yGpeBFf4w8EIlGxxWpnm3m+YJkiHDlabA11jlLjMPjeTgsHjt3F84Atn7FhSuwNSjNI1qaeUXI2MKcoYSFgZajxnBzZDGvRqruqvCJbnXKcvoOA0ukbPKAQkzmrmL8wRthce52Yfp6/AhhDyFBu95/avQEeFbpZvgAAAA==[0m[Pipeline] }
[8mha:////4BxMp0ZQ26HJyPUM5klYMXOGYzMnLfcfSuqRDf3xE4y2AAAApB+LCAAAAAAAAP9tjTEOwjAQBC9BFLSUPOIiaCgQVVrLDS8wsTFOrDtjOyQVL+Jr/IFAJCq2WO1sM88XLFOEI0eLraHOUWocBt/baeHAsbt4HrDlMzZMib1BaQbJ2tQzSs4G5hQlLASsDDWekyObYS1adVeVV2SrU47TdxBQOn2DBxRiMmcV8xfGCJtrrxPTz/NXAGMIGcrt/lO7Ny324eW+AAAA[0m[Pipeline] // stage
[8mha:////4Lq0eBEy6TB3x8lAX0/d4bI8uP4M/qUbFDti0Er043W5AAAApx+LCAAAAAAAAP9tjTEOwjAUQ3+LOrAycohU3ZAQE2uUhROEJoSk0f9tkpJOnIircQdaKjHhwbItWe/1hioGOFEwzGnsLMbWst6PZk4sU+hunjJzdGUtYSSvmdBZkNLntQpKGlYVJWw4bDW2nqJFk2DHnXzI2ks09SWFeTtyKK0a4AkFn8lJhvQtU4D9fVSR8Mf5C4CpT1A2zWKH5Vl9AAkvMTrCAAAA[0m[Pipeline] withEnv
[8mha:////4IjK4TWXWM0zCV6LpcfKhA43N6kVjNEHl8Cy0R0UJCXeAAAApx+LCAAAAAAAAP9tjTEOwjAUQ3+LOrAycohUbCDE1DXKwglCE0La6P/yk9JOnIircQdaKjHhwbItWe/1hiIynIidaCy2HmPtRRd6NyUxELfXQINo6CJqwkjBCmUHRcZWS1WULCzKclhJWFusA0WPLsFGNvqhy6DRlefE03aUkHtzhydkciInzelbRobtrTeR8Mf5C4CxS5Dv9rMd5mfxASnCIIrCAAAA[0m[Pipeline] {
[8mha:////4D5NdkwgKVXeq1t9wT/EkhXpWNvhn69e9+BUw8boTqUTAAAApx+LCAAAAAAAAP9tjTEOwjAUQ3+LOrAycogU2BDqxBp14QShCSFp9H9JUtKJE3E17kCgEhMeLNuS9Z4vqIKHhrxmVmFvMHSGDW7UObFEvr84SszSmXWEgZxirUotSXWca0tRwayihAWHpcLOUTCoI6y4FXdRO4G6PkWftwOH0sgbPKDgmRyFj98yeVhfRxkIf5y/AJiGCOV2n223+TyrN7xWSV3CAAAA[0m[Pipeline] stage
[8mha:////4AnIPukIXzQ3i8gR+LQkfhC5CXnz4PDt648R3NajglvIAAAAph+LCAAAAAAAAP9tjTEOwjAUQ3+LOrAycogUWBFT1ygLJwhNCGmj/8tPSjtxIq7GHWipxIQHy7ZkvdcbishwInaisdh6jLUXXejdlMRA3F4DDaKhi6gJIwUrlB0UGVstVVGysCjLYSVhbbEOFD26BBvZ6Icug0ZXnhNP21FC7s0dnpDJiZw0p28ZGba33kTCH+cvAMYuQX7Yzbafn8UHbGnGmsIAAAA=[0m[Pipeline] { (Build Backend)
[8mha:////4MyxVLqmdtscb3rklPxFJ2VsVz6vU096K5J8do5p3y3KAAAAox+LCAAAAAAAAP9tjTEOwjAQBC9BFLSUPOIi0iIqWisNLzCJMXasO8d2cCpexNf4A4FIVGyx2tlmni9YxwBHDhqtot5QbA16N+p5YebQXx1ntHzBlimyU9io3HCnTgs2nBQsKUpYCdgoah1HQzrBVlh5l5WTpKtzCvN3EFCaboAHFGI2JxnSF6YAu9vYRaaf568AJp+grPefqv0bH7uiub4AAAA=[0m[Pipeline] tool
[8mha:////4CPDPw3kMrkglOHeI+45bDu4/Nc00X0+iJoJhUK1wOLxAAAAox+LCAAAAAAAAP9tjTEOwjAQBC9BFLSUPOIioERUaS03vMDExjix7oztkFS8iK/xBwKRqNhitbPNPF+wTBGOHC22hjpHqXEYfG+nhQPH7uJ5wJbP2DAl9galGSRrU88oORuYU5SwELAy1HhOjmyGtWjVXVVeka1OOU7fQUDp9A0eUIjJnFXMXxgjbK69Tkw/z18BjCFDudt+ah/eXoq5oL4AAAA=[0m[Pipeline] envVarsForTool
[8mha:////4NrVh7HbfYMEROXGDNYLOMCrB84BTfXWbgzQC9d3qaiWAAAApx+LCAAAAAAAAP9tjTEOwjAUQ3+LOrAycohUIDbE1DXKwglCE0La6P/yk9JOnIircQdaKjHhwbItWe/1hiIynIidaCy2HmPtRRd6NyUxELfXQINo6CJqwkjBCmUHRcZWS1WULCzKclhJWFusA0WPLsFGNvqhy6DRlefE03aUkHtzhydkciInzelbRobtrTeR8Mf5C4CxS5Dvd7Md5mfxAR8nhQvCAAAA[0m[Pipeline] withEnv
[8mha:////4JQcrNOPSpY3rN7rVpyCCVQE9AhRrvIanMVC1FAXbX1OAAAApx+LCAAAAAAAAP9tjTEOwjAUQ3+LOrAycohUQjAhpq5RFk4QmhDSRv+Xn5R24kRcjTvQUokJD5ZtyXqvNxSR4UTsRGOx9RhrL7rQuymJgbi9BhpEQxdRE0YKVig7KDK2WqqiZGFRlsNKwtpiHSh6dAk2stEPXQaNrjwnnrajhNybOzwhkxM5aU7fMjJsb72JhD/OXwCMXYJ8t5/tMD+LD/hYjrHCAAAA[0m[Pipeline] {
[8mha:////4CAvd4wIMCbS75kYbYDNO4dipDqIbnt0rSJ33iN2ANjeAAAApR+LCAAAAAAAAP9tjTEOwjAQBC9BFLSUPOIiIUGDqNJabniBiY1xYt0Z2yGpeBFf4w8EIlGxxWpnm3m+YJkiHDlabA11jlLjMPjeTgsHjt3F84Atn7FhSuwNSjNI1qaeUXI2MKcoYSFgZajxnBzZDGvRqruqvCJbnXKcvoOA0ukbPKAQkzmrmL8wRthce52Yfp6/AhhDhnK7+9Q+vAEIWoEpvgAAAA==[0m[Pipeline] sh
+ mvn clean package -DskipTests=true
[INFO] Scanning for projects...
[INFO] 
[INFO] --------------------< br.ce.wcaquino:tasks-backend >--------------------
[INFO] Building tasks-backend 0.0.1-SNAPSHOT
[INFO] --------------------------------[ war ]---------------------------------
[INFO] 
[INFO] --- maven-clean-plugin:3.1.0:clean (default-clean) @ tasks-backend ---
[INFO] Deleting /var/lib/jenkins/workspace/TestandoPipeline/target
[INFO] 
[INFO] --- jacoco-maven-plugin:0.8.3:prepare-agent (default) @ tasks-backend ---
[INFO] argLine set to -javaagent:/var/lib/jenkins/.m2/repository/org/jacoco/org.jacoco.agent/0.8.3/org.jacoco.agent-0.8.3-runtime.jar=destfile=/var/lib/jenkins/workspace/TestandoPipeline/target/jacoco.exec
[INFO] 
[INFO] --- maven-resources-plugin:3.1.0:resources (default-resources) @ tasks-backend ---
[INFO] Using 'UTF-8' encoding to copy filtered resources.
[INFO] Copying 1 resource
[INFO] Copying 0 resource
[INFO] 
[INFO] --- maven-compiler-plugin:3.8.1:compile (default-compile) @ tasks-backend ---
[INFO] Changes detected - recompiling the module!
[INFO] Compiling 7 source files to /var/lib/jenkins/workspace/TestandoPipeline/target/classes
[INFO] 
[INFO] --- maven-resources-plugin:3.1.0:testResources (default-testResources) @ tasks-backend ---
[INFO] Using 'UTF-8' encoding to copy filtered resources.
[INFO] skip non existing resourceDirectory /var/lib/jenkins/workspace/TestandoPipeline/src/test/resources
[INFO] 
[INFO] --- maven-compiler-plugin:3.8.1:testCompile (default-testCompile) @ tasks-backend ---
[INFO] Changes detected - recompiling the module!
[INFO] Compiling 2 source files to /var/lib/jenkins/workspace/TestandoPipeline/target/test-classes
[INFO] 
[INFO] --- maven-surefire-plugin:2.22.2:test (default-test) @ tasks-backend ---
[INFO] Tests are skipped.
[INFO] 
[INFO] --- maven-war-plugin:3.2.3:war (default-war) @ tasks-backend ---
[INFO] Packaging webapp
[INFO] Assembling webapp [tasks-backend] in [/var/lib/jenkins/workspace/TestandoPipeline/target/tasks-backend]
[INFO] Processing war project
[INFO] Webapp assembled in [109 msecs]
[INFO] Building war: /var/lib/jenkins/workspace/TestandoPipeline/target/tasks-backend.war
[INFO] 
[INFO] --- spring-boot-maven-plugin:2.2.4.RELEASE:repackage (repackage) @ tasks-backend ---
[INFO] Replacing main artifact with repackaged archive
[INFO] ------------------------------------------------------------------------
[INFO] BUILD SUCCESS
[INFO] ------------------------------------------------------------------------
[INFO] Total time:  4.417 s
[INFO] Finished at: 2020-05-02T16:24:15-03:00
[INFO] ------------------------------------------------------------------------
[8mha:////4A1rYNw+x3BwbV6OWCuNEreO/w4skTe3MgZyG/dch+FZAAAApR+LCAAAAAAAAP9tjTEOwjAQBC9BFLSUPOIiISEKRJXWcsMLTGyME+vO2A5JxYv4Gn8gEImKLVY728zzBcsU4cjRYmuoc5Qah8H3dlo4cOwungds+YwNU2JvUJpBsjb1jJKzgTlFCQsBK0ON5+TIZliLVt1V5RXZ6pTj9B0ElE7f4AGFmMxZxfyFMcLm2uvE9PP8FcAYQoZyu//U7g3QKkBhvgAAAA==[0m[Pipeline] }
[8mha:////4A6j9TBFcyxJciAB47YOFRvmVopm8Yew0HCAhTYRSaZOAAAApR+LCAAAAAAAAP9tjTEOwjAQBC9BFLSUPOIiIQokRJXWcsMLTGyME+vO2A5JxYv4Gn8gEImKLVY728zzBcsU4cjRYmuoc5Qah8H3dlo4cOwungds+YwNU2JvUJpBsjb1jJKzgTlFCQsBK0ON5+TIZliLVt1V5RXZ6pTj9B0ElE7f4AGFmMxZxfyFMcLm2uvE9PP8FcAYQoZyu//U7g2TqBHnvgAAAA==[0m[Pipeline] // withEnv
[8mha:////4N3KNAZr9JfeeqfCuHUitMhz3ZDjcMAtrfl19Om4maGSAAAApB+LCAAAAAAAAP9tjTEOwjAQBC9BFLSUPOIi6BCiSmu54QUmNsaJdWdsh6TiRXyNPxCIRMUWq51t5vmCZYpw5GixNdQ5So3D4Hs7LRw4dhfPA7Z8xoYpsTcozSBZm3pGydnAnKKEhYCVocZzcmQzrEWr7qryimx1ynH6DgJKp2/wgEJM5qxi/sIYYXPtdWL6ef4KYAwhQ7nbf2r7BrmPJ1y+AAAA[0m[Pipeline] }
[8mha:////4FvrIBB3Fg5Nh8gTo56KkqxTSccAihxq9iMjlfx8+58XAAAApB+LCAAAAAAAAP9tjTEOwjAQBC9BFLSUPOISQYmo0lppeIGJjXFi3RnbIal4EV/jD1hEomKL1c4283rDOgY4cTDYaxosxc6id6PJCycOw9XxhD1fsGOK7DS2empZ6WbBlpOGJUUJKwEbTZ3jaMkk2IpePmTlJJnqnEL+jgJKq+7whEJkc5IhfWEOsLuNKjL9PH8FMHufoDzUufb1B1PlWKq+AAAA[0m[Pipeline] // stage
[8mha:////4ONxDq+N3ViHavyrm7KUUYahoX8XA2eUyalNHbinVIhpAAAAqB+LCAAAAAAAAP9tjTEOwjAUQ3+LOrAycohUFRNCTF2jLpwgNCEkjf4vSUo6cSKuxh0IVGLCg2Vbst7zBVXwcCSvmVU4GAy9YaObdE4skR8ujhKzdGY9YSCnWKdSR1K1S+0oKlhUlLDisFbYOwoGdYQNt+IuaidQ16fo83bgUBp5gwcUPJOj8PFbZg/b6yQD4Y/zFwDzGKFs9tl2zedZvQGtjmIwwgAAAA==[0m[Pipeline] stage
[8mha:////4KjKjxky1j1otS8qBglDtJniCeArM/qnhmn7ddvFOx96AAAAph+LCAAAAAAAAP9tjTEOwjAUQ3+LOrAycohUwIiYukZZOEFoQkgb/V9+UtqJE3E17kBLJSY8WLYl673eUESGE7ETjcXWY6y96ELvpiQG4vYaaBANXURNGClYoeygyNhqqYqShUVZDisJa4t1oOjRJdjIRj90GTS68px42o4Scm/u8IRMTuSkOX3LyLC99SYS/jh/ATB2CfLDbrb9/Cw+2YMO4MIAAAA=[0m[Pipeline] { (Unit Tests)
[8mha:////4J9yekab5BxhPG0c+JSSy3o2kqXBbzYrF3XRSUPnHXqjAAAAox+LCAAAAAAAAP9tjTEOwjAQBC9BFLSUPOIikRJR0VppeIFJjLFj3Tm2g1PxIr7GHwhEomKL1c4283zBOgY4ctBoFfWGYmvQu1HPCzOH/uo4o+ULtkyRncJG5YY7dVqw4aRgSVHCSsBGUes4GtIJtsLKu6ycJF2dU5i/g4DSdAM8oBCzOcmQvjAF2N3GLjL9PH8FMPkEZb3/VO3favo5XL4AAAA=[0m[Pipeline] tool
[8mha:////4PUKOIJSvq0L8LNYugLNZmQlfl37+89aIo3lGNDJs7owAAAApB+LCAAAAAAAAP9tjTEOwjAQBC9BFLSUPOIiAR2iSmu54QUmNsaJdWdsh6TiRXyNPxCIRMUWq51t5vmCZYpw5GixNdQ5So3D4Hs7LRw4dhfPA7Z8xoYpsTcozSBZm3pGydnAnKKEhYCVocZzcmQzrEWr7qryimx1ynH6DgJKp2/wgEJM5qxi/sIYYXPtdWL6ef4KYAwZyt32U/vwBq1seBO+AAAA[0m[Pipeline] envVarsForTool
[8mha:////4Ft3iTkwjyvTax/BMKi+3RhM5yHG36rRPIFiWYX4rVRiAAAApx+LCAAAAAAAAP9tjTEOwjAUQ3+LOrAycohUAjEhpq5RFk4QmhDSRv+Xn5R24kRcjTvQUokJD5ZtyXqvNxSR4UTsRGOx9RhrL7rQuymJgbi9BhpEQxdRE0YKVig7KDK2WqqiZGFRlsNKwtpiHSh6dAk2stEPXQaNrjwnnrajhNybOzwhkxM5aU7fMjJsb72JhD/OXwCMXYJ8v5vtMD+LD2DV6WTCAAAA[0m[Pipeline] withEnv
[8mha:////4Isv7B9JV9tkkTLD3t/1s7B9V4qJO/1hT82KxIdvKMBXAAAApx+LCAAAAAAAAP9tjTEOwjAUQ3+LOrAycoh0QLAgpq5RFk4QmhDSRv+Xn5R24kRcjTvQUokJD5ZtyXqvNxSR4UTsRGOx9RhrL7rQuymJgbi9BhpEQxdRE0YKVig7KDK2WqqiZGFRlsNKwtpiHSh6dAk2stEPXQaNrjwnnrajhNybOzwhkxM5aU7fMjJsb72JhD/OXwCMXYJ8t5/tMD+LD02yRsvCAAAA[0m[Pipeline] {
[8mha:////4NdsFyFIphQsEClh4y9mWIkyxgucz/i6cUqTCHZ4o1KjAAAApR+LCAAAAAAAAP9tjTEOwjAQBC9BFLSUPOJSIEGBqNJabniBiY1xYt0Z2yGpeBFf4w8EIlGxxWpnm3m+YJkiHDlabA11jlLjMPjeTgsHjt3F84Atn7FhSuwNSjNI1qaeUXI2MKcoYSFgZajxnBzZDGvRqruqvCJbnXKcvoOA0ukbPKAQkzmrmL8wRthce52Yfp6/AhhDhnK7+9Q+vAF9GxrMvgAAAA==[0m[Pipeline] sh
+ mvn test
[INFO] Scanning for projects...
[INFO] 
[INFO] --------------------< br.ce.wcaquino:tasks-backend >--------------------
[INFO] Building tasks-backend 0.0.1-SNAPSHOT
[INFO] --------------------------------[ war ]---------------------------------
[INFO] 
[INFO] --- jacoco-maven-plugin:0.8.3:prepare-agent (default) @ tasks-backend ---
[INFO] argLine set to -javaagent:/var/lib/jenkins/.m2/repository/org/jacoco/org.jacoco.agent/0.8.3/org.jacoco.agent-0.8.3-runtime.jar=destfile=/var/lib/jenkins/workspace/TestandoPipeline/target/jacoco.exec
[INFO] 
[INFO] --- maven-resources-plugin:3.1.0:resources (default-resources) @ tasks-backend ---
[INFO] Using 'UTF-8' encoding to copy filtered resources.
[INFO] Copying 1 resource
[INFO] Copying 0 resource
[INFO] 
[INFO] --- maven-compiler-plugin:3.8.1:compile (default-compile) @ tasks-backend ---
[INFO] Nothing to compile - all classes are up to date
[INFO] 
[INFO] --- maven-resources-plugin:3.1.0:testResources (default-testResources) @ tasks-backend ---
[INFO] Using 'UTF-8' encoding to copy filtered resources.
[INFO] skip non existing resourceDirectory /var/lib/jenkins/workspace/TestandoPipeline/src/test/resources
[INFO] 
[INFO] --- maven-compiler-plugin:3.8.1:testCompile (default-testCompile) @ tasks-backend ---
[INFO] Nothing to compile - all classes are up to date
[INFO] 
[INFO] --- maven-surefire-plugin:2.22.2:test (default-test) @ tasks-backend ---
[INFO] 
[INFO] -------------------------------------------------------
[INFO]  T E S T S
[INFO] -------------------------------------------------------
[INFO] Running br.ce.wcaquino.taskbackend.controller.TaskControllerTest
[INFO] Tests run: 4, Failures: 0, Errors: 0, Skipped: 0, Time elapsed: 0.474 s - in br.ce.wcaquino.taskbackend.controller.TaskControllerTest
[INFO] Running br.ce.wcaquino.taskbackend.utils.DateUtilsTest
[INFO] Tests run: 3, Failures: 0, Errors: 0, Skipped: 0, Time elapsed: 0.001 s - in br.ce.wcaquino.taskbackend.utils.DateUtilsTest
[INFO] 
[INFO] Results:
[INFO] 
[INFO] Tests run: 7, Failures: 0, Errors: 0, Skipped: 0
[INFO] 
[INFO] ------------------------------------------------------------------------
[INFO] BUILD SUCCESS
[INFO] ------------------------------------------------------------------------
[INFO] Total time:  3.321 s
[INFO] Finished at: 2020-05-02T16:24:20-03:00
[INFO] ------------------------------------------------------------------------
[8mha:////4LCCYFnHEvQJimUcPl6UJna3gLzM7puCkXgs+cvzsZw6AAAApR+LCAAAAAAAAP9tjTEOwjAQBC9BFLSUPOJSICEkRJXWcsMLTGyME+vO2A5JxYv4Gn8gEImKLVY728zzBcsU4cjRYmuoc5Qah8H3dlo4cOwungds+YwNU2JvUJpBsjb1jJKzgTlFCQsBK0ON5+TIZliLVt1V5RXZ6pTj9B0ElE7f4AGFmMxZxfyFMcLm2uvE9PP8FcAYQoZyu//U7g1K83O2vgAAAA==[0m[Pipeline] }
[8mha:////4LZrAb3B2Tk4I9yupobLWW4gCNHGaT1g7hjpg2xqxWejAAAApR+LCAAAAAAAAP9tjTEOwjAQBC9BFLSUPOJSIAqEqNJabniBiY1xYt0Z2yGpeBFf4w8EIlGxxWpnm3m+YJkiHDlabA11jlLjMPjeTgsHjt3F84Atn7FhSuwNSjNI1qaeUXI2MKcoYSFgZajxnBzZDGvRqruqvCJbnXKcvoOA0ukbPKAQkzmrmL8wRthce52Yfp6/AhhDyFBu95/avQFVcSbkvgAAAA==[0m[Pipeline] // withEnv
[8mha:////4O5Tj85Cv58sP6gBUdOQm2i873LHfUwtNyFjMZXB2cAiAAAApB+LCAAAAAAAAP9tjTEOwjAQBC9BFLSUPOKCgA6lorXc8AKTGOPEugu2g1PxIr7GH7CIRMUWq51t5vWGZfBQszfYaeothcbi4EaTFyb2/dVxwo4v2DAFdhqlTpJbfZpRctQwpyhhIWClqXEcLJkIa9Gph6qcIlOdo8/fUUBp2zs8oRDZHJWPX5g8bG5jG5h+nr8CmIYhQnnY5trvPrCL6pi+AAAA[0m[Pipeline] }
[8mha:////4CrADzCA64G8JBPl71i+0OdxgjgIx9G2GVOrhdVPOBWcAAAApB+LCAAAAAAAAP9tjTEOwjAQBC9BFLSUPOKiCDpEldZKwwtMbIwT687YDknFi/gaf8AiEhVbrHa2mdcb1jHAiYPBXtNgKXYWvRtNXjhxGK6OJ+z5gh1TZKex1VPLSjcLtpw0LClKWAnYaOocR0smwVb08iErJ8lU5xTydxRQWnWHJxQim5MM6QtzgN1tVJHp5/krgNn7BOWhzrWvP68Jv8q+AAAA[0m[Pipeline] // stage
[8mha:////4DUPGFiEdSWmyeOCrxSRkrLgJmxs451OtarvtvbJpuGBAAAAqB+LCAAAAAAAAP9tjTEOwjAUQ3+LOrAycohUIBaEOrFGXThBaEJIGv1fkpR04kRcjTsQqMSEB8u2ZL3nC6rgoSGvmVXYGwydYYMbdU4ske8vjhKzdGYdYSCnWKtSS1Id59pSVDCrKGHBYamwcxQM6ggrbsVd1E6grk/R5+3AoTTyBg8oeCZH4eO3TB7W11EGwh/nLwCmIUK52WfbbT/P6g2NwlFzwgAAAA==[0m[Pipeline] stage
[8mha:////4H1kua4pZKA4E+dCZ6wGAf6RLsyzyltfFhOUrcKR7WBUAAAApx+LCAAAAAAAAP9tjTEOwjAUQ3+LOrAycohUAjbE1DXKwglCE0La6P/yk9JOnIircQdaKjHhwbItWe/1hiIynIidaCy2HmPtRRd6NyUxELfXQINo6CJqwkjBCmUHRcZWS1WULCzKclhJWFusA0WPLsFGNvqhy6DRlefE03aUkHtzhydkciInzelbRobtrTeR8Mf5C4CxS5AfdrPt52fxAXzhjwPCAAAA[0m[Pipeline] { (Sonar Analysis)
[8mha:////4FdGrUmMrJgjwecjlu6//1o2mkM+ME/0niw9gX2pc6pJAAAAox+LCAAAAAAAAP9tjTEOwjAQBC9BFLSUPOJSkA5R0VppeIFJjLFj3Tm2g1PxIr7GHwhEomKL1c4283zBOgY4ctBoFfWGYmvQu1HPCzOH/uo4o+ULtkyRncJG5YY7dVqw4aRgSVHCSsBGUes4GtIJtsLKu6ycJF2dU5i/g4DSdAM8oBCzOcmQvjAF2N3GLjL9PH8FMPkEZb3/VO3fhXiFur4AAAA=[0m[Pipeline] tool
[8mha:////4Hy4WGYEDWOcAaCmBkYRHHNaLfgSTSnXe3O2wbEXK1RvAAAApx+LCAAAAAAAAP9tjTEOwjAUQ3+LOrAycoh0ACbE1DXKwglCE0La6P/yk9JOnIircQdaKjHhwbItWe/1hiIynIidaCy2HmPtRRd6NyUxELfXQINo6CJqwkjBCmUHRcZWS1WULCzKclhJWFusA0WPLsFGNvqhy6DRlefE03aUkHtzhydkciInzelbRobtrTeR8Mf5C4CxS5Dvd7Md5mfxAaHdWBTCAAAA[0m[Pipeline] withEnv
[8mha:////4G1O7TgDIQHpYMqjbfi/nfuaWJ6SpsMDfug9bPEXuZmWAAAApx+LCAAAAAAAAP9tjTEOwjAUQ3+LOrAycoh0ARbE1DXKwglCE0La6P/yk9JOnIircQdaKjHhwbItWe/1hiIynIidaCy2HmPtRRd6NyUxELfXQINo6CJqwkjBCmUHRcZWS1WULCzKclhJWFusA0WPLsFGNvqhy6DRlefE03aUkHtzhydkciInzelbRobtrTeR8Mf5C4CxS5Dv9rMd5mfxAUxleXrCAAAA[0m[Pipeline] {
[8mha:////4IybwWXn72kdkYaB7dL7eNSrhvi+TX6f5C1F44npE7JiAAAApB+LCAAAAAAAAP9tjTEOwjAQBC9BFLSUPOLSICgQVVrLDS8wsTFOrDtjOyQVL+Jr/IFAJCq2WO1sM88XLFOEI0eLraHOUWocBt/baeHAsbt4HrDlMzZMib1BaQbJ2tQzSs4G5hQlLASsDDWekyObYS1adVeVV2SrU47TdxBQOn2DBxRiMmcV8xfGCJtrrxPTz/NXAGPIUG53n9qHN+EEkMO+AAAA[0m[Pipeline] tool
[8mha:////4AHiDFhAWIm7dfUh847WXTxCTItdjahKMiI1bMyGNtX4AAAApR+LCAAAAAAAAP9tjTEOwjAQBC9BFLSUPOLSIISEqNJabniBiY1xYt0Z2yGpeBFf4w8EIlGxxWpnm3m+YJkiHDlabA11jlLjMPjeTgsHjt3F84Atn7FhSuwNSjNI1qaeUXI2MKcoYSFgZajxnBzZDGvRqruqvCJbnXKcvoOA0ukbPKAQkzmrmL8wRthce52Yfp6/AhhDhnK7+9Q+vAEuGAhEvgAAAA==[0m[Pipeline] envVarsForTool
[8mha:////4DnvObOVXGRWVG7/7CKdT4DaZRf6eMx+t9eCxZghhXiMAAAAqB+LCAAAAAAAAP9tjTEOwjAUQ3+LOrAycoh0QUgIMXWNsnCC0ISQNvq//KS0EyfiatyBlkpMeLBsS9Z7vaGIDCdiJxqLrcdYe9GF3k1JDMTtNdAgGrqImjBSsELZQZGx1VIVJQuLshxWEtYW60DRo0uwkY1+6DJodOU58bQdJeTe3OEJmZzISXP6lpFhe+tNJPxx/gJg7BLku/1sh/lZfACYsc0SwgAAAA==[0m[Pipeline] withEnv
[8mha:////4EcOiR1rhGSh2PNPO8ZA6YHBM28Pcv+dWN/1jwcxrYmwAAAAqB+LCAAAAAAAAP9tjTEOwjAUQ3+LOrAycoiUAQaEOrFGXThBaEJIGv1fkpR04kRcjTsQqMSEB8u2ZL3nC6rgoSGvmVXYGwydYYMbdU4ske8vjhKzdGYdYSCnWKtSS1Id59pSVDCrKGHBYamwcxQM6ggrbsVd1E6grk/R5+3AoTTyBg8oeCZH4eO3TB7W11EGwh/nLwCmIUK53WfbbT7P6g0iH00AwgAAAA==[0m[Pipeline] {
[8mha:////4NnF+9ceLKLdQK4IV/rSU0XvkQj0aEEoBiafI7YlQdz5AAAApx+LCAAAAAAAAP9tjTEOwjAUQ3+LOrAycogUBibE1DXKwglCE0La6P/yk9JOnIircQdaKjHhwbItWe/1hiIynIidaCy2HmPtRRd6NyUxELfXQINo6CJqwkjBCmUHRcZWS1WULCzKclhJWFusA0WPLsFGNvqhy6DRlefE03aUkHtzhydkciInzelbRobtrTeR8Mf5C4CxS5AfdrPt52fxAW2++SvCAAAA[0m[Pipeline] withSonarQubeEnv
Injecting SonarQube environment variables using the configuration: SONAR_LOCAL
[8mha:////4LLej1CSIffH2bvG1c2nhCOa1OP/ywGvQUHofGXRBqrGAAAApx+LCAAAAAAAAP9tjTEOwjAUQ3+LOrAycohUIDEhpq5RFk4QmhDSRv+Xn5R24kRcjTvQUokJD5ZtyXqvNxSR4UTsRGOx9RhrL7rQuymJgbi9BhpEQxdRE0YKVig7KDK2WqqiZGFRlsNKwtpiHSh6dAk2stEPXQaNrjwnnrajhNybOzwhkxM5aU7fMjJsb72JhD/OXwCMXYL8sJttPz+LDwMT42zCAAAA[0m[Pipeline] {
[8mha:////4JdQ8lnKJH00u279ezYByL8pMQeYkUD7SX7ZE3snuV/NAAAApB+LCAAAAAAAAP9tjTEOwjAQBC9BFLSUPOIigagQVVrLDS8wsTFOrDtjOyQVL+Jr/IFAJCq2WO1sM88XLFOEI0eLraHOUWocBt/baeHAsbt4HrDlMzZMib1BaQbJ2tQzSs4G5hQlLASsDDWekyObYS1adVeVV2SrU47TdxBQOn2DBxRiMmcV8xfGCJtrrxPTz/NXAGPIUO63n9qFN1+P256+AAAA[0m[Pipeline] sh
+ /var/lib/jenkins/tools/hudson.plugins.sonar.SonarRunnerInstallation/sonar_scanner/bin/sonar-scanner -e -Dsonar.projectKey=DeployBack -Dsonar.host.url=http://192.168.0.32:9000 -Dsonar.login=4c5f2a81177d460fff32d649595d3a8206ff88ba -Dsonar.java.binaries=target '-Dsonar.coverage.exclusions=**/.mvn/**,**/src/test/**,**/model/**,**Application.java'
INFO: Option -e/--errors is no longer supported and will be ignored
INFO: Scanner configuration file: /var/lib/jenkins/tools/hudson.plugins.sonar.SonarRunnerInstallation/sonar_scanner/conf/sonar-scanner.properties
INFO: Project root configuration file: NONE
INFO: SonarScanner 4.3.0.2102
INFO: Java 1.8.0_252 Oracle Corporation (64-bit)
INFO: Linux 4.18.0-147.8.1.el8_1.x86_64 amd64
INFO: User cache: /var/lib/jenkins/.sonar/cache
INFO: Scanner configuration file: /var/lib/jenkins/tools/hudson.plugins.sonar.SonarRunnerInstallation/sonar_scanner/conf/sonar-scanner.properties
INFO: Project root configuration file: NONE
INFO: Analyzing on SonarQube server 7.9.2
INFO: Default locale: "pt_BR", source code encoding: "UTF-8" (analysis is platform dependent)
WARN: SonarScanner will require Java 11 to run starting in SonarQube 8.x
INFO: Load global settings
INFO: Load global settings (done) | time=82ms
INFO: Server id: BF41A1F2-AXHATMjt4jZn9HeIy82Q
INFO: User cache: /var/lib/jenkins/.sonar/cache
INFO: Load/download plugins
INFO: Load plugins index
INFO: Load plugins index (done) | time=56ms
INFO: Load/download plugins (done) | time=85ms
INFO: Process project properties
INFO: Execute project builders
INFO: Execute project builders (done) | time=4ms
INFO: Project key: DeployBack
INFO: Base dir: /var/lib/jenkins/workspace/TestandoPipeline
INFO: Working dir: /var/lib/jenkins/workspace/TestandoPipeline/.scannerwork
INFO: Load project settings for component key: 'DeployBack'
INFO: Load project settings for component key: 'DeployBack' (done) | time=18ms
INFO: Load quality profiles
INFO: Load quality profiles (done) | time=54ms
INFO: Detected Jenkins
INFO: Load active rules
INFO: Load active rules (done) | time=3097ms
INFO: Indexing files...
INFO: Project configuration:
INFO:   Excluded sources for coverage: **/.mvn/**, **/src/test/**, **/model/**, **Application.java
INFO: 17 files indexed
INFO: 0 files ignored because of scm ignore settings
INFO: Quality profile for java: Sonar way
INFO: Quality profile for xml: Sonar way
INFO: ------------- Run sensors on module DeployBack
INFO: Load metrics repository
INFO: Load metrics repository (done) | time=66ms
INFO: Sensor JavaSquidSensor [java]
INFO: Configured Java source version (sonar.java.source): none
INFO: JavaClasspath initialization
WARN: Bytecode of dependencies was not provided for analysis of source files, you might end up with less precise results. Bytecode can be provided using sonar.java.libraries property.
INFO: JavaClasspath initialization (done) | time=39ms
INFO: JavaTestClasspath initialization
INFO: JavaTestClasspath initialization (done) | time=0ms
INFO: Java Main Files AST scan
INFO: 9 source files to be analyzed
INFO: Load project repositories
INFO: Load project repositories (done) | time=18ms
INFO: Java Main Files AST scan (done) | time=917ms
INFO: Java Test Files AST scan
INFO: 9/9 source files have been analyzed
INFO: 0 source files to be analyzed
INFO: Java Test Files AST scan (done) | time=1ms
INFO: Sensor JavaSquidSensor [java] (done) | time=1587ms
INFO: Sensor JaCoCo XML Report Importer [jacoco]
INFO: 0/0 source files have been analyzed
INFO: Sensor JaCoCo XML Report Importer [jacoco] (done) | time=4ms
INFO: Sensor SurefireSensor [java]
INFO: parsing [/var/lib/jenkins/workspace/TestandoPipeline/target/surefire-reports]
INFO: Sensor SurefireSensor [java] (done) | time=27ms
INFO: Sensor JaCoCoSensor [java]
WARN: Property 'sonar.jacoco.reportPaths' is deprecated (JaCoCo binary format). 'sonar.coverage.jacoco.xmlReportPaths' should be used instead (JaCoCo XML format).
INFO: Analysing /var/lib/jenkins/workspace/TestandoPipeline/target/jacoco.exec
INFO: Sensor JaCoCoSensor [java] (done) | time=85ms
INFO: Sensor JavaXmlSensor [java]
INFO: 1 source files to be analyzed
INFO: Sensor JavaXmlSensor [java] (done) | time=165ms
INFO: Sensor HTML [web]
INFO: 1/1 source files have been analyzed
INFO: Sensor HTML [web] (done) | time=17ms
INFO: Sensor XML Sensor [xml]
INFO: 1 source files to be analyzed
INFO: Sensor XML Sensor [xml] (done) | time=269ms
INFO: 1/1 source files have been analyzed
INFO: ------------- Run sensors on project
INFO: Sensor Zero Coverage Sensor
INFO: Sensor Zero Coverage Sensor (done) | time=1ms
INFO: Sensor Java CPD Block Indexer
INFO: Sensor Java CPD Block Indexer (done) | time=25ms
INFO: 5 files had no CPD blocks
INFO: Calculating CPD for 4 files
INFO: CPD calculation finished
INFO: Analysis report generated in 80ms, dir size=93 KB
INFO: Analysis report compressed in 37ms, zip size=28 KB
INFO: Analysis report uploaded in 64ms
INFO: ANALYSIS SUCCESSFUL, you can browse http://192.168.0.32:9000/dashboard?id=DeployBack
INFO: Note that you will be able to access the updated dashboard once the server has processed the submitted analysis report
INFO: More about the report processing at http://192.168.0.32:9000/api/ce/task?id=AXHW2OQas4ntJGU0xelc
INFO: Analysis total time: 8.410 s
INFO: ------------------------------------------------------------------------
INFO: EXECUTION SUCCESS
INFO: ------------------------------------------------------------------------
INFO: Total time: 9.517s
INFO: Final Memory: 21M/351M
INFO: ------------------------------------------------------------------------
[8mha:////4MyAZIiqhTZPZ40j10hCOesITRAL5ozt4rxU9RKyCBr9AAAApB+LCAAAAAAAAP9tjTEOwjAQBC9BFLSUPOIiIagQVVrLDS8wsTFOrDtjOyQVL+Jr/IFAJCq2WO1sM88XLFOEI0eLraHOUWocBt/baeHAsbt4HrDlMzZMib1BaQbJ2tQzSs4G5hQlLASsDDWekyObYS1adVeVV2SrU47TdxBQOn2DBxRiMmcV8xfGCJtrrxPTz/NXAGMIGcr97lPbN5RlVvO+AAAA[0m[Pipeline] }
[8mha:////4KweLfeyOFxpkmzxtnDdtljUpW6/RfazW8K01lyrFEWVAAAApB+LCAAAAAAAAP9tjTEOwjAQBC9BFLSUPOIiilSIitZKwwtMYowd686xHZyKF/E1/kAgEhVbrHa2mecL1jHAkYNGq6g3FFuD3o16Xpg59FfHGS1fsGWK7BQ2KjfcqdOCDScFS4oSVgI2ilrH0ZBOsBVW3mXlJOnqnML8HQSUphvgAYWYzUmG9IUpwO42dpHp5/krgMn7BGVdf2r/BovnA6G+AAAA[0m[Pipeline] // withSonarQubeEnv
[8mha:////4DzxDg/pAsSm4/6NV2L1pUecIScKUMeqRtFZHcS9mvg/AAAApB+LCAAAAAAAAP9tjTEOwjAQBC9BFLSUPOJCAw2iSmu54QUmNsaJdWdsh6TiRXyNPxCIRMUWq51t5vmCZYpw5GixNdQ5So3D4Hs7LRw4dhfPA7Z8xoYpsTcozSBZm3pGydnAnKKEhYCVocZzcmQzrEWr7qryimx1ynH6DgJKp2/wgEJM5qxi/sIYYXPtdWL6ef4KYAwhQ7nbf2r7BrOlkFC+AAAA[0m[Pipeline] }
[8mha:////4GaVRWgD6hBp022ZdEjSMHF8oGRfgyMsc7S172xQ3zBMAAAApR+LCAAAAAAAAP9tjTEOwjAQBC9BFLSUPOLSgBBCqWgtN7zAJMY4se6C7eBUvIiv8QcsIlGxxWpnm3m9YRk81OwNdpp6S6GxOLjR5IWJfX91nLDjCzZMgZ1GqZPkVp9mlBw1zClKWAhYaWocB0smwlp06qEqp8hU5+jzdxRQ2vYOTyhENkfl4xcmD5vb2Aamn+evAKZhiFDu9rm2hw/z/wv7vgAAAA==[0m[Pipeline] // withEnv
[8mha:////4PQ5eavNt3IEHU7e4fmL/kn3ZNwam9+5JhlhWkH5IYwSAAAApR+LCAAAAAAAAP9tjTEOwjAQBC9BFLSUPOLSAEJCqWgtN7zAJMY4se6C7eBUvIiv8QcsIlGxxWpnm3m9YRk81OwNdpp6S6GxOLjR5IWJfX91nLDjCzZMgZ1GqZPkVp9mlBw1zClKWAhYaWocB0smwlp06qEqp8hU5+jzdxRQ2vYOTyhENkfl4xcmD5vb2Aamn+evAKZhiFDuDrm2+w+3UOKavgAAAA==[0m[Pipeline] }
[8mha:////4AsgnpQDbsvLoDNgaRGn0/g8z50XuchOINv4zINyCbf5AAAApR+LCAAAAAAAAP9tjTEOwjAQBC9BFLSUPMJpSIEQVVorDS8w8WGcWHfGdkgqXsTX+AMWkajYYrWzzbzesI4BThyM6JEGS7GzwrvR5CUmDsPV8SR6voiOKbJD0eLUssZmwZYTwpKihJWEDVLnOFoyCbayVw9VOUWmOqeQv6OE0uo7PKGQ2ZxUSF+YA+xuo45MP89fAczeJyjrQ659/QGo0rfIvgAAAA==[0m[Pipeline] // withEnv
[8mha:////4Ndnqi3FD66B4t27xjpcW0sbPYm+TzzOATUnT34eKvg/AAAApR+LCAAAAAAAAP9tjTEOwjAQBC9BFLSUPOKCBKJBqWgtN7zAJMY4se6C7eBUvIiv8QcsIlGxxWpnm3m9YRk81OwNdpp6S6GxOLjR5IWJfX91nLDjCzZMgZ1GqZPkVp9mlBw1zClKWAhYaWocB0smwlp06qEqp8hU5+jzdxRQ2vYOTyhENkfl4xcmD5vb2Aamn+evAKZhiFAetrn2uw/IPDM3vgAAAA==[0m[Pipeline] }
[8mha:////4PbdZAcoAMEjL1ZjEcx1Af22+ZHB/DaogwBnk2xCvqdGAAAApR+LCAAAAAAAAP9tjTEOwjAQBC9BFLSUPOIiEKJBqWgtN7zAJMY4se6C7eBUvIiv8QcsIlGxxWpnm3m9YRk81OwNdpp6S6GxOLjR5IWJfX91nLDjCzZMgZ1GqZPkVp9mlBw1zClKWAhYaWocB0smwlp06qEqp8hU5+jzdxRQ2vYOTyhENkfl4xcmD5vb2Aamn+evAKZhiFAetrn2uw/732iLvgAAAA==[0m[Pipeline] // stage
[8mha:////4GQjcx8GOITSdS4yVeBY9NUxWTYgpFC9mVsLsQ4I5a3sAAAAqB+LCAAAAAAAAP9tjTEOwjAUQ3+LOrAycohUMCAh1Ik16sIJQhNC0uj/kqSkEyfiatyBQCUmPFi2Jes9X1AFDw15zazC3mDoDBvcqHNiiXx/cZSYpTPrCAM5xVqVWpLqONeWooJZRQkLDkuFnaNgUEdYcSvuonYCdX2KPm8HDqWRN3hAwTM5Ch+/ZfKwvo4yEP44fwEwDRHKzT7bbvt5Vm+k087kwgAAAA==[0m[Pipeline] stage
[8mha:////4N48y+W26OhBZrqxOyQg7ReRZ4YqBZTxCNYi2BrPAonTAAAAqB+LCAAAAAAAAP9tjTEOwjAUQ3+LOrAycohUAokFMXWNsnCC0ISQNvq//KS0EyfiatyBlkpMeLBsS9Z7vaGIDCdiJxqLrcdYe9GF3k1JDMTtNdAgGrqImjBSsELZQZGx1VIVJQuLshxWEtYW60DRo0uwkY1+6DJodOU58bQdJeTe3OEJmZzISXP6lpFhe+tNJPxx/gJg7BLkh91s+/lZfADKbit4wgAAAA==[0m[Pipeline] { (Quality Gate)
[8mha:////4ElSoZO20bl70o+DnE1DETvkBP0e9bkPcP1hIk1TafwvAAAApB+LCAAAAAAAAP9tjTEOwjAQBC9BFLSUPOJSgGgQVVrLDS8wsTFOrDtjOyQVL+Jr/IFAJCq2WO1sM88XLFOEI0eLraHOUWocBt/baeHAsbt4HrDlMzZMib1BaQbJ2tQzSs4G5hQlLASsDDWekyObYS1adVeVV2SrU47TdxBQOn2DBxRiMmcV8xfGCJtrrxPTz/NXAGPIUO63n9qFN5arJPu+AAAA[0m[Pipeline] tool
[8mha:////4NtpvG3AxCQqrsXHd3E7a88M4Q7fI6y0cObzi8vodJsCAAAApB+LCAAAAAAAAP9tjTEOwjAQBC9BFLSUPOJSIGgQVVrLDS8wsTFOrDtjOyQVL+Jr/IFAJCq2WO1sM88XLFOEI0eLraHOUWocBt/baeHAsbt4HrDlMzZMib1BaQbJ2tQzSs4G5hQlLASsDDWekyObYS1adVeVV2SrU47TdxBQOn2DBxRiMmcV8xfGCJtrrxPTz/NXAGPIUO63n9qFN9eaP+K+AAAA[0m[Pipeline] envVarsForTool
[8mha:////4KQ1GFoGVPSr2emCQ7EZ0nHtuKseyxsKYrVCjS/9zg9fAAAApx+LCAAAAAAAAP9tjTEOwjAUQ3+DOrAycoh0QOqCmFijLpwgNCEkjf5vk5R04kRcjTvQUokJD5ZtyXqvN5QxwImC4U5jZzG2lvd+NHPimUJ385S5oytvCSN5zRudG1L6vNaGkoZVBYONgK3G1lO0aBLshJMPWXmJprqkMG9HAcyqAZ5QiJmcZEjfMgXY30cVCX+cvwCY+gSsPixWL8/yA7kgaOnCAAAA[0m[Pipeline] withEnv
[8mha:////4G2r6Evrm/TVMelX03+zpj0NitkEt17V9/1Sn/GwW8peAAAAph+LCAAAAAAAAP9tjTEOwjAUQ3+LOrAycoh0KwNiYo2ycILQhJA0+r9NUtKJE3E17kBLJSY8WLYl673eUMUAJwqGOY2dxdha1vvRzIllCt3NU2aOrqwljOQ1EzoLUvq8VkFJw6qihA2HrcbWU7RoEuy4kw9Ze4mmvqQwb0cOpVUDPKHgMznJkL5lCrC/jyoS/jh/ATD1CcqmWeywPKsPXl9jU8IAAAA=[0m[Pipeline] {
[8mha:////4DBn1Q7WEZyCQPeYx2mII3zdr47Hq5XSRfp/D+dRAt/WAAAApB+LCAAAAAAAAP9tjTEOwjAQBC9BFLSUPOLSARKiSmu54QUmNsaJdWdsh6TiRXyNPxCIRMUWq51t5vmCZYpw5GixNdQ5So3D4Hs7LRw4dhfPA7Z8xoYpsTcozSBZm3pGydnAnKKEhYCVocZzcmQzrEWr7qryimx1ynH6DgJKp2/wgEJM5qxi/sIYYXPtdWL6ef4KYAwZyu3uU/vwBonA3qO+AAAA[0m[Pipeline] sleep
Sleeping for 5 sec
[8mha:////4F8O2Tq8vXv6TRk+1W7dJrf93vCnZpLEJaBYHJODq2xCAAAApx+LCAAAAAAAAP9tjTEOwjAUQ3+LOrAycoh0AyHE1DXKwglCE0La6P/yk9JOnIircQdaKjHhwbItWe/1hiIynIidaCy2HmPtRRd6NyUxELfXQINo6CJqwkjBCmUHRcZWS1WULCzKclhJWFusA0WPLsFGNvqhy6DRlefE03aUkHtzhydkciInzelbRobtrTeR8Mf5C4CxS5Dv9rMd5mfxAe7h56jCAAAA[0m[Pipeline] timeout
Timeout set to expire in 1 min 0 sec
[8mha:////4FtU9ze0vhL8xlsX4Gh46cOrTLO2/ilEZwKRAzrqeS4QAAAAqB+LCAAAAAAAAP9tjTEOwjAUQ3+LOrAycoiUCYRQJ9aoCycITQhJo/9LkpJOnIircQcClZjwYNmWrPd8QRU8NOQ1swp7g6EzbHCjzokl8v3FUWKWzqwjDOQUa1VqSarjXFuKCmYVJSw4LBV2joJBHWHFrbiL2gnU9Sn6vB04lEbe4AEFz+QofPyWycP6OspA+OP8BcA0RCi3+2y7zedZvQGUkOl7wgAAAA==[0m[Pipeline] {
[8mha:////4O3p22ffTzi7XvTUoLzyghAZyrFTlzNLfO3ae1ZjM1ZqAAAApB+LCAAAAAAAAP9tjTEOwjAQBC9BFLSUPOICFQWiSmu54QUmNsaJdWdsh6TiRXyNPxCIRMUWq51t5vmCZYpw5GixNdQ5So3D4Hs7LRw4dhfPA7Z8xoYpsTcozSBZm3pGydnAnKKEhYCVocZzcmQzrEWr7qryimx1ynH6DgJKp2/wgEJM5qxi/sIYYXPtdWL6ef4KYAwZyv32U7vwBucv03q+AAAA[0m[Pipeline] waitForQualityGate
Checking status of SonarQube task 'AXHW2OQas4ntJGU0xelc' on server 'SONAR_LOCAL'
SonarQube task 'AXHW2OQas4ntJGU0xelc' status is 'SUCCESS'
SonarQube task 'AXHW2OQas4ntJGU0xelc' completed. Quality gate is 'OK'
[8mha:////4NwXvBPcr/FuJXaKFobYqknLaVVwLQQdbCQtQ9oKCNHjAAAApB+LCAAAAAAAAP9tjTEOwjAQBC9BFLSUPOKCaCgQVVrLDS8wsTFOrDtjOyQVL+Jr/IFAJCq2WO1sM88XLFOEI0eLraHOUWocBt/baeHAsbt4HrDlMzZMib1BaQbJ2tQzSs4G5hQlLASsDDWekyObYS1adVeVV2SrU47TdxBQOn2DBxRiMmcV8xfGCJtrrxPTz/NXAGMIGcr97lPbNw6UqG6+AAAA[0m[Pipeline] }
[8mha:////4IDT9fin9HrH2ny7iB60g8zTosrMV01DB1EhAUVkAQDmAAAAph+LCAAAAAAAAP9tjTEOwjAQBC9BFLSUPOJSIIEQSkVrueEFJjHGiXUXbAen4kV8jT9gEYmKLVY728zrDcvgoWZvsNPUWwqNxcGNJi9M7Pur44QdX7BhCuw0Sp0kt/o0o+SoYU5RwkLASlPjOFgyEdaiUw9VOUWmOkefv6OA0rZ3eEIhsjkqH78wedjcxjYw/Tx/BTANQ4Ryv821O3wATs4zxb4AAAA=[0m[Pipeline] // timeout
[8mha:////4GFgVaIF1SQO6AovCtsZoD/Aqg2HfO6fQl9sqseX0dkqAAAApR+LCAAAAAAAAP9tjTEOwjAQBC9BFLSUPOLSIFIgqrRWGl5gYmOcWHfGdkgqXsTX+AMWkajYYrWzzbzesI4BThwM9poGS7Gz6N1o8sKJw3B1PGHPF+yYIjuNrZ5aVrpZsOWkYUlRwkrARlPnOFoyCbailw9ZOUmmOqeQv6OA0qo7PKEQ2ZxkSF+YA+xuo4pMP89fAczeJyjrfa5D/QHx044/vgAAAA==[0m[Pipeline] }
[8mha:////4KJlvFseuFcrhcJank65viD3k9Av0cinperV9v7yHyemAAAApB+LCAAAAAAAAP9tjTEOwjAQBC9BFLSUPMKpCAWiSmul4QUmPowT687YDknFi/gaf8AiEhVbrHa2mdcb1jHAiYMRPdJgKXZWeDeavMTEYbg6nkTPF9ExRXYoWpxa1tgs2HJCWFKUsJKwQeocR0smwVb26qEqp8hU5xTyd5RQWn2HJxQym5MK6QtzgN1t1JHp5/krgNn7BOVhn6uuP8Iw1YO+AAAA[0m[Pipeline] // withEnv
[8mha:////4I5rWKwl/wDkO3tYQZzIwrAEkk1mG4Zrjz8qoc7U42AOAAAApR+LCAAAAAAAAP9tjTEOwjAQBC9BFLSUPMIpkEKBqNJaaXiBiQ/jxLoztkNS8SK+xh+wiETFFqudbeb1hnUMcOJgRI80WIqdFd6NJi8xcRiujifR80V0TJEdihanljU2C7acEJYUJawkbJA6x9GSSbCVvXqoyiky1TmF/B0llFbf4QmFzOakQvrCHGB3G3Vk+nn+CmD2PkF5qHPV+w/jtit1vgAAAA==[0m[Pipeline] }
[8mha:////4LCAyk/96EGEGtOCIEQz1a2MzbFlwvw/JRFFAKHOTZ58AAAApR+LCAAAAAAAAP9tjTEOwjAQBC9BFLSUPOIiUZACUaW10vACExvjxLoztkNS8SK+xh+wiETFFqudbeb1hnUMcOJgsNc0WIqdRe9GkxdOHIar4wl7vmDHFNlpbPXUstLNgi0nDUuKElYCNpo6x9GSSbAVvXzIykky1TmF/B0FlFbd4QmFyOYkQ/rCHGB3G1Vk+nn+CmD2PkFZ17kO+w/QVXDJvgAAAA==[0m[Pipeline] // stage
[8mha:////4DuOFiQRPxhBLaXcFHZzZ7Wgh7TCxrXzuuOOBETq9hsyAAAAqB+LCAAAAAAAAP9tjTEOwjAUQ3+LOrAycohUTIBQJ9aoCycITQhJo/9LkpJOnIircQcClZjwYNmWrPd8QRU8NOQ1swp7g6EzbHCjzokl8v3FUWKWzqwjDOQUa1VqSarjXFuKCmYVJSw4LBV2joJBHWHFrbiL2gnU9Sn6vB04lEbe4AEFz+QofPyWycP6OspA+OP8BcA0RCg3+2zb3edZvQF2+yLjwgAAAA==[0m[Pipeline] stage
[8mha:////4NngpBWEtlDNIpj8TxgyOPy1vITVKBn3BOBeLtUdGyy8AAAAph+LCAAAAAAAAP9tjTEOwjAUQ3+LOrAycoh0BISYukZZOEFoQkgb/V9+UtqJE3E17kBLJSY8WLYl673eUESGE7ETjcXWY6y96ELvpiQG4vYaaBANXURNGClYoeygyNhqqYqShUVZDisJa4t1oOjRJdjIRj90GTS68px42o4Scm/u8IRMTuSkOX3LyLC99SYS/jh/ATB2CfLdfrbD/Cw+81LNBsIAAAA=[0m[Pipeline] { (Deploy Backend)
[8mha:////4L+Ar7s6pDk/LaTEK/e1AoXfyflqLoEcRGgot6Jh6dw5AAAApB+LCAAAAAAAAP9tjTEOwjAQBC9BFLSUPOJCBwilorXc8AKTGOPEugu2g1PxIr7GH7CIRMUWq51t5vWGZfBQszfYaeothcbi4EaTFyb2/dVxwo4v2DAFdhqlTpJbfZpRctQwpyhhIWClqXEcLJkIa9Gph6qcIlOdo8/fUUBp2zs8oRDZHJWPX5g8bG5jG5h+nr8CmIYI5e6Qa78dPkgcDP2+AAAA[0m[Pipeline] tool
[8mha:////4IBzZi7YdJ/VlSaAeLdf4CfuuAkO6A4Om6DsDFg9ycGIAAAApR+LCAAAAAAAAP9tjTEOwjAQBC9BFLSUPOIiKkAoFa3lhheYxBgn1l2wHZyKF/E1/oBFJCq2WO1sM683LIOHmr3BTlNvKTQWBzeavDCx76+OE3Z8wYYpsNModZLc6tOMkqOGOUUJCwErTY3jYMlEWItOPVTlFJnqHH3+jgJK297hCYXI5qh8/MLkYXMb28D08/wVwDREKHeHXPvt8AEJLRfkvgAAAA==[0m[Pipeline] envVarsForTool
[8mha:////4KIVq0Voq0ca0q2BVHpcyqVwd+f8uvWkGvpNrqmYGW08AAAAqB+LCAAAAAAAAP9tjTEOwjAUQ3+LOrAycohUYgGEOrFGXThBaEJIGv1fkpR04kRcjTsQqMSEB8u2ZL3nC6rgoSGvmVXYGwydYYMbdU4ske8vjhKzdGYdYSCnWKtSS1Id59pSVDCrKGHBYamwcxQM6ggrbsVd1E6grk/R5+3AoTTyBg8oeCZH4eO3TB7W11EGwh/nLwCmIUK53WfbbT7P6g0ZDcxbwgAAAA==[0m[Pipeline] withEnv
[8mha:////4Nf1V/NHQQ88ydcr5KoPnM7O3D5rSD7CvBYmyAQGRQMMAAAAqB+LCAAAAAAAAP9tjTEOwjAUQ3+LOrAycohUggUJMXWNsnCC0ISQNvq//KS0EyfiatyBlkpMeLBsS9Z7vaGIDCdiJxqLrcdYe9GF3k1JDMTtNdAgGrqImjBSsELZQZGx1VIVJQuLshxWEtYW60DRo0uwkY1+6DJodOU58bQdJeTe3OEJmZzISXP6lpFhe+tNJPxx/gJg7BLkh91s+/lZfACJxiXBwgAAAA==[0m[Pipeline] {
[8mha:////4Ms9XNFWdAspsIFDBfDu32ImapXSwursmiTfKjHdybYkAAAApR+LCAAAAAAAAP9tjTEOwjAQBC9BFLSUPOJSQIGEqNJabniBiY1xYt0Z2yGpeBFf4w8EIlGxxWpnm3m+YJkiHDlabA11jlLjMPjeTgsHjt3F84Atn7FhSuwNSjNI1qaeUXI2MKcoYSFgZajxnBzZDGvRqruqvCJbnXKcvoOA0ukbPKAQkzmrmL8wRthce52Yfp6/AhhDhnK//dQuvAGulDDkvgAAAA==[0m[Pipeline] deploy
[DeployPublisher][INFO] Attempting to deploy 1 war file(s)
[DeployPublisher][INFO] Deploying /var/lib/jenkins/workspace/TestandoPipeline/target/tasks-backend.war to container Tomcat 8.x Remote with context tasks-backend
  Redeploying [/var/lib/jenkins/workspace/TestandoPipeline/target/tasks-backend.war]
  Undeploying [/var/lib/jenkins/workspace/TestandoPipeline/target/tasks-backend.war]
  Deploying [/var/lib/jenkins/workspace/TestandoPipeline/target/tasks-backend.war]
[8mha:////4BSBorAkrAtsc3UmHCTzUMhMFpi69dKyPXXjWuR7sbQFAAAApR+LCAAAAAAAAP9tjTEOwjAQBC9BFLSUPOJSICQkRJXWcsMLTGyME+vO2A5JxYv4Gn8gEImKLVY728zzBcsU4cjRYmuoc5Qah8H3dlo4cOwungds+YwNU2JvUJpBsjb1jJKzgTlFCQsBK0ON5+TIZliLVt1V5RXZ6pTj9B0ElE7f4AGFmMxZxfyFMcLm2uvE9PP8FcAYQoZyv/vU9g0qmXSbvgAAAA==[0m[Pipeline] }
[8mha:////4CmHiXPRUcTjvuS1xfrb6qPt2wfxktlhqL+3bpBSTwoGAAAApR+LCAAAAAAAAP9tjTEOwjAQBC9BFLSUPOIiUSAkRJXWcsMLTGyME+vO2A5JxYv4Gn8gEImKLVY728zzBcsU4cjRYmuoc5Qah8H3dlo4cOwungds+YwNU2JvUJpBsjb1jJKzgTlFCQsBK0ON5+TIZliLVt1V5RXZ6pTj9B0ElE7f4AGFmMxZxfyFMcLm2uvE9PP8FcAYQoZyv/vU9g0S2+dqvgAAAA==[0m[Pipeline] // withEnv
[8mha:////4DCGZ5vHWt2aL3VxMvnsjC20/eJEOpF62lvSDGzDYgiJAAAApB+LCAAAAAAAAP9tjTEOwjAQBC9BFLSUPOJSBoSo0lppeIGJjXFi3RnbIal4EV/jD1hEomKL1c4283rDOgY4cTDYaxosxc6id6PJCycOw9XxhD1fsGOK7DS2empZ6WbBlpOGJUUJKwEbTZ3jaMkk2IpePmTlJJnqnEL+jgJKq+7whEJkc5IhfWEOsLuNKjL9PH8FMHufoNzXuerDB/DN8bG+AAAA[0m[Pipeline] }
[8mha:////4GvedKB2B8Y9mdKIFkbzy9nc94pWxHOlQEmcb3qgEz5mAAAApB+LCAAAAAAAAP9tjTEOwjAQBC9BFLSUPMIpiYSoaC03vMAkh3Fi3Rnbwal4EV/jD1hEomKL1c4283rDOgY4cjBiQBotxc4K7yZTlsgcxqvjLAa+iI4pskOhMCvu8bSg4oSwpKphJWGD1DmOlkyCrRz0QzdOk2nOKZTvIKG2/R2eUMliTjqkL8wBdrepj0w/z18BzN4nqNu21L79ALNPoDe+AAAA[0m[Pipeline] // stage
[8mha:////4FzFnhUWMdockJhIquIAz9V+EOMwK58RJJJAQrCCPbLTAAAApx+LCAAAAAAAAP9tjTEOwjAUQ3+LOrAycohUbFSIqWuUhROEJIS00f8lSWknTsTVuAOBSkx4sGxL1nu+oIoBjhQs6wz2DqNybPCjzYlNFPqLp4l1dGaKMJI3TJhJkDbtUgUlA4uKElYc1gaVp+jQJtjwTt5l7SXa+pRC3g4cSqdv8ICCZ3KSIX3LHGB7HXUk/HH+AmAeEpS7Jtu++TyrNzpYNt7CAAAA[0m[Pipeline] stage
[8mha:////4N341yiTIHLa0plhBTwA3PKyLXbHgoheRB/aGiduL3WxAAAApx+LCAAAAAAAAP9tjTEOwjAUQ3+LOrAycoiUkQoxdY2ycIKQhJA2+r8kKe3EibgadyBQiQkPlm3Jes8XVDHAkYJlncHeYVSODX60ObGJQn/xNLGOzkwRRvKGCTMJ0qZdqqBkYFFRworD2qDyFB3aBBveybusvURbn1LI24FD6fQNHlDwTE4ypG+ZA2yvo46EP85fAMxDgnLfZGt2n2f1Btc458LCAAAA[0m[Pipeline] { (API Test)
[8mha:////4BpOoQyr9wLfm5fFl3MZ58N4WJI9ONtkHMPjZWULooyQAAAAox+LCAAAAAAAAP9tjTEOwjAQBC9BFLSUPOICJUJUaS03vMDExjix7oztkFS8iK/xBwKRqNhitbPNPF+wTBGOHC22hjpHqXEYfG+nhQPH7uJ5wJbP2DAl9galGSRrU88oORuYU5SwELAy1HhOjmyGtWjVXVVeka1OOU7fQUDp9A0eUIjJnFXMXxgjbK69Tkw/z18BjCFDud9+ahfe3xDHZb4AAAA=[0m[Pipeline] tool
[8mha:////4MWVbZFBvXXcz8ppTdfkdV189bS8ZPDLaRMLVjHNNFJtAAAApB+LCAAAAAAAAP9tjTEOwjAQBC9BFLSUPOKC6BCiSmu54QUmNsaJdWdsh6TiRXyNPxCIRMUWq51t5vmCZYpw5GixNdQ5So3D4Hs7LRw4dhfPA7Z8xoYpsTcozSBZm3pGydnAnKKEhYCVocZzcmQzrEWr7qryimx1ynH6DgJKp2/wgEJM5qxi/sIYYXPtdWL6ef4KYAwZyv32U7vwBhxD6k6+AAAA[0m[Pipeline] envVarsForTool
[8mha:////4LimrQT8AMuVZQhGGWpNZIQAxAQHncOqX1Pd7HTYXoY/AAAApx+LCAAAAAAAAP9tjTEOwjAUQ3+LOrAycogUiQkhpq5RFk4QmhDSRv+Xn5R24kRcjTvQUokJD5ZtyXqvNxSR4UTsRGOx9RhrL7rQuymJgbi9BhpEQxdRE0YKVig7KDK2WqqiZGFRlsNKwtpiHSh6dAk2stEPXQaNrjwnnrajhNybOzwhkxM5aU7fMjJsb72JhD/OXwCMXYL8sJttPz+LD5M4m6TCAAAA[0m[Pipeline] withEnv
[8mha:////4IVNovRacbT3Ib2hstuD9pka48BLiWaYKMa+BGViArIFAAAApx+LCAAAAAAAAP9tjTEOwjAUQ3+LOrAycoh0gAUhpq5RFk4QmhDSRv+Xn5R24kRcjTvQUokJD5ZtyXqvNxSR4UTsRGOx9RhrL7rQuymJgbi9BhpEQxdRE0YKVig7KDK2WqqiZGFRlsNKwtpiHSh6dAk2stEPXQaNrjwnnrajhNybOzwhkxM5aU7fMjJsb72JhD/OXwCMXYL8sJttPz+LDypufCDCAAAA[0m[Pipeline] {
[8mha:////4JugoMoIZtyozVbYM+3IjOHfq8frRzqOV/MAmRjvZ8ORAAAApx+LCAAAAAAAAP9tjTEOwjAUQ3+LOrAycoh0gQEhpq5RFk4QmhDSRv+Xn5R24kRcjTvQUokJD5ZtyXqvNxSR4UTsRGOx9RhrL7rQuymJgbi9BhpEQxdRE0YKVig7KDK2WqqiZGFRlsNKwtpiHSh6dAk2stEPXQaNrjwnnrajhNybOzwhkxM5aU7fMjJsb72JhD/OXwCMXYL8sJttPz+LDwyoG8LCAAAA[0m[Pipeline] dir
Running in /var/lib/jenkins/workspace/TestandoPipeline/api-test
[8mha:////4J9pyY8b2CWoGyLraWgGNGih1XTZzSm37T8wLrUGH1U0AAAApx+LCAAAAAAAAP9tjTEOwjAUQ3+LOrAycoh0Agkhpq5RFk4QmhDSRv+Xn5R24kRcjTvQUokJD5ZtyXqvNxSR4UTsRGOx9RhrL7rQuymJgbi9BhpEQxdRE0YKVig7KDK2WqqiZGFRlsNKwtpiHSh6dAk2stEPXQaNrjwnnrajhNybOzwhkxM5aU7fMjJsb72JhD/OXwCMXYL8sJttPz+LD2IFAYXCAAAA[0m[Pipeline] {
[8mha:////4I4HJGyFUuGrqk4OhCu55kv533KFQ0WX1ahEph09j9BJAAAApB+LCAAAAAAAAP9tjTEOwjAQBC9BFLSUPOLSgRCiSmu54QUmNsaJdWdsh6TiRXyNPxCIRMUWq51t5vmCZYpw5GixNdQ5So3D4Hs7LRw4dhfPA7Z8xoYpsTcozSBZm3pGydnAnKKEhYCVocZzcmQzrEWr7qryimx1ynH6DgJKp2/wgEJM5qxi/sIYYXPtdWL6ef4KYAwZyv32U7vwBmOCTVC+AAAA[0m[Pipeline] git
using credential github_login
 > git rev-parse --is-inside-work-tree # timeout=10
Fetching changes from the remote Git repository
 > git config remote.origin.url https://github.com/clecioantao/tasks-api-test # timeout=10
Fetching upstream changes from https://github.com/clecioantao/tasks-api-test
 > git --version # timeout=10
using GIT_ASKPASS to set credentials Login Github
 > git fetch --tags --progress -- https://github.com/clecioantao/tasks-api-test +refs/heads/*:refs/remotes/origin/* # timeout=10
 > git rev-parse refs/remotes/origin/master^{commit} # timeout=10
 > git rev-parse refs/remotes/origin/origin/master^{commit} # timeout=10
Checking out Revision 972cb7ee4fe40ea9c278e251c8507c30b0b80d62 (refs/remotes/origin/master)
 > git config core.sparsecheckout # timeout=10
 > git checkout -f 972cb7ee4fe40ea9c278e251c8507c30b0b80d62 # timeout=10
 > git branch -a -v --no-abbrev # timeout=10
 > git branch -D master # timeout=10
 > git checkout -b master 972cb7ee4fe40ea9c278e251c8507c30b0b80d62 # timeout=10
Commit message: "first commit"
 > git rev-list --no-walk 972cb7ee4fe40ea9c278e251c8507c30b0b80d62 # timeout=10
[8mha:////4OY1MCbvFCy57iCNmVdsQ6kjsBf78ChR0aykiNrAEfYkAAAApB+LCAAAAAAAAP9tjTEOwjAQBC9BFLSUPOLSIRCiSmu54QUmNsaJdWdsh6TiRXyNPxCIRMUWq51t5vmCZYpw5GixNdQ5So3D4Hs7LRw4dhfPA7Z8xoYpsTcozSBZm3pGydnAnKKEhYCVocZzcmQzrEWr7qryimx1ynH6DgJKp2/wgEJM5qxi/sIYYXPtdWL6ef4KYAwZyv32U7vwBqye1de+AAAA[0m[Pipeline] sh
+ mvn test
[INFO] Scanning for projects...
[INFO] 
[INFO] ---------------------< br.testes.clecio:api-test >----------------------
[INFO] Building api-test 0.0.1-SNAPSHOT
[INFO] --------------------------------[ jar ]---------------------------------
[INFO] 
[INFO] --- maven-resources-plugin:2.6:resources (default-resources) @ api-test ---
[WARNING] Using platform encoding (UTF-8 actually) to copy filtered resources, i.e. build is platform dependent!
[INFO] skip non existing resourceDirectory /var/lib/jenkins/workspace/TestandoPipeline/api-test/src/main/resources
[INFO] 
[INFO] --- maven-compiler-plugin:3.1:compile (default-compile) @ api-test ---
[INFO] No sources to compile
[INFO] 
[INFO] --- maven-resources-plugin:2.6:testResources (default-testResources) @ api-test ---
[WARNING] Using platform encoding (UTF-8 actually) to copy filtered resources, i.e. build is platform dependent!
[INFO] skip non existing resourceDirectory /var/lib/jenkins/workspace/TestandoPipeline/api-test/src/test/resources
[INFO] 
[INFO] --- maven-compiler-plugin:3.1:testCompile (default-testCompile) @ api-test ---
[INFO] Nothing to compile - all classes are up to date
[INFO] 
[INFO] --- maven-surefire-plugin:2.12.4:test (default-test) @ api-test ---
[INFO] Surefire report directory: /var/lib/jenkins/workspace/TestandoPipeline/api-test/target/surefire-reports

-------------------------------------------------------
 T E S T S
-------------------------------------------------------
Running apitest.apiTest
HTTP/1.1 400 
Content-Type: application/json
Transfer-Encoding: chunked
Date: Sat, 02 May 2020 19:24:53 GMT
Connection: close

{
    "timestamp": "2020-05-02T19:24:53.577+0000",
    "status": 400,
    "error": "Bad Request",
    "message": "Due date must not be in past",
    "path": "/tasks-backend/todo"
}
Tests run: 3, Failures: 0, Errors: 0, Skipped: 0, Time elapsed: 3.285 sec

Results :

Tests run: 3, Failures: 0, Errors: 0, Skipped: 0

[INFO] ------------------------------------------------------------------------
[INFO] BUILD SUCCESS
[INFO] ------------------------------------------------------------------------
[INFO] Total time:  4.579 s
[INFO] Finished at: 2020-05-02T16:24:54-03:00
[INFO] ------------------------------------------------------------------------
[8mha:////4DYRRIeEGZWBuWLAD2cfevkUmi2V2KmcfaGrlQDbf2kjAAAApB+LCAAAAAAAAP9tjTEOwjAQBC9BFLSUPOLSIUWIitZKwwtMYowd686xHZyKF/E1/kAgEhVbrHa2mecL1jHAkYNGq6g3FFuD3o16Xpg59FfHGS1fsGWK7BQ2KjfcqdOCDScFS4oSVgI2ilrH0ZBOsBVW3mXlJOnqnML8HQSUphvgAYWYzUmG9IUpwO42dpHp5/krgMn7BGVdf2r/BiuXsCO+AAAA[0m[Pipeline] }
[8mha:////4IilU/6I4EPX1IGBQ4b7jSpB0kyO9QObYowVAtuSnmZ1AAAAph+LCAAAAAAAAP9tjTESgjAQRRcYC1tLDxGwsHAcKtsMjSeIIcZAZheTRag8kVfzDmZkxspf/fea93rDKgaoKVjRGewdRu3E4Eebnpgo9FdPk+joIjRhJG9EY6aGWnNasCE2sCzLoZCwNqg9RYeWYSM79VClV2jLM4fkjhJy197hCZlMZVaBvzAH2N7GNhL+On8DMA8DQ7GrKob8sP8AHPgc5L8AAAA=[0m[Pipeline] // dir
[8mha:////4NDM9J5/xBPPad5Js10XxSEG1mRXZEq7AjgRo444e2sZAAAAph+LCAAAAAAAAP9tjbEOgjAURR8QB1dHP6JI4mIMk2vD4hdUWmuheQ/bhzD5Rf6a/2AjiZN3uucs5/WGVQxQU7CiM9g7jK0Tgx9temKi0F89TaKji2gJI3kjGjM1pM1pwYbYwLIsh0LC2mDrKTq0DBvZqYcqvUJbnjkkd5SQO32HJ2QylVkF/sIcYHsbdST8df4GYB4GhqLaVQz5Yf8BLxtHWL8AAAA=[0m[Pipeline] }
[8mha:////4D/iTpbd4k/6+g7asBhPXDSV8SG9Dr5l5L+EPzbOHqzjAAAAph+LCAAAAAAAAP9tjTsOwjAQBTeJKGgpOYTDp0IRFa2VhhOY2Bgn1m6wNyQVJ+Jq3AGLSFS86s0083rDIgY4UrCiNdg5jI0TvR9semKk0F09jaKli2gII3kjajPWpM1pxprYwLwsh0LC0mDjKTq0DCvZqocqvUJbnjkkV0nInb7DEzKZyqwCf2EKsL4NOhL+On8DMPU9Q7Hd7Bjyw/4DIvy3QL8AAAA=[0m[Pipeline] // withEnv
[8mha:////4BJw9VUCo+Ah1G5D7jyNeXJcGQpYZaxXRX25s553+l89AAAApR+LCAAAAAAAAP9tjTESgjAQRRcYC1tLDxFwrByHyjZD4wliiDGQ2cVkESpP5NW8gxmZsfJX/73mvd6wigFqClZ0BnuHUTsx+NGmJyYK/dXTJDq6CE0YyRvRmKmh1pwWbIgNLMtyKCSsDWpP0aFl2MhOPVTpFdryzCG5o4TctXd4QiZTmVXgL8wBtrexjYS/zt8AzMPAUOyqPUN+qD49fuISvwAAAA==[0m[Pipeline] }
[8mha:////4Anq29DCabIl1j0lhGQEYn3OgYPWnr2LSo/PefDahuJ3AAAAph+LCAAAAAAAAP9tjTEOwjAQBC+JKGgpeYQDEgUooqK10vACExvjxLoL9oWk4kV8jT9gEYmKrXammdcbFjHAkYIVrcHOYWyc6P1g0xMjhe7qaRQtXURDGMkbUZuxJm1OM9bEBuZlORQSlgYbT9GhZVjJVj1U6RXa8swhuUpC7vQdnpDJVGYV+AtTgPVt0JHw1/kbgKnvGYrtZseQ7w8fYMcgb78AAAA=[0m[Pipeline] // stage
[8mha:////4NGYTMyFmq2qOTn1fhHDDQTY7MN1XSkMYbddcsj7cZTDAAAAqR+LCAAAAAAAAP9tjbEOgjAURR8QBldHP6LI4GAMk2vD4hfUUmuheQ/bhzD5Rf6a/yBK4uSd7rnJzXm+II8BKgpWtAY7h1E70fvBzk2MFLqLp1G0dBaaMJI3ojZjTY05LlgTG1iSpJBJWBnUnqJDy7CWrbqrwiu0xYnDvB0kpK65wQMSOZtZBf7CFGBzHZpI+PP8FcDUM6TlniErt7vPNX8D5lmVAcMAAAA=[0m[Pipeline] stage
[8mha:////4EddDEsj5h91kMThdwCftDul/BkBoYigeWx9+iqfKt3kAAAAqB+LCAAAAAAAAP9tjTEOwjAUQ39bdWBl5BApDLCgTqxRF04QkhCSRv+XJKWdOBFX4w6UVmLCg2Vbst7rDWUMUFMwzGlsLUZpWed7MyU2UGivngbm6MIkYSSvWaOHhpQ+LbWhpGFRlkPBYaVReooWTYI1d+IhKi/QVOcUpu3IIbfqDk/I+EROIqS5jAE2t15Fwh/nLwDGLkGx2+5nP3y/5QeNKyY7xAAAAA==[0m[Pipeline] { (Deploy Frontend)
[8mha:////4KcERzzpBP338EUWUCP4HGzNb9Cxah9Fy3ydck+EwJmTAAAApR+LCAAAAAAAAP9tjTESwiAURH+SsbC19BBEGy2cVLZMGk+AgAhh/o9AJJUn8mrewUwyY+UWO/u2ee8PrGKAhoJhTmNnMUrLej+YabFMobt5yszRlUnCSF6zVueWlD4v2FLSsKQooeKw1ig9RYsmwYY78RS1F2jqSwrTd+JQWvWAFxR8MicR0gxjgO19UJHw5/krgLFPUO13h7mP/Rf0TcntwAAAAA==[0m[Pipeline] tool
[8mha:////4Ppocs3XhNM0t1akD3Y07LFDva/LHs2NXcZMajGCDIMtAAAAph+LCAAAAAAAAP9tjTEOwjAQBC+JKGgpeYQDDUJCqWitNLzA2MbYse6C7eBUvIiv8QeiRKJii9XONvP+wCoGaCgY5jR2FqO0rPeDmRbLFLqbp8wcXZkkjOQ1a3VuSenzgi0lDUuKEioOa43SU7RoEmy4E09Re4GmvqQwfScOpVUPeEHBJ3MSIc0wBtjeBxUJf56/Ahj7BNV+d5j72H8BO1FRasAAAAA=[0m[Pipeline] envVarsForTool
[8mha:////4K0YYwrnlVOoDvl2jpV5meA011C/nYP0O/aZjYGaACrWAAAAqB+LCAAAAAAAAP9tjTEOwjAUQ39bdWBl5BApLEgIdWKNunCCkISQNPq/JCntxIm4GnegtBITHizbkvVebyhjgJqCYU5jazFKyzrfmymxgUJ79TQwRxcmCSN5zRo9NKT0aakNJQ2LshwKDiuN0lO0aBKsuRMPUXmBpjqnMG1HDrlVd3hCxidyEiHNZQywufUqEv44fwEwdgmK3XY/++H7LT+oS+69xAAAAA==[0m[Pipeline] withEnv
[8mha:////4P4kIk5HgGV1SaULXXo3yPGDpufnP9oln+fSW0lSrP2PAAAAqB+LCAAAAAAAAP9tjbEOgjAYhH8gDK6OPkSB0Rgn14bFJ6htrYXm/7Etlskn8tV8B0ESJ2+43F1y+V5vKIOHI3nDOo29xSAtG9xo5sQS+f7qKLGOLkwSBnKatTq1pPRprS1FDauyHAoOG43SUbBoImx5Jx6icgJNdY5+3g4ccqvu8ISMz+QofPyWycPuNqpA+OP8BcA0RCiaer94Uy/f8gOljgJOxAAAAA==[0m[Pipeline] {
[8mha:////4NWRQwy9iN17TkdFIMGU9yy65XxKg4ElkCSSA+UEtgXjAAAAph+LCAAAAAAAAP9tjTEOwjAUQ39bdWBl5BApnRETa5SFE4QkhLTR/yVJaSdOxNW4A6GVmPBg2Zas93pDHQMcKVjWGewdRuXY4EebE5so9FdPE+vowhRhJG+YMJMgbU5rFZQMrCpKqDhsDCpP0aFNsOWdfMjGS7TNOYW8HTiUTt/hCQXP5CRDWsocYHcbdST8cf4CYB4SVG27X7z9fusPFL5hxcQAAAA=[0m[Pipeline] dir
Running in /var/lib/jenkins/workspace/TestandoPipeline/frontend
[8mha:////4KbSQdlj3Bwo7m2t46LmEdmB203iy3jbjCMJwgmCCHHkAAAApx+LCAAAAAAAAP9tjTEOwjAUQ39bdWBl5BCpwoqYWKMunCA0ISSN/i9JSjtxIq7GHQitxIQHy7Zkvdcb6hjgSMEwp7G3GDvLBj+anNhEob96mpijC+sII3nNWj21pPRprS0lDauKEioBG42dp2jRJNgKJx+y8RJNc04hbwcBpVV3eEIhMjnJkJYyB9jdRhUJf5y/AJiHBBXnfPH991t/ANWAUNjEAAAA[0m[Pipeline] {
[8mha:////4MEx+mkEhs2Kl1hmv6U6ccrkNDIHsPjzFoZHEYge68lXAAAApB+LCAAAAAAAAP9tjTEOwjAQBC+JKGgpeYSjQImo0lppeIGJjbFj3RnbIal4EV/jD1iJRMUWq51t5v2BTQxwpqCZVTgYjL1h3o06LzZRGG6OJmbpynrCSE6xTk0dSdWu2FFSsKYooeKwVdg7igZ1gh234ilqJ1DXlxTyd+JQGvmAFxQ8m5MIaYE5wP4+ykj48/wVwOwTVE1zWProv374VhvAAAAA[0m[Pipeline] git
using credential github_login
 > git rev-parse --is-inside-work-tree # timeout=10
Fetching changes from the remote Git repository
 > git config remote.origin.url https://github.com/clecioantao/tasks-frontend # timeout=10
Fetching upstream changes from https://github.com/clecioantao/tasks-frontend
 > git --version # timeout=10
using GIT_ASKPASS to set credentials Login Github
 > git fetch --tags --progress -- https://github.com/clecioantao/tasks-frontend +refs/heads/*:refs/remotes/origin/* # timeout=10
 > git rev-parse refs/remotes/origin/master^{commit} # timeout=10
 > git rev-parse refs/remotes/origin/origin/master^{commit} # timeout=10
Checking out Revision e8dab6a1344e278805def048a48100d194a3ceec (refs/remotes/origin/master)
 > git config core.sparsecheckout # timeout=10
 > git checkout -f e8dab6a1344e278805def048a48100d194a3ceec # timeout=10
 > git branch -a -v --no-abbrev # timeout=10
 > git branch -D master # timeout=10
 > git checkout -b master e8dab6a1344e278805def048a48100d194a3ceec # timeout=10
Commit message: "Update TasksController.java"
 > git rev-list --no-walk e8dab6a1344e278805def048a48100d194a3ceec # timeout=10
[8mha:////4ORppNciyge/M16THjSzJ1xRIYO6JETnrtPzUeaUSNljAAAApR+LCAAAAAAAAP9tjTEOwjAQBC+JKGgpeYSjIDpEldZKwwtMbIwd687YDknFi/gaf8BKJCq2WO1sM+8PbGKAMwXNrMLBYOwN827UebGJwnBzNDFLV9YTRnKKdWrqSKp2xY6SgjVFCRWHrcLeUTSoE+y4FU9RO4G6vqSQvxOH0sgHvKDg2ZxESAvMAfb3UUbCn+evAGafoGqaw9JH/wW5bhdUwAAAAA==[0m[Pipeline] sh
+ mvn clean package
[INFO] Scanning for projects...
[INFO] 
[INFO] -------------------< br.ce.wcaquino:tasks-frontend >--------------------
[INFO] Building tasks-frontend 0.0.1-SNAPSHOT
[INFO] --------------------------------[ war ]---------------------------------
[INFO] 
[INFO] --- maven-clean-plugin:3.1.0:clean (default-clean) @ tasks-frontend ---
[INFO] Deleting /var/lib/jenkins/workspace/TestandoPipeline/frontend/target
[INFO] 
[INFO] --- maven-resources-plugin:3.1.0:resources (default-resources) @ tasks-frontend ---
[INFO] Using 'UTF-8' encoding to copy filtered resources.
[INFO] Copying 1 resource
[INFO] Copying 22 resources
[INFO] 
[INFO] --- maven-compiler-plugin:3.8.1:compile (default-compile) @ tasks-frontend ---
[INFO] Changes detected - recompiling the module!
[INFO] Compiling 4 source files to /var/lib/jenkins/workspace/TestandoPipeline/frontend/target/classes
[INFO] 
[INFO] --- maven-resources-plugin:3.1.0:testResources (default-testResources) @ tasks-frontend ---
[INFO] Using 'UTF-8' encoding to copy filtered resources.
[INFO] skip non existing resourceDirectory /var/lib/jenkins/workspace/TestandoPipeline/frontend/src/test/resources
[INFO] 
[INFO] --- maven-compiler-plugin:3.8.1:testCompile (default-testCompile) @ tasks-frontend ---
[INFO] No sources to compile
[INFO] 
[INFO] --- maven-surefire-plugin:2.22.2:test (default-test) @ tasks-frontend ---
[INFO] No tests to run.
[INFO] 
[INFO] --- maven-war-plugin:3.2.3:war (default-war) @ tasks-frontend ---
[INFO] Packaging webapp
[INFO] Assembling webapp [tasks-frontend] in [/var/lib/jenkins/workspace/TestandoPipeline/frontend/target/tasks]
[INFO] Processing war project
[INFO] Webapp assembled in [99 msecs]
[INFO] Building war: /var/lib/jenkins/workspace/TestandoPipeline/frontend/target/tasks.war
[INFO] 
[INFO] --- spring-boot-maven-plugin:2.2.4.RELEASE:repackage (repackage) @ tasks-frontend ---
[INFO] Replacing main artifact with repackaged archive
[INFO] ------------------------------------------------------------------------
[INFO] BUILD SUCCESS
[INFO] ------------------------------------------------------------------------
[INFO] Total time:  3.820 s
[INFO] Finished at: 2020-05-02T16:25:01-03:00
[INFO] ------------------------------------------------------------------------
[8mha:////4InE4t1UWw3l3nIDiOmlrEzhsPZkLlPDJvnr/lWWg/iKAAAApR+LCAAAAAAAAP9tjTEOwjAQBC+JKGgpeYSjIFEhqrRWGl5gYmPsWHfGdkgqXsTX+ANWIlGxxWpnm3l/YBMDnCloZhUOBmNvmHejzotNFIabo4lZurKeMJJTrFNTR1K1K3aUFKwpSqg4bBX2jqJBnWDHrXiK2gnU9SWF/J04lEY+4AUFz+YkQlpgDrC/jzIS/jx/BTD7BFXTHJY++i/4XwxNwAAAAA==[0m[Pipeline] deploy
[DeployPublisher][INFO] Attempting to deploy 1 war file(s)
[DeployPublisher][INFO] Deploying /var/lib/jenkins/workspace/TestandoPipeline/frontend/target/tasks.war to container Tomcat 8.x Remote with context tasks
  Redeploying [/var/lib/jenkins/workspace/TestandoPipeline/frontend/target/tasks.war]
  Undeploying [/var/lib/jenkins/workspace/TestandoPipeline/frontend/target/tasks.war]
  Deploying [/var/lib/jenkins/workspace/TestandoPipeline/frontend/target/tasks.war]
[8mha:////4K/llpGkZlSsTAw+qOiY38sM7KwBhc8N7obkaJU3bWylAAAApR+LCAAAAAAAAP9tjTEOwjAQBC+JKGgpeYSjUNAgqrRWGl5gYmPsWHfGdkgqXsTX+ANWIlGxxWpnm3l/YBMDnCloZhUOBmNvmHejzotNFIabo4lZurKeMJJTrFNTR1K1K3aUFKwpSqg4bBX2jqJBnWDHrXiK2gnU9SWF/J04lEY+4AUFz+YkQlpgDrC/jzIS/jx/BTB7n6BqmuPShy/HOIlzwAAAAA==[0m[Pipeline] }
[8mha:////4IUdQg66aI4AEsb9dobw8Vink6Mx91b51Y7XmEYNYHK7AAAApR+LCAAAAAAAAP9tjTEOwjAQBC+JKGgpeYSjVBSIitZKwwtMYowd686cHZKKF/E1/oCVSFRssdrZZt4f2ESGE7ERTuNgMXZWBD+avMREPNw8TcLRVXSEkbwWrZ5a6vV5xZaShjVFCZWErcbOU7RoEuykU09Ve4WmviTO31FCafsHvKCQ2ZwUpwVmhv197CPhz/NXAHMICaqmOSzdfAHJYvdMwAAAAA==[0m[Pipeline] // dir
[8mha:////4NWcyPUpua03T50ODU77oL7Q325rcMzH95wqcEfh7X9JAAAApR+LCAAAAAAAAP9tjbEOgjAURR8QB1dHP+Ihm4lxYm26+AW11Fpo3sO2CJNf5K/5DxJInLzDzT13Oe8PbGKAMweLraHOUdQOez/YeeHIobt5HrHlK2qmyN6gNKPkxtQrSk4G1mQ5FAK2hrTn6Mgm2IlWPVXpFdnyksL8nQTkrnnACzIxm5MKaYEpwP4+NJHp5/krgKnvExRVdVz68AW2IrjNwAAAAA==[0m[Pipeline] }
[8mha:////4PcKXMVsVvCoJgkSO2WqzeNWT0k+Hg9WK593g4UYwldZAAAApR+LCAAAAAAAAP9tjTESwiAURH+SsbC19BDElBnHypah8QRIEEmY/xGIpPJEXs07GM2MlVvs7NvmPV+wigEOFAzrNQ4Wo7LMu9HMi2UKw8VRZj2dmSKM5DQTOgvq9HFBQUnDkqKEisNao3IULZoEG97Lu6ydRFOfUpi/PYfSdjd4QMFnc5IhfWEKsL2OXST8ef4KYPI+QdU07ad37RvnoAgLwAAAAA==[0m[Pipeline] // withEnv
[8mha:////4KX5rV1b+073aydn7NYNxHKB2xo5nvNZgucHQDb7tSN2AAAAph+LCAAAAAAAAP9tjTESwiAURH+SsbC19BAkWtg4VrYMjSdAQCRh/o9AJJUn8mrewWhmrNxiZ9827/mCRQxwoGBZa7BzGJVjvR/stFim0F08ZdbSmSnCSN4wYbIgbY4zCkoG5hQlVByWBpWn6NAmWPFW3mXtJdr6lML07TmUTt/gAQWfzEmG9IUxwPo66Ej48/wVwNj3CarNtvl0s3sDRv+ggMAAAAA=[0m[Pipeline] }
[8mha:////4B6a+XAowhYkGF2E0qgHgnWGoPWA0Yn8spcl4+bcTgmEAAAAph+LCAAAAAAAAP9tjTEOwjAQBC+JKGgpeYRDkKgQFa2VhheYxBg71p2xLyQVL+Jr/IFAJCq2WO1sM88XLFKEA0UjnMbOYmqsCL430xIDxe7iaRCOzqIhTOS1qPVQU6uPM9bEGuZkORQSlhobT8miYVhJp+6q9ApNeeI4fXsJuW1v8IBMTmZWkb8wRlhf+zYR/jx/BTCGwFBU2+rTm90bSKXev8AAAAA=[0m[Pipeline] // stage
[8mha:////4MuX06OmVRYWBd9RNfxA454Hc3Gj6WOoaV/IwsP2Q6q5AAAAqB+LCAAAAAAAAP9tjbEOgjAURR8QBldHP6IENmOcWBsWv6CWWgvNe9g+hMkv8tf8B1ESJ+90z01uzvMFeQxwpGBFZ7B3GLUTgx/t0sREob94mkRHZ6EJI3kjGjM11Jp6xYbYwJokhUzCxqD2FB1ahq3s1F0VXqEtThyW7SAhde0NHpDIxcwq8BfmALvr2EbCn+evAOaBIS33DFlZVZ9r/gZ3eA+LwwAAAA==[0m[Pipeline] stage
[8mha:////4KPlbVRamKNapSIL+zFohzNvQH6ImSNxwJMZXR2PgsFkAAAApx+LCAAAAAAAAP9tjbEOgjAYhH8gDK6OPkSJOBon1obFJ6il1kLz/9gWy+QT+Wq+gxUSJ2+43F1y+V5vKL2DEznNeoWDQS8NG+2kU2KR3HC1FFlPFyYJPVnFWhVb6lSz1paCglVZDgWHjUJpyRvUAba8Fw9RWYG6OgeXtiOH3HR3eELGEzkIF5YyO9jdps4T/jh/ATCPAYp9XS9++H7LD9P3sOjEAAAA[0m[Pipeline] { (Functional Test)
[8mha:////4G+qScK3iklZSLGssXXLIINSSXKxMi8BD/taSWqtNrJUAAAApR+LCAAAAAAAAP9tjTsOwjAQRDeJKGgpOYQjPh1KRWul4QTGNsaOtRtsB6fiRFyNOxAlEhVTjOZN894fWMUADQXDnMbOYpSW9X4w02KZQnfzlJmjK5OEkbxmrc4tKX1esKWkYUlRQsVhrVF6ihZNgg134ilqL9DUlxSm78ShtOoBLyj4ZE4ipBnGANv7oCLhz/NXAGOfoNrtD3Mf+y+77HajwAAAAA==[0m[Pipeline] tool
[8mha:////4PFwb5IojtxWng2v6mtsMyRMpysJs+1DnjLWTVjp9S0LAAAApR+LCAAAAAAAAP9tjTEOwjAQBC+JKGgpeYQjQFQoFa2VhhcY2xg71l2wHZyKF/E1/kCUSFRssdrZZt4fWMUADQXDnMbOYpSW9X4w02KZQnfzlJmjK5OEkbxmrc4tKX1esKWkYUlRQsVhrVF6ihZNgg134ilqL9DUlxSm78ShtOoBLyj4ZE4ipBnGANv7oCLhz/NXAGOfoNrtD3Mf+y/63W26wAAAAA==[0m[Pipeline] envVarsForTool
[8mha:////4NFuu3Kck4t72n6iQKYxbfRGn1HShj9kmdzQlwq9QN3lAAAAqB+LCAAAAAAAAP9tjTEOwjAUQ39bdWBl5BCpAIkFdWKNunCCkISQNPq/JCntxIm4GnegtBITHizbkvVebyhjgJqCYU5jazFKyzrfmymxgUJ79TQwRxcmCSN5zRo9NKT0aakNJQ2LshwKDiuN0lO0aBKsuRMPUXmBpjqnMG1HDrlVd3hCxidyEiHNZQywufUqEv44fwEwdgmK7W4/++H7LT8PKtgjxAAAAA==[0m[Pipeline] withEnv
[8mha:////4JG/+H/x70/qdc+VGU5156f8DQ0eNEPCUoV83ezzatpRAAAAqB+LCAAAAAAAAP9tjTEOwjAUQ39bdWBl5BCpYIABdWKNunCCkISQNPq/JCntxIm4GnegtBITHizbkvVebyhjgJqCYU5jazFKyzrfmymxgUJ79TQwRxcmCSN5zRo9NKT0aakNJQ2LshwKDiuN0lO0aBKsuRMPUXmBpjqnMG1HDrlVd3hCxidyEiHNZQywufUqEv44fwEwdgmK7W4/++H7LT+6jidwxAAAAA==[0m[Pipeline] {
[8mha:////4M8nnfzEIVuu8QDm6+pj1kWAeo+AhoJHusgmyI7bsW1hAAAAqB+LCAAAAAAAAP9tjTEOwjAUQ39bdWBl5BCpYAEJdWKNunCCkISQNPq/JCntxIm4GnegtBITHizbkvVebyhjgJqCYU5jazFKyzrfmymxgUJ79TQwRxcmCSN5zRo9NKT0aakNJQ2LshwKDiuN0lO0aBKsuRMPUXmBpjqnMG1HDrlVd3hCxidyEiHNZQywufUqEv44fwEwdgmK7W4/++H7LT8AcNQaxAAAAA==[0m[Pipeline] dir
Running in /var/lib/jenkins/workspace/TestandoPipeline/functional-test
[8mha:////4LzXVVmrYiXP2qkgSUGaeiHkggM3URjUHQnFY7b88apvAAAAqB+LCAAAAAAAAP9tjTEOwjAUQ39bdWBl5BCpYAKhTqxRF04QkhCSRv+XJKWdOBFX4w6UVmLCg2Vbst7rDWUMUFMwzGlsLUZpWed7MyU2UGivngbm6MIkYSSvWaOHhpQ+LbWhpGFRlkPBYaVReooWTYI1d+IhKi/QVOcUpu3IIbfqDk/I+EROIqS5jAE2t15Fwh/nLwDGLkGx3e1nP3y/5QfUPByjxAAAAA==[0m[Pipeline] {
[8mha:////4KDXBugAqTViyianpb1C3LI69MOOlp1VHPhSR6LlOmhMAAAAph+LCAAAAAAAAP9tjTsOwjAQRDeJKGgpOYTDp0KIitZywwmMbYwTazfYDknFibgad8AQiYopRvOmec8XzGKAAwXLGoOtw6gc63xv82IDhfbiaWANnZkijOQNE2YQpM1xQkHJwJSihIrD3KDyFB3aBAveyLusvURbn1LI355D6fQNHlDwbE4ypC+MAZbXXkfCn+evAMYuQbXe7D69XXVvQF8YV8AAAAA=[0m[Pipeline] git
using credential github
 > git rev-parse --is-inside-work-tree # timeout=10
Fetching changes from the remote Git repository
 > git config remote.origin.url https://github.com/clecioantao/tasks-functional-test # timeout=10
Fetching upstream changes from https://github.com/clecioantao/tasks-functional-test
 > git --version # timeout=10
using GIT_ASKPASS to set credentials github
 > git fetch --tags --progress -- https://github.com/clecioantao/tasks-functional-test +refs/heads/*:refs/remotes/origin/* # timeout=10
 > git rev-parse refs/remotes/origin/master^{commit} # timeout=10
 > git rev-parse refs/remotes/origin/origin/master^{commit} # timeout=10
Checking out Revision 46695f001c779ca8dfb3a48817c1ae0cff1c3527 (refs/remotes/origin/master)
 > git config core.sparsecheckout # timeout=10
 > git checkout -f 46695f001c779ca8dfb3a48817c1ae0cff1c3527 # timeout=10
 > git branch -a -v --no-abbrev # timeout=10
 > git branch -D master # timeout=10
 > git checkout -b master 46695f001c779ca8dfb3a48817c1ae0cff1c3527 # timeout=10
Commit message: "removido mensagem do erro"
 > git rev-list --no-walk 46695f001c779ca8dfb3a48817c1ae0cff1c3527 # timeout=10
[8mha:////4FKjN5f72t61IfEPO1eSiTid0HsneQ5YUXOMCzxOSL1RAAAAph+LCAAAAAAAAP9tjTEOwjAQBC+JKGgpeYSjQIUQFa3lhhcY2xgn1l2wHZyKF/E1/kAgEhVbrHa2mecLFjHAgYJlrcHOYVSO9X6w02KZQnfxlFlLZ6YII3nDhMmCtDnOKCgZmFOUUHFYGlSeokObYMVbeZe1l2jrUwrTt+dQOn2DBxR8MicZ0hfGAOvroCPhz/NXAGOfoGo2u09vm/4NAW4DTsAAAAA=[0m[Pipeline] sh
+ mvn test
[INFO] Scanning for projects...
[INFO] 
[INFO] ----------------< br.ce.wcaquino.tasks:functional-test >----------------
[INFO] Building functional-test 0.0.1-SNAPSHOT
[INFO] --------------------------------[ jar ]---------------------------------
[INFO] 
[INFO] --- maven-resources-plugin:2.6:resources (default-resources) @ functional-test ---
[WARNING] Using platform encoding (UTF-8 actually) to copy filtered resources, i.e. build is platform dependent!
[INFO] skip non existing resourceDirectory /var/lib/jenkins/workspace/TestandoPipeline/functional-test/src/main/resources
[INFO] 
[INFO] --- maven-compiler-plugin:3.1:compile (default-compile) @ functional-test ---
[INFO] No sources to compile
[INFO] 
[INFO] --- maven-resources-plugin:2.6:testResources (default-testResources) @ functional-test ---
[WARNING] Using platform encoding (UTF-8 actually) to copy filtered resources, i.e. build is platform dependent!
[INFO] skip non existing resourceDirectory /var/lib/jenkins/workspace/TestandoPipeline/functional-test/src/test/resources
[INFO] 
[INFO] --- maven-compiler-plugin:3.1:testCompile (default-testCompile) @ functional-test ---
[INFO] Nothing to compile - all classes are up to date
[INFO] 
[INFO] --- maven-surefire-plugin:2.20:test (default-test) @ functional-test ---
[INFO] 
[INFO] -------------------------------------------------------
[INFO]  T E S T S
[INFO] -------------------------------------------------------
[INFO] Running br.ce.wcaquino.tasks.functional.TasksTest
mai 02, 2020 4:25:13 PM org.openqa.selenium.remote.DesiredCapabilities chrome
INFORMAÃÃES: Using `new ChromeOptions()` is preferred to `DesiredCapabilities.chrome()`
mai 02, 2020 4:25:14 PM org.openqa.selenium.remote.ProtocolHandshake createSession
INFORMAÃÃES: Detected dialect: W3C
mai 02, 2020 4:25:13 PM org.openqa.selenium.remote.DesiredCapabilities chrome
INFORMAÃÃES: Using `new ChromeOptions()` is preferred to `DesiredCapabilities.chrome()`
mai 02, 2020 4:25:16 PM org.openqa.selenium.remote.ProtocolHandshake createSession
INFORMAÃÃES: Detected dialect: W3C
mai 02, 2020 4:25:13 PM org.openqa.selenium.remote.DesiredCapabilities chrome
INFORMAÃÃES: Using `new ChromeOptions()` is preferred to `DesiredCapabilities.chrome()`
mai 02, 2020 4:25:16 PM org.openqa.selenium.remote.ProtocolHandshake createSession
INFORMAÃÃES: Detected dialect: W3C
mai 02, 2020 4:25:13 PM org.openqa.selenium.remote.DesiredCapabilities chrome
INFORMAÃÃES: Using `new ChromeOptions()` is preferred to `DesiredCapabilities.chrome()`
mai 02, 2020 4:25:18 PM org.openqa.selenium.remote.ProtocolHandshake createSession
INFORMAÃÃES: Detected dialect: W3C
mai 02, 2020 4:25:13 PM org.openqa.selenium.remote.DesiredCapabilities chrome
INFORMAÃÃES: Using `new ChromeOptions()` is preferred to `DesiredCapabilities.chrome()`
mai 02, 2020 4:25:14 PM org.openqa.selenium.remote.ProtocolHandshake createSession
INFORMAÃÃES: Detected dialect: W3C
[INFO] Tests run: 5, Failures: 0, Errors: 0, Skipped: 0, Time elapsed: 5.674 s - in br.ce.wcaquino.tasks.functional.TasksTest
[INFO] 
[INFO] Results:
[INFO] 
[INFO] Tests run: 5, Failures: 0, Errors: 0, Skipped: 0
[INFO] 
[INFO] ------------------------------------------------------------------------
[INFO] BUILD SUCCESS
[INFO] ------------------------------------------------------------------------
[INFO] Total time:  7.546 s
[INFO] Finished at: 2020-05-02T16:25:19-03:00
[INFO] ------------------------------------------------------------------------
[8mha:////4ApCvErA9jUGQ0WGdBFnC8jKJrTuy7ZZOK+M6ms6zeLhAAAAph+LCAAAAAAAAP9tjTEOwjAQBC+JKGgpeYQjQoUQFa2VhheYxBg71p2xLyQVL+Jr/IFAJCq2WO1sM88XLFKEA0UjnMbOYmqsCL430xIDxe7iaRCOzqIhTOS1qPVQU6uPM9bEGuZkORQSlhobT8miYVhJp+6q9ApNeeI4fXsJuW1v8IBMTmZWkb8wRlhf+zYR/jx/BTCGwFBsttWnq90b4pEcecAAAAA=[0m[Pipeline] }
[8mha:////4JaRAS66xi5URM0ZJPVHohCh8AoRgw5QK8Vvl79N8JXmAAAAph+LCAAAAAAAAP9tjTEOwjAQBC+JKGgpeYQjSIOEqGitNLzAJMbYse6MfSGpeBFf4w8EIlGxxWpnm3m+YJEiHCga4TR2FlNjRfC9mZYYKHYXT4NwdBYNYSKvRa2Hmlp9nLEm1jAny6GQsNTYeEoWDcNKOnVXpVdoyhPH6dtLyG17gwdkcjKzivyFMcL62reJ8Of5K4AxBIZiU1Wf3u7ewKpsqMAAAAA=[0m[Pipeline] // dir
[8mha:////4KfMerNeVaqQuv2R30gARVOFmvymJugMiv7dFlM/W6oUAAAApx+LCAAAAAAAAP9tjTsOwjAQRDeJKGgpOYQjPhIFoqK13HACYxvjxNoNtkNScSKuxh0wRKJiitG8ad7zBbMY4EDBssZg6zAqxzrf27zYQKG9eBpYQ2emCCN5w4QZBGlznFBQMjClKKHiMDeoPEWHNsGCN/Iuay/R1qcU8rfnUDp9gwcUPJuTDOkLY4DltdeR8Of5K4Cx6xJUq8320+vdG9+JdP3AAAAA[0m[Pipeline] }
[8mha:////4DnmBjOpeV4cbuyoJj30brs3XCwNbQxRUeA6RHcYJiazAAAAph+LCAAAAAAAAP9tjTEOwjAQBC+JKGgpeYQjQNAgKlrLDS8wtjFOrLtgOyQVL+Jr/AFDJCq2WO1sM88XzGKAAwXLGoOtw6gc63xv82IDhfbiaWANnZkijOQNE2YQpM1xQkHJwJSihIrD3KDyFB3aBAveyLusvURbn1LI355D6fQNHlDwbE4ypC+MAZbXXkfCn+evAMauS1CtNttPr3dv/bIELMAAAAA=[0m[Pipeline] // withEnv
[8mha:////4MNnEY2R/qM6djoATanGyYakM3Nw0LSVx9k2DYh9l9XlAAAAph+LCAAAAAAAAP9tjTEOwjAQBC+JKGgpeYQjiESDqGitNLzAJMbYse6MfSGpeBFf4w8EIlGxxWpnm3m+YJEiHCga4TR2FlNjRfC9mZYYKHYXT4NwdBYNYSKvRa2Hmlp9nLEm1jAny6GQsNTYeEoWDcNKOnVXpVdoyhPH6dtLyG17gwdkcjKzivyFMcL62reJ8Of5K4AxBIZiU+0+va3e71yGbcAAAAA=[0m[Pipeline] }
[8mha:////4Jz2W+o6TM9SZ0Z92Ub0ee45qLf+TYRCFKLktREgNKyBAAAAph+LCAAAAAAAAP9tjTEOwjAQBC+JKGgpeYQjQkGBqGitNLzAJMbYse6MfSGpeBFf4w8EIlGxxWpnm3m+YJEiHCga4TR2FlNjRfC9mZYYKHYXT4NwdBYNYSKvRa2Hmlp9nLEm1jAny6GQsNTYeEoWDcNKOnVXpVdoyhPH6dtLyG17gwdkcjKzivyFMcL62reJ8Of5K4AxBIZis919uqrezWf2vMAAAAA=[0m[Pipeline] // stage
[8mha:////4AI6WVESpjrqiYeoijoMaaoKyROwMLM/J4yM0+QbAdQTAAAAqR+LCAAAAAAAAP9tjbEOgjAURR8QBldHP6KEuGgMk2vTxS+oUGuheQ/bhzD5Rf6a/yBK4uSd7rnJzXm+II8BKgpWtAY7h7F2oveDnZsYKXQXT6No6SxqwkjeCGVGRY05LqiIDSxJUsgkrAzWnqJDy7CWrb7rwmu0xYnDvB0kpK65wQMSOZtZB/7CFGBzHZpI+PP8FcDUM6TlniErt7vPNX8DpVDjjMMAAAA=[0m[Pipeline] stage
[8mha:////4G18rCetunlom2B3d04/6W33ZxkK1CTckcq43LLvpidAAAAAqB+LCAAAAAAAAP9tjTEOwjAUQ39bdWBl5BCpEAsIdWKNunCCkISQNPq/JCntxIm4GnegtBITHizbkvVebyhjgJqCYU5jazFKyzrfmymxgUJ79TQwRxcmCSN5zRo9NKT0aakNJQ2LshwKDiuN0lO0aBKsuRMPUXmBpjqnMG1HDrlVd3hCxidyEiHNZQywufUqEv44fwEwdgmK7W4/++H7LT/l7v3YxAAAAA==[0m[Pipeline] { (Deploy Prod)
[8mha:////4HwvsgA56Dy2b4OnFp3zJtOdtysc91G5d8A+3HLzp92LAAAAph+LCAAAAAAAAP9tjTEOwjAQBC+JKGgpeYQDggYhKlrLDS8wtjFOrLtgOyQVL+Jr/AFDJCq2WO1sM88XzGKAAwXLGoOtw6gc63xv82IDhfbiaWANnZkijOQNE2YQpM1xQkHJwJSihIrD3KDyFB3aBAveyLusvURbn1LI355D6fQNHlDwbE4ypC+MAZbXXkfCn+evAMYuQbXe7D69XXVvhl0sRcAAAAA=[0m[Pipeline] tool
[8mha:////4IreSwDExpoZhKXaigWO8ug5useWvN/Tzpofys2NO8q5AAAAph+LCAAAAAAAAP9tjTEOwjAQBC+JKGgpeYSjCBqEqGgtN7zA2MY4se6C7eBUvIiv8QcCkajYYrWzzTxfsIgBDhQsaw12DqNyrPeDnRbLFLqLp8xaOjNFGMkbJkwWpM1xRkHJwJyihIrD0qDyFB3aBCveyrusvURbn1KYvj2H0ukbPKDgkznJkL4wBlhfBx0Jf56/Ahj7BFWz2X162/Rvx2w3XMAAAAA=[0m[Pipeline] envVarsForTool
[8mha:////4L6kNqVCiARJUoKnq7Z2eaiFtYvAmPZk80a3K+g8WYOAAAAAqh+LCAAAAAAAAP9tjT0OwjAUg19bdWBl5BCp+FkQYmKNsnCCkIaQNnqvJCnpxIm4GnegpRITHizbkvW93lAGD0fyhjUaW4tBWda53oyJJfLt1VFiDV2YIgzkNBM6Car1aa6CooZZWQ4Fh4VG5ShYNBGWvJEPWTmJpjpHP24HDrmt7/CEjI/kKH38lsHD6tbXgfDH+QuAoYtQrLf7yXeb6Vt+AMdsOOzEAAAA[0m[Pipeline] withEnv
[8mha:////4Ab9q07aRNH+730qlhgMluoLcYQCdX/aQPYUCppA7u/eAAAAqB+LCAAAAAAAAP9tjT0OwjAUg19bdWBl5BCp+NlQJ9aoCycISQhJo/dKktJOnIircQdKKzHhwbItWd/rDWUMUFMwzGlsLUZpWed7MyU2UGivngbm6MIkYSSvWaOHhpQ+LbWhpGFRlkPBYaVReooWTYI1d+IhKi/QVOcUpu3IIbfqDk/I+EROIqS5jAE2t15Fwh/nLwDGLkGxPexm33+/5Qc0HYUrxAAAAA==[0m[Pipeline] {
[8mha:////4IlNNv9Exs12bTcuaEYG0qNw5x67rxkYxHcjxiPqs1aGAAAApR+LCAAAAAAAAP9tjbEOgjAURR8QB1dHP6LEyGacWJsufkEttRaa9/C1CJNf5K/5DxJInLzDzT13Oe8PbCLDmdiJ1mLnMRov+jC4eYmRuLsFGkVLV2EIIwUrlB0VNbZeUVGysCbLoZCwtWgCRY8uwU62+qnLoNGVl8Tzd5KQ++YBL8jkbE6a0wITw/4+NJHw5/krgKlPUByq49JV/wWD6eHUwAAAAA==[0m[Pipeline] sh
+ /usr/local/bin/docker-compose/docker-compose build
/var/lib/jenkins/workspace/TestandoPipeline@tmp/durable-7bde11e5/script.sh: linha 1: /usr/local/bin/docker-compose/docker-compose: NÃ£o Ã© um diretÃ³rio
[8mha:////4K1ciJAlp6AmkecEfkEx6Igey4gZ/NZk0EE5bIUEVEUBAAAApR+LCAAAAAAAAP9tjTEOwjAQBC+JKGgpeYQjBFQoFa2VhhcY2xg71l2wHZyKF/E1/kCUSFRssdrZZt4fWMUADQXDnMbOYpSW9X4w02KZQnfzlJmjK5OEkbxmrc4tKX1esKWkYUlRQsVhrVF6ihZNgg134ilqL9DUlxSm78ShtOoBLyj4ZE4ipBnGANv7oCLhz/NXAGPfJ6h2h+Pc+y/t6PEAwAAAAA==[0m[Pipeline] }
[8mha:////4EPunvE1z+3gvokzaH4V6Gxqb6cAIP867H8dpr/ikTgYAAAAph+LCAAAAAAAAP9tjTEOwjAQBC+JKGgpeYQjEKJBqWitNLzA2MbYse6C7eBUvIiv8QeiRKJii9XONvP+wCoGaCgY5jR2FqO0rPeDmRbLFLqbp8wcXZkkjOQ1a3VuSenzgi0lDUuKEioOa43SU7RoEmy4E09Re4GmvqQwfScOpVUPeEHBJ3MSIc0wBtjeBxUJf56/Ahj7PkG1Oxzn3n8B5sIeRsAAAAA=[0m[Pipeline] // withEnv
[8mha:////4D2pbU3tbhH/wzP2SfglkqX90yd56L1pqdpvACU2HGKYAAAApx+LCAAAAAAAAP9tjTEOwjAQBC+JKGgpeYQjBBJCiIrWcsMLjG2ME+su2A5JxYv4Gn/AEImKLVY728zzBbMY4EDBssZg6zAqxzrf27zYQKG9eBpYQ2emCCN5w4QZBGlznFBQMjClKKHiMDeoPEWHNsGCN/Iuay/R1qcU8rfnUDp9gwcUPJuTDOkLY4DltdeR8Of5K4Cx6xJUq8320+vdGx2G+jjAAAAA[0m[Pipeline] }
[8mha:////4DridjmYomYAp2xvvwdadP6FpvJVea2iouaXK+n9RGguAAAApx+LCAAAAAAAAP9tjTEOwjAQBC+JKGgpeYQjBEUkREVrpeEFJjHGjnVn7AtJxYv4Gn8gEImKLVY728zzBYsU4UDRCKexs5gaK4LvzbTEQLG7eBqEo7NoCBN5LWo91NTq44w1sYY5WQ6FhKXGxlOyaBhW0qm7Kr1CU544Tt9eQm7bGzwgk5OZVeQvjBHW175NhD/PXwGMITAUm1316W31BmLGtbnAAAAA[0m[Pipeline] // stage
[8mha:////4DOyHhzeQiF6xqysohoSJ4e2uuydBQe+CAvIe62nJMuLAAAAqR+LCAAAAAAAAP9tjbEOgjAURR8QBldHP6KExIUYJ9aGxS+opdZC8x62D2Hyi/w1/0GUxMk73XOTm/N8QR4DHClY0RnsHUbtxOBHuzQxUegvnibR0VlowkjeiMZMDbWmXrEhNrAmSSGTsDGoPUWHlmErO3VXhVdoixOHZTtISF17gwckcjGzCvyFOcDuOraR8Of5K4B5YEjLiiEr99Xnmr8Bjr0YgsMAAAA=[0m[Pipeline] stage
[8mha:////4HYBDKs96GDVenE7jeZ9XkXBetV9r6QmyJwxdJYxN/WgAAAAqh+LCAAAAAAAAP9tjTEOwjAUQ39bdWBl5BApSDAgxMQaZeEEIQ0hbfR/SVLSiRNxNe5ASyUmPFi2Jeu93lAGD0fyhjUaW4tBWda53oyJJfLt1VFiDV2YIgzkNBM6Car1aa6CooZZWQ4Fh4VG5ShYNBGWvJEPWTmJpjpHP24HDrmt7/CEjI/kKH38lsHD6tbXgfDH+QuAoYtQbLb7yXfr6Vt+ACDA9HrEAAAA[0m[Pipeline] { (Health Check)
Stage "Health Check" skipped due to earlier failure(s)
[8mha:////4CYPxLTnhymNKNqJJTkQ3Zh4uFy6sMiCjvoAWQ/zeLymAAAApR+LCAAAAAAAAP9tjTESgjAQRRcYC1tLD7FIYeVY0WbSeIIYYgxkdjEJQuWJvJp3kIEZK3/x57/fvPcHNjHAmYPF1lDnKGqHvR/svHDk0N08j9jyFTVTZG9QmlFyY+oVJScDa7IcCgFbQ9pzdGQT7ESrnqr0imx5SWH+TgJy1zzgBZmYzUmFtMAUYH8fmsj08/wVwNT3CYrqWC19+AKbrAa4wAAAAA==[0m[Pipeline] }
[8mha:////4PGptjxiQV4pbIds224rvFNnc+apwOmsX5giUfyuyxR4AAAApx+LCAAAAAAAAP9tjTEOwjAQBC+JKGgpeYQjEBQIUdFabniBsY1xYt0F2yGpeBFf4w8YIlGxxWpnm3m+YBYDHChY1hhsHUblWOd7mxcbKLQXTwNr6MwUYSRvmDCDIG2OEwpKBqYUJVQc5gaVp+jQJljwRt5l7SXa+pRC/vYcSqdv8ICCZ3OSIX1hDLC89joS/jx/BTB2XYJqtV1/erN7A+M/KenAAAAA[0m[Pipeline] // stage
[8mha:////4BcN+OcRLTSETbMaZSEVOhs4oluzWAcvs66+vz9Kbw9TAAAAqR+LCAAAAAAAAP9tjbEOgjAURR8QBldHP6KEGAdjmFybLn5BhVoLzXvYPoTJL/LX/AdREifvdM9Nbs7zBXkMUFGwojXYOYy1E70f7NzESKG7eBpFS2dRE0byRigzKmrMcUFFbGBJkkImYWWw9hQdWoa1bPVdF16jLU4c5u0gIXXNDR6QyNnMOvAXpgCb69BEwp/nrwCmniEt9wxZudt+rvkbXJX0hcMAAAA=[0m[Pipeline] stage
[8mha:////4CH6qT2dMEGPxo16wn2/GW2MxLIVfdbBH9kf00rd/02xAAAAqB+LCAAAAAAAAP9tjTEOwjAUQ39bdWBl5BCpEDChTqxRF04QkhCSRv+XJKWdOBFX4w6UVmLCg2Vbst7rDWUMUFMwzGlsLUZpWed7MyU2UGivngbm6MIkYSSvWaOHhpQ+LbWhpGFRlkPBYaVReooWTYI1d+IhKi/QVOcUpu3IIbfqDk/I+EROIqS5jAE2t15Fwh/nLwDGLkGxPexm33+/5QfSs8TWxAAAAA==[0m[Pipeline] { (Declarative: Post Actions)
[8mha:////4N/xjWfqnDC3fEKBQWHeu/t8GtAt6bM0WounmsNVDS5TAAAApR+LCAAAAAAAAP9tjbEOgjAURR8QB1dHP6LERCbjxNp08QtqqbXQvIevRZj8In/Nf5BA4uQdbu65y3l/YBMZzsROtBY7j9F40YfBzUuMxN0t0ChaugpDGClYoeyoqLH1ioqShTVZDoWErUUTKHp0CXay1U9dBo2uvCSev5OE3DcPeEEmZ3PSnBaYGPb3oYmEP89fAUx9guJQHZeu+i+vr4bRwAAAAA==[0m[Pipeline] junit
Recording test results
[8mha:////4JIK6qHrK0Ynyr71rdSc7voLG7fayfR7yxCA15E8aoSFAAAAph+LCAAAAAAAAP9tjTEOwjAQBC+JKGgpeYQjJKBBqWitNLzA2MbYse6C7eBUvIiv8QeiRKJii9XONvP+wCoGaCgY5jR2FqO0rPeDmRbLFLqbp8wcXZkkjOQ1a3VuSenzgi0lDUuKEioOa43SU7RoEmy4E09Re4GmvqQwfScOpVUPeEHBJ3MSIc0wBtjeBxUJf56/Ahj7BNXusJ/72H8BbPyr+sAAAAA=[0m[Pipeline] archiveArtifacts
Skipped archiving because build is not successful
[8mha:////4Dxz0nZk3yPIc8F7Znfzp/SXZ1c41u6Ne19fhsAY4Hi3AAAAph+LCAAAAAAAAP9tjTEOwjAQBC+JKGgpeYQjJBAFSkVrpeEFxjbGjnUXbAen4kV8jT8QJRIVW6x2tpn3B1YxQEPBMKexsxilZb0fzLRYptDdPGXm6MokYSSvWatzS0qfF2wpaVhSlFBxWGuUnqJFk2DDnXiK2gs09SWF6TtxKK16wAsKPpmTCGmGMcD2PqhI+PP8FcDYJ6h2h/3cx/4LLc2w48AAAAA=[0m[Pipeline] emailext
Sending email to: wcaquino+jenkins@gmail.com
Connection error sending email, retrying once more in 10 seconds...
Connection error sending email, retrying once more in 10 seconds...
Failed after second try sending email
[8mha:////4JvFCg1WT2m9WmM2hDAGc8uCOb6iDLujGHycwjz9GXJmAAAAph+LCAAAAAAAAP9tjbEKwjAURV9bHFwd/YgUQUGQTq6hi18QkxiThvdqkppOfpG/5j9YWnDyDpd77nLeH1jFAA0Fw5zGzmKUlvV+MNNimUJ385SZoyuThJG8Zq3OLSl9XrClpGFJUULFYa1ReooWTYINd+Ipai/Q1JcUpu/EobTqAS8o+GROIqQZxgDb+6Ai4c/zVwBj3yeodofj3PsvUS3zKsAAAAA=[0m[Pipeline] }
[8mha:////4On3GwvIkTNTJw16ipyMfmzON3SRcyrITRp7fqWasJfEAAAAph+LCAAAAAAAAP9tjTEOwjAQBC+JKGgpeYQjhCgQSkVrpeEFxjbGjnUXbAen4kV8jT8QJRIVW6x2tpn3B1YxQEPBMKexsxilZb0fzLRYptDdPGXm6MokYSSvWatzS0qfF2wpaVhSlFBxWGuUnqJFk2DDnXiK2gs09SWF6TtxKK16wAsKPpmTCGmGMcD2PqhI+PP8FcDY9wmq3eE49/4LRrPgEsAAAAA=[0m[Pipeline] // stage
[8mha:////4OEpxnDSC7598EYgVJmW/u0gNpz6nVddQ0QTaYgprcYZAAAAph+LCAAAAAAAAP9tjbEOgjAURR8QB1dHP6LIYmIMk2vD4hdUWmuheQ/bhzD5Rf6a/2AjiZN3uucs5/WGVQxQU7CiM9g7jK0Tgx9temKi0F89TaKji2gJI3kjGjM1pM1pwYbYwLIsh0LC2mDrKTq0DBvZqYcqvUJbnjkkd5SQO32HJ2QylVkF/sIcYHsbdST8df4GYB4GhqLa7xjy6vABBQujRr8AAAA=[0m[Pipeline] }
[8mha:////4EG3NMD0UrYZvS8uouzWxYxaDC7gdXZIDEs11A4toqubAAAAph+LCAAAAAAAAP9tjTEOwjAQBC+JKGgpeYSjNAgJUdFaaXiBiY1xYt0Z+4JT8SK+xh+IiETFVjvTzOsNqxThSNGK3uDgMHVOBD/a+YlMcbh6yqKni+gIE3kjWpNb0ua0YEtsYFlRQiVhbbDzlBxaho3s1UPVXqGtzxxnd5BQOn2HJxRyLrOK/IUpwvY26kT46/wNwBQCQ9XsGoay2X8ANuj4+r8AAAA=[0m[Pipeline] // withEnv
[8mha:////4JsMkhFgLC6MJPpr4Zw6+hTInq8O/x734xs2XoStlMraAAAApR+LCAAAAAAAAP9tjTEOwjAQBC+JKGgpeYSjUNAgKlorDS8wsTFOrDtjX3AqXsTX+AMRkajYameaeb1hlSIcKVrRGxwcps6J4Ec7P5EpDldPWfR0ER1hIm9Ea3JL2pwWbIkNLCtKqCSsDXaekkPLsJG9eqjaK7T1mePsDhJKp+/whELOZVaRvzBF2N5GnQh/nb8BmEJgqJr9jqFsmg88IrAFvwAAAA==[0m[Pipeline] }
[8mha:////4LLrYZDx7A6NY5FGuW1SE6uh0kux/OdmQR+yHxT30PS2AAAAph+LCAAAAAAAAP9tjbEOgjAURR8QB1dHP6JITFwMk2vD4hdUWmuheQ/bhzD5Rf6a/2AjiZN3uucs5/WGVQxQU7CiM9g7jK0Tgx9temKi0F89TaKji2gJI3kjGjM1pM1pwYbYwLIsh0LC2mDrKTq0DBvZqYcqvUJbnjkkd5SQO32HJ2QylVkF/sIcYHsbdST8df4GYB4GhqI67BnyavcBD8Hrub8AAAA=[0m[Pipeline] // withEnv
[8mha:////4OLR85SrXuSHN9VxRKKbAbOVMHRyo7DT6bVGLEFmwFdfAAAApR+LCAAAAAAAAP9tjTEOwjAQBC+JKGgpeYQjpIgGUdFaaXiBiY1xYt0Z+4JT8SK+xh+IiETFVjvTzOsNqxThSNGK3uDgMHVOBD/a+YlMcbh6yqKni+gIE3kjWpNb0ua0YEtsYFlRQiVhbbDzlBxaho3s1UPVXqGtzxxnd5BQOn2HJxRyLrOK/IUpwvY26kT46/wNwBQCQ7XbNwxF8wE8DRhrvgAAAA==[0m[Pipeline] }
[8mha:////4I+OdNyE1XqiXypQQHtJ+Y0uAg/uOPOfUCyVTvQoRhf2AAAApR+LCAAAAAAAAP9tjTEOwjAQBM+JKGgpeYQjhKBBVLRWGl5gHGOcWHfBvuBUvIiv8QciIlGx1c4083rDIkU4UnSytdh5TMbLPgxuejJT7K6BsmzpIg1homBlbXNNjT3NWBNbmCcKKBUsLZpAyaNjWKlWP3QVNLrqzHFyBwWFb+7wBKGmMuvIXxgjrG9Dkwh/nb8BGPueodzsdwxi+wEvsRzIvgAAAA==[0m[Pipeline] // node
[8mha:////4HyUVI8pbgXP8V7/rX/dZNkWNk4qdE3koV8t+2ILU/pnAAAApB+LCAAAAAAAAP9tjTEOwjAQBC+JKGgpeYQjKNIgKlorDS8wsTFOrDtjX3AqXsTX+AMRkajYameaeb1hlSIcKVrRGxwcps6J4Ec7P5EpDldPWfR0ER1hIm9Ea3JL2pwWbIkNLCtKqCSsDXaekkPLsJG9eqjaK7T1mePsDhJKp+/whELOZVaRvzBF2N5GnQh/nb8BmEJgqHZNw1DsP2n7u/i+AAAA[0m[Pipeline] End of Pipeline
ERROR: script returned exit code 126
Finished: FAILURE
